{
  "count": 90,
  "regions": [
    {
      "id": 36,
      "start_key": "7480000000000000FF1100000000000000F8",
      "end_key": "7480000000000000FF1300000000000000F8",
      "epoch": {
        "conf_ver": 5,
        "version": 9
      },
      "peers": [
        {
          "id": 37,
          "store_id": 1
        },
        {
          "id": 38,
          "store_id": 4
        },
        {
          "id": 39,
          "store_id": 5
        }
      ],
      "leader": {
        "id": 38,
        "store_id": 4
      },
      "approximate_size": 1,
      "approximate_keys": 148383
    },
    {
      "id": 1009,
      "start_key": "7480000000000000FF2B5F728000000000FF0130960000000000FA",
      "end_key": "7480000000000000FF2B5F728000000000FF0283DB0000000000FA",
      "epoch": {
        "conf_ver": 5,
        "version": 23
      },
      "peers": [
        {
          "id": 1010,
          "store_id": 1
        },
        {
          "id": 1011,
          "store_id": 4
        },
        {
          "id": 1012,
          "store_id": 5
        }
      ],
      "leader": {
        "id": 1011,
        "store_id": 4
      },
      "written_bytes": 1770943,
      "read_bytes": 307755,
      "written_keys": 7167,
      "read_keys": 6839,
      "approximate_size": 116,
      "approximate_keys": 144779
    },
    {
      "id": 1045,
      "start_key": "7480000000000000FF2B5F728000000000FF0BCABE0000000000FA",
      "end_key": "7480000000000000FF2B5F728000000000FF0D1E030000000000FA",
      "epoch": {
        "conf_ver": 5,
        "version": 31
      },
      "peers": [
        {
          "id": 1046,
          "store_id": 1
        },
        {
          "id": 1047,
          "store_id": 4
        },
        {
          "id": 1048,
          "store_id": 5
        }
      ],
      "leader": {
        "id": 1048,
        "store_id": 5
      },
      "written_bytes": 3931873,
      "read_bytes": 674685,
      "written_keys": 14278,
      "read_keys": 14993,
      "approximate_size": 120,
      "approximate_keys": 70462
    },
    {
      "id": 2001,
      "start_key": "7480000000000000FF2B5F728000000000FF1D061D0000000000FA",
      "end_key": "7480000000000000FF2D00000000000000F8",
      "epoch": {
        "conf_ver": 5,
        "version": 44
      },
      "peers": [
        {
          "id": 2002,
          "store_id": 1
        },
        {
          "id": 2003,
          "store_id": 4
        },
        {
          "id": 2004,
          "store_id": 5
        }
      ],
      "leader": {
        "id": 2004,
        "store_id": 5
      },
      "written_bytes": 1905558,
      "read_bytes": 341235,
      "written_keys": 7499,
      "read_keys": 7583,
      "approximate_size": 135,
      "approximate_keys": 108897
    },
    {
      "id": 2073,
      "start_key": "7480000000000000FF2D5F728000000000FF13B8B60000000000FA",
      "end_key": "7480000000000000FF2D5F728000000000FF150BFE0000000000FA",
      "epoch": {
        "conf_ver": 5,
        "version": 60
      },
      "peers": [
        {
          "id": 2074,
          "store_id": 1
        },
        {
          "id": 2075,
          "store_id": 4
        },
        {
          "id": 2076,
          "store_id": 5
        }
      ],
      "leader": {
        "id": 2075,
        "store_id": 4
      },
      "written_bytes": 5308,
      "read_bytes": 630,
      "written_keys": 24,
      "read_keys": 14,
      "approximate_size": 116,
      "approximate_keys": 112281
    },
    {
      "id": 2109,
      "start_key": "7480000000000000FF2B5F728000000000FF0F26180000000000FA",
      "end_key": "7480000000000000FF2B5F728000000000FF0F4A9D0000000000FA",
      "epoch": {
        "conf_ver": 5,
        "version": 35
      },
      "peers": [
        {
          "id": 2110,
          "store_id": 1
        },
        {
          "id": 2111,
          "store_id": 4
        },
        {
          "id": 2112,
          "store_id": 5
        }
      ],
      "leader": {
        "id": 2111,
        "store_id": 4
      },
      "written_bytes": 5002785,
      "read_bytes": 878805,
      "written_keys": 18221,
      "read_keys": 19529,
      "approximate_size": 43,
      "approximate_keys": 38513
    },
    {
      "id": 2121,
      "start_key": "7480000000000000FF2D5F728000000000FF0EF3990000000000FA",
      "end_key": "7480000000000000FF2D5F728000000000FF0F4A0B0000000000FA",
      "epoch": {
        "conf_ver": 5,
        "version": 60
      },
      "peers": [
        {
          "id": 2122,
          "store_id": 1
        },
        {
          "id": 2123,
          "store_id": 4
        },
        {
          "id": 2124,
          "store_id": 5
        }
      ],
      "leader": {
        "id": 2124,
        "store_id": 5
      },
      "written_bytes": 5280,
      "read_bytes": 1125,
      "written_keys": 23,
      "read_keys": 25,
      "approximate_size": 100,
      "approximate_keys": 126749
    },
    {
      "id": 3041,
      "start_key": "7480000000000000FF2B5F728000000000FF126B170000000000FA",
      "end_key": "7480000000000000FF2B5F728000000000FF1344E30000000000FA",
      "epoch": {
        "conf_ver": 5,
        "version": 37
      },
      "peers": [
        {
          "id": 3042,
          "store_id": 1
        },
        {
          "id": 3043,
          "store_id": 4
        },
        {
          "id": 3044,
          "store_id": 5
        }
      ],
      "leader": {
        "id": 3042,
        "store_id": 1
      },
      "written_bytes": 2343033,
      "read_bytes": 395415,
      "written_keys": 9534,
      "read_keys": 8787,
      "approximate_size": 78,
      "approximate_keys": 82045
    },
    {
      "id": 8,
      "start_key": "",
      "end_key": "7480000000000000FF0500000000000000F8",
      "epoch": {
        "conf_ver": 5,
        "version": 2
      },
      "peers": [
        {
          "id": 9,
          "store_id": 1
        },
        {
          "id": 10,
          "store_id": 4
        },
        {
          "id": 11,
          "store_id": 5
        }
      ],
      "leader": {
        "id": 10,
        "store_id": 4
      },
      "read_bytes": 201,
      "read_keys": 3,
      "approximate_size": 1,
      "approximate_keys": 1
    },
    {
      "id": 12,
      "start_key": "7480000000000000FF0500000000000000F8",
      "end_key": "7480000000000000FF0700000000000000F8",
      "epoch": {
        "conf_ver": 5,
        "version": 3
      },
      "peers": [
        {
          "id": 13,
          "store_id": 1
        },
        {
          "id": 14,
          "store_id": 4
        },
        {
          "id": 15,
          "store_id": 5
        }
      ],
      "leader": {
        "id": 15,
        "store_id": 5
      },
      "approximate_size": 1,
      "approximate_keys": 148391
    },
    {
      "id": 68,
      "start_key": "7480000000000000FF2100000000000000F8",
      "end_key": "7480000000000000FF2300000000000000F8",
      "epoch": {
        "conf_ver": 5,
        "version": 17
      },
      "peers": [
        {
          "id": 69,
          "store_id": 1
        },
        {
          "id": 70,
          "store_id": 4
        },
        {
          "id": 71,
          "store_id": 5
        }
      ],
      "leader": {
        "id": 71,
        "store_id": 5
      },
      "approximate_size": 1,
      "approximate_keys": 148391
    },
    {
      "id": 1053,
      "start_key": "7480000000000000FF2B5F728000000000FF0F4A9D0000000000FA",
      "end_key": "7480000000000000FF2B5F728000000000FF0FC48D0000000000FA",
      "epoch": {
        "conf_ver": 5,
        "version": 34
      },
      "peers": [
        {
          "id": 1054,
          "store_id": 1
        },
        {
          "id": 1055,
          "store_id": 4
        },
        {
          "id": 1056,
          "store_id": 5
        }
      ],
      "leader": {
        "id": 1055,
        "store_id": 4
      },
      "written_bytes": 5403366,
      "read_bytes": 906390,
      "written_keys": 19511,
      "read_keys": 20142,
      "approximate_size": 67,
      "approximate_keys": 82221
    },
    {
      "id": 1081,
      "start_key": "7480000000000000FF2B5F728000000000FF1665510000000000FA",
      "end_key": "7480000000000000FF2B5F728000000000FF17B8F90000000000FA",
      "epoch": {
        "conf_ver": 5,
        "version": 39
      },
      "peers": [
        {
          "id": 1082,
          "store_id": 1
        },
        {
          "id": 1083,
          "store_id": 4
        },
        {
          "id": 1084,
          "store_id": 5
        }
      ],
      "leader": {
        "id": 1083,
        "store_id": 4
      },
      "written_bytes": 2410095,
      "read_bytes": 410310,
      "written_keys": 9533,
      "read_keys": 9118,
      "approximate_size": 111,
      "approximate_keys": 110049
    },
    {
      "id": 2057,
      "start_key": "7480000000000000FF2D5F728000000000FF1092C90000000000FA",
      "end_key": "7480000000000000FF2D5F728000000000FF11122C0000000000FA",
      "epoch": {
        "conf_ver": 5,
        "version": 58
      },
      "peers": [
        {
          "id": 2058,
          "store_id": 1
        },
        {
          "id": 2059,
          "store_id": 4
        },
        {
          "id": 2060,
          "store_id": 5
        }
      ],
      "leader": {
        "id": 2059,
        "store_id": 4
      },
      "written_bytes": 2654,
      "read_bytes": 225,
      "written_keys": 12,
      "read_keys": 5,
      "approximate_size": 58,
      "approximate_keys": 271448
    },
    {
      "id": 76,
      "start_key": "7480000000000000FF2500000000000000F8",
      "end_key": "7480000000000000FF2700000000000000F8",
      "epoch": {
        "conf_ver": 5,
        "version": 19
      },
      "peers": [
        {
          "id": 77,
          "store_id": 1
        },
        {
          "id": 78,
          "store_id": 4
        },
        {
          "id": 79,
          "store_id": 5
        }
      ],
      "leader": {
        "id": 79,
        "store_id": 5
      },
      "approximate_size": 1,
      "approximate_keys": 148391
    },
    {
      "id": 1093,
      "start_key": "7480000000000000FF2B5F728000000000FF190C4E0000000000FA",
      "end_key": "7480000000000000FF2B5F728000000000FF1A5F930000000000FA",
      "epoch": {
        "conf_ver": 5,
        "version": 41
      },
      "peers": [
        {
          "id": 1094,
          "store_id": 1
        },
        {
          "id": 1095,
          "store_id": 4
        },
        {
          "id": 1096,
          "store_id": 5
        }
      ],
      "leader": {
        "id": 1096,
        "store_id": 5
      },
      "written_bytes": 2141528,
      "read_bytes": 347220,
      "written_keys": 8269,
      "read_keys": 7716,
      "approximate_size": 118,
      "approximate_keys": 163840
    },
    {
      "id": 1097,
      "start_key": "7480000000000000FF2B5F728000000000FF1A5F930000000000FA",
      "end_key": "7480000000000000FF2B5F728000000000FF1BB2D80000000000FA",
      "epoch": {
        "conf_ver": 5,
        "version": 42
      },
      "peers": [
        {
          "id": 1098,
          "store_id": 1
        },
        {
          "id": 1099,
          "store_id": 4
        },
        {
          "id": 1100,
          "store_id": 5
        }
      ],
      "leader": {
        "id": 1100,
        "store_id": 5
      },
      "written_bytes": 1974198,
      "read_bytes": 328455,
      "written_keys": 7729,
      "read_keys": 7299,
      "approximate_size": 107,
      "approximate_keys": 109256
    },
    {
      "id": 2125,
      "start_key": "7480000000000000FF2D5F728000000000FF0FBEE70000000000FA",
      "end_key": "7480000000000000FF2D5F728000000000FF1092C90000000000FA",
      "epoch": {
        "conf_ver": 5,
        "version": 58
      },
      "peers": [
        {
          "id": 2126,
          "store_id": 1
        },
        {
          "id": 2127,
          "store_id": 4
        },
        {
          "id": 2128,
          "store_id": 5
        }
      ],
      "leader": {
        "id": 2127,
        "store_id": 4
      },
      "written_bytes": 2654,
      "read_bytes": 630,
      "written_keys": 12,
      "read_keys": 14,
      "approximate_size": 85,
      "approximate_keys": 81921
    },
    {
      "id": 2129,
      "start_key": "7480000000000000FF2B5F728000000000FF0D1E030000000000FA",
      "end_key": "7480000000000000FF2B5F728000000000FF0DFF870000000000FA",
      "epoch": {
        "conf_ver": 5,
        "version": 33
      },
      "peers": [
        {
          "id": 2130,
          "store_id": 1
        },
        {
          "id": 2131,
          "store_id": 4
        },
        {
          "id": 2132,
          "store_id": 5
        }
      ],
      "leader": {
        "id": 2130,
        "store_id": 1
      },
      "written_bytes": 3430364,
      "read_bytes": 584010,
      "written_keys": 13321,
      "read_keys": 12978,
      "approximate_size": 81,
      "approximate_keys": 83057
    },
    {
      "id": 1001,
      "start_key": "7480000000000000FF2900000000000000F8",
      "end_key": "7480000000000000FF2B00000000000000F8",
      "epoch": {
        "conf_ver": 5,
        "version": 21
      },
      "peers": [
        {
          "id": 1002,
          "store_id": 1
        },
        {
          "id": 1003,
          "store_id": 4
        },
        {
          "id": 1004,
          "store_id": 5
        }
      ],
      "leader": {
        "id": 1002,
        "store_id": 1
      },
      "approximate_size": 1,
      "approximate_keys": 148383
    },
    {
      "id": 1077,
      "start_key": "7480000000000000FF2B5F728000000000FF1511A50000000000FA",
      "end_key": "7480000000000000FF2B5F728000000000FF1665510000000000FA",
      "epoch": {
        "conf_ver": 5,
        "version": 38
      },
      "peers": [
        {
          "id": 1078,
          "store_id": 1
        },
        {
          "id": 1079,
          "store_id": 4
        },
        {
          "id": 1080,
          "store_id": 5
        }
      ],
      "leader": {
        "id": 1078,
        "store_id": 1
      },
      "written_bytes": 2626816,
      "read_bytes": 444015,
      "written_keys": 10491,
      "read_keys": 9867,
      "approximate_size": 113,
      "approximate_keys": 122987
    },
    {
      "id": 2045,
      "start_key": "7480000000000000FF2D5F728000000000FF0CAA240000000000FA",
      "end_key": "7480000000000000FF2D5F728000000000FF0D185D0000000000FA",
      "epoch": {
        "conf_ver": 5,
        "version": 55
      },
      "peers": [
        {
          "id": 2046,
          "store_id": 1
        },
        {
          "id": 2047,
          "store_id": 4
        },
        {
          "id": 2048,
          "store_id": 5
        }
      ],
      "leader": {
        "id": 2047,
        "store_id": 4
      },
      "written_bytes": 3953,
      "read_bytes": 360,
      "written_keys": 17,
      "read_keys": 8,
      "approximate_size": 48,
      "approximate_keys": 43476
    },
    {
      "id": 2053,
      "start_key": "7480000000000000FF2D5F728000000000FF0F4A0B0000000000FA",
      "end_key": "7480000000000000FF2D5F728000000000FF0FBEE70000000000FA",
      "epoch": {
        "conf_ver": 5,
        "version": 57
      },
      "peers": [
        {
          "id": 2054,
          "store_id": 1
        },
        {
          "id": 2055,
          "store_id": 4
        },
        {
          "id": 2056,
          "store_id": 5
        }
      ],
      "leader": {
        "id": 2055,
        "store_id": 4
      },
      "read_bytes": 585,
      "read_keys": 13,
      "approximate_size": 117,
      "approximate_keys": 122881
    },
    {
      "id": 2093,
      "start_key": "7480000000000000FF2D5F728000000000FF1906A80000000000FA",
      "end_key": "7480000000000000FF2D5F728000000000FF1A59ED0000000000FA",
      "epoch": {
        "conf_ver": 5,
        "version": 64
      },
      "peers": [
        {
          "id": 2094,
          "store_id": 1
        },
        {
          "id": 2095,
          "store_id": 4
        },
        {
          "id": 2096,
          "store_id": 5
        }
      ],
      "leader": {
        "id": 2095,
        "store_id": 4
      },
      "written_bytes": 1327,
      "read_bytes": 315,
      "written_keys": 6,
      "read_keys": 7,
      "approximate_size": 108,
      "approximate_keys": 81920
    },
    {
      "id": 2113,
      "start_key": "7480000000000000FF2B5F728000000000FF0FC48D0000000000FA",
      "end_key": "7480000000000000FF2B5F728000000000FF109B8A0000000000FA",
      "epoch": {
        "conf_ver": 5,
        "version": 35
      },
      "peers": [
        {
          "id": 2114,
          "store_id": 1
        },
        {
          "id": 2115,
          "store_id": 4
        },
        {
          "id": 2116,
          "store_id": 5
        }
      ],
      "leader": {
        "id": 2115,
        "store_id": 4
      },
      "written_bytes": 4381882,
      "read_bytes": 764190,
      "written_keys": 16141,
      "read_keys": 16982,
      "approximate_size": 94,
      "approximate_keys": 117412
    },
    {
      "id": 72,
      "start_key": "7480000000000000FF2300000000000000F8",
      "end_key": "7480000000000000FF2500000000000000F8",
      "epoch": {
        "conf_ver": 5,
        "version": 18
      },
      "peers": [
        {
          "id": 73,
          "store_id": 1
        },
        {
          "id": 74,
          "store_id": 4
        },
        {
          "id": 75,
          "store_id": 5
        }
      ],
      "leader": {
        "id": 75,
        "store_id": 5
      },
      "approximate_size": 1,
      "approximate_keys": 148391
    },
    {
      "id": 80,
      "start_key": "7480000000000000FF2700000000000000F8",
      "end_key": "7480000000000000FF2900000000000000F8",
      "epoch": {
        "conf_ver": 5,
        "version": 20
      },
      "peers": [
        {
          "id": 81,
          "store_id": 1
        },
        {
          "id": 82,
          "store_id": 4
        },
        {
          "id": 83,
          "store_id": 5
        }
      ],
      "leader": {
        "id": 82,
        "store_id": 4
      },
      "approximate_size": 1,
      "approximate_keys": 148383
    },
    {
      "id": 1049,
      "start_key": "7480000000000000FF2B5F728000000000FF0DFF870000000000FA",
      "end_key": "7480000000000000FF2B5F728000000000FF0E71480000000000FA",
      "epoch": {
        "conf_ver": 5,
        "version": 33
      },
      "peers": [
        {
          "id": 1050,
          "store_id": 1
        },
        {
          "id": 1051,
          "store_id": 4
        },
        {
          "id": 1052,
          "store_id": 5
        }
      ],
      "leader": {
        "id": 1052,
        "store_id": 5
      },
      "written_bytes": 2171906,
      "read_bytes": 371205,
      "written_keys": 8405,
      "read_keys": 8249,
      "approximate_size": 47,
      "approximate_keys": 40960
    },
    {
      "id": 2021,
      "start_key": "7480000000000000FF2D5F728000000000FF06027A0000000000FA",
      "end_key": "7480000000000000FF2D5F728000000000FF0678040000000000FA",
      "epoch": {
        "conf_ver": 5,
        "version": 50
      },
      "peers": [
        {
          "id": 2022,
          "store_id": 1
        },
        {
          "id": 2023,
          "store_id": 4
        },
        {
          "id": 2024,
          "store_id": 5
        }
      ],
      "leader": {
        "id": 2024,
        "store_id": 5
      },
      "written_bytes": 1327,
      "read_bytes": 135,
      "written_keys": 6,
      "read_keys": 3,
      "approximate_size": 37,
      "approximate_keys": 40964
    },
    {
      "id": 2037,
      "start_key": "7480000000000000FF2D5F698000000000FF0000010175736572FF38313635FF383933FF3432333932FF3434FF393636303700FE00FE",
      "end_key": "7480000000000000FF2D5F728000000000FF007A6A0000000000FA",
      "epoch": {
        "conf_ver": 5,
        "version": 47
      },
      "peers": [
        {
          "id": 2038,
          "store_id": 1
        },
        {
          "id": 2039,
          "store_id": 4
        },
        {
          "id": 2040,
          "store_id": 5
        }
      ],
      "leader": {
        "id": 2038,
        "store_id": 1
      },
      "read_bytes": 947,
      "read_keys": 12,
      "approximate_size": 66,
      "approximate_keys": 233444
    },
    {
      "id": 2065,
      "start_key": "7480000000000000FF2D5F728000000000FF1344110000000000FA",
      "end_key": "7480000000000000FF2D5F728000000000FF13B8B60000000000FA",
      "epoch": {
        "conf_ver": 5,
        "version": 60
      },
      "peers": [
        {
          "id": 2066,
          "store_id": 1
        },
        {
          "id": 2067,
          "store_id": 4
        },
        {
          "id": 2068,
          "store_id": 5
        }
      ],
      "leader": {
        "id": 2066,
        "store_id": 1
      },
      "written_bytes": 1339,
      "read_bytes": 90,
      "written_keys": 6,
      "read_keys": 2,
      "approximate_size": 48,
      "approximate_keys": 48794
    },
    {
      "id": 2085,
      "start_key": "7480000000000000FF2D00000000000000F8",
      "end_key": "7480000000000000FF2D5F698000000000FF0000010175736572FF36313438FF303433FF3239363037FF3532FF333137393300FE00FE",
      "epoch": {
        "conf_ver": 5,
        "version": 48
      },
      "peers": [
        {
          "id": 2086,
          "store_id": 1
        },
        {
          "id": 2087,
          "store_id": 4
        },
        {
          "id": 2088,
          "store_id": 5
        }
      ],
      "leader": {
        "id": 2087,
        "store_id": 4
      },
      "read_bytes": 16974,
      "read_keys": 207,
      "approximate_size": 100,
      "approximate_keys": 1280463
    },
    {
      "id": 1057,
      "start_key": "7480000000000000FF2B5F728000000000FF109B8A0000000000FA",
      "end_key": "7480000000000000FF2B5F728000000000FF1117D20000000000FA",
      "epoch": {
        "conf_ver": 5,
        "version": 35
      },
      "peers": [
        {
          "id": 1058,
          "store_id": 1
        },
        {
          "id": 1059,
          "store_id": 4
        },
        {
          "id": 1060,
          "store_id": 5
        }
      ],
      "leader": {
        "id": 1060,
        "store_id": 5
      },
      "written_bytes": 1958098,
      "read_bytes": 333360,
      "written_keys": 7645,
      "read_keys": 7408,
      "approximate_size": 48,
      "approximate_keys": 40960
    },
    {
      "id": 1065,
      "start_key": "7480000000000000FF2B5F728000000000FF1344E30000000000FA",
      "end_key": "7480000000000000FF2B5F728000000000FF13BE5C0000000000FA",
      "epoch": {
        "conf_ver": 5,
        "version": 37
      },
      "peers": [
        {
          "id": 1066,
          "store_id": 1
        },
        {
          "id": 1067,
          "store_id": 4
        },
        {
          "id": 1068,
          "store_id": 5
        }
      ],
      "leader": {
        "id": 1067,
        "store_id": 4
      },
      "written_bytes": 1111464,
      "read_bytes": 196695,
      "written_keys": 4679,
      "read_keys": 4371,
      "approximate_size": 47,
      "approximate_keys": 40960
    },
    {
      "id": 3009,
      "start_key": "7480000000000000FF2D5F728000000000FF0A71D30000000000FA",
      "end_key": "7480000000000000FF2D5F728000000000FF0B52000000000000FA",
      "epoch": {
        "conf_ver": 5,
        "version": 54
      },
      "peers": [
        {
          "id": 3010,
          "store_id": 1
        },
        {
          "id": 3011,
          "store_id": 4
        },
        {
          "id": 3012,
          "store_id": 5
        }
      ],
      "leader": {
        "id": 3010,
        "store_id": 1
      },
      "written_bytes": 1327,
      "read_bytes": 360,
      "written_keys": 6,
      "read_keys": 8,
      "approximate_size": 77,
      "approximate_keys": 81920
    },
    {
      "id": 3021,
      "start_key": "7480000000000000FF2D5F728000000000FF0524BF0000000000FA",
      "end_key": "7480000000000000FF2D5F728000000000FF06027A0000000000FA",
      "epoch": {
        "conf_ver": 5,
        "version": 50
      },
      "peers": [
        {
          "id": 3022,
          "store_id": 1
        },
        {
          "id": 3023,
          "store_id": 4
        },
        {
          "id": 3024,
          "store_id": 5
        }
      ],
      "leader": {
        "id": 3023,
        "store_id": 4
      },
      "written_bytes": 1339,
      "read_bytes": 315,
      "written_keys": 6,
      "read_keys": 7,
      "approximate_size": 79,
      "approximate_keys": 81920
    },
    {
      "id": 1021,
      "start_key": "7480000000000000FF2B5F728000000000FF052A650000000000FA",
      "end_key": "7480000000000000FF2B5F728000000000FF067DAA0000000000FA",
      "epoch": {
        "conf_ver": 5,
        "version": 26
      },
      "peers": [
        {
          "id": 1022,
          "store_id": 1
        },
        {
          "id": 1023,
          "store_id": 4
        },
        {
          "id": 1024,
          "store_id": 5
        }
      ],
      "leader": {
        "id": 1024,
        "store_id": 5
      },
      "written_bytes": 2114184,
      "read_bytes": 359685,
      "written_keys": 8197,
      "read_keys": 7993,
      "approximate_size": 129,
      "approximate_keys": 124473
    },
    {
      "id": 1025,
      "start_key": "7480000000000000FF2B5F728000000000FF067DAA0000000000FA",
      "end_key": "7480000000000000FF2B5F728000000000FF07D0EF0000000000FA",
      "epoch": {
        "conf_ver": 5,
        "version": 27
      },
      "peers": [
        {
          "id": 1026,
          "store_id": 1
        },
        {
          "id": 1027,
          "store_id": 4
        },
        {
          "id": 1028,
          "store_id": 5
        }
      ],
      "leader": {
        "id": 1026,
        "store_id": 1
      },
      "written_bytes": 2329931,
      "read_bytes": 392445,
      "written_keys": 9403,
      "read_keys": 8721,
      "approximate_size": 110,
      "approximate_keys": 113895
    },
    {
      "id": 1033,
      "start_key": "7480000000000000FF2B5F728000000000FF0924340000000000FA",
      "end_key": "7480000000000000FF2B5F728000000000FF0A77790000000000FA",
      "epoch": {
        "conf_ver": 5,
        "version": 29
      },
      "peers": [
        {
          "id": 1034,
          "store_id": 1
        },
        {
          "id": 1035,
          "store_id": 4
        },
        {
          "id": 1036,
          "store_id": 5
        }
      ],
      "leader": {
        "id": 1036,
        "store_id": 5
      },
      "written_bytes": 2773945,
      "read_bytes": 481320,
      "written_keys": 10478,
      "read_keys": 10696,
      "approximate_size": 112,
      "approximate_keys": 109271
    },
    {
      "id": 2041,
      "start_key": "7480000000000000FF2D5F728000000000FF0B52000000000000FA",
      "end_key": "7480000000000000FF2D5F728000000000FF0BC5180000000000FA",
      "epoch": {
        "conf_ver": 5,
        "version": 54
      },
      "peers": [
        {
          "id": 2042,
          "store_id": 1
        },
        {
          "id": 2043,
          "store_id": 4
        },
        {
          "id": 2044,
          "store_id": 5
        }
      ],
      "leader": {
        "id": 2043,
        "store_id": 4
      },
      "written_bytes": 2626,
      "read_bytes": 225,
      "written_keys": 11,
      "read_keys": 5,
      "approximate_size": 40,
      "approximate_keys": 40960
    },
    {
      "id": 44,
      "start_key": "7480000000000000FF1500000000000000F8",
      "end_key": "7480000000000000FF1700000000000000F8",
      "epoch": {
        "conf_ver": 5,
        "version": 11
      },
      "peers": [
        {
          "id": 45,
          "store_id": 1
        },
        {
          "id": 46,
          "store_id": 4
        },
        {
          "id": 47,
          "store_id": 5
        }
      ],
      "leader": {
        "id": 45,
        "store_id": 1
      },
      "read_bytes": 11937800,
      "read_keys": 1308,
      "approximate_size": 1,
      "approximate_keys": 210
    },
    {
      "id": 60,
      "start_key": "7480000000000000FF1D00000000000000F8",
      "end_key": "7480000000000000FF1F00000000000000F8",
      "epoch": {
        "conf_ver": 5,
        "version": 15
      },
      "peers": [
        {
          "id": 61,
          "store_id": 1
        },
        {
          "id": 62,
          "store_id": 4
        },
        {
          "id": 63,
          "store_id": 5
        }
      ],
      "leader": {
        "id": 62,
        "store_id": 4
      },
      "approximate_size": 1,
      "approximate_keys": 436048
    },
    {
      "id": 1013,
      "start_key": "7480000000000000FF2B5F728000000000FF0283DB0000000000FA",
      "end_key": "7480000000000000FF2B5F728000000000FF03D7200000000000FA",
      "epoch": {
        "conf_ver": 5,
        "version": 24
      },
      "peers": [
        {
          "id": 1014,
          "store_id": 1
        },
        {
          "id": 1015,
          "store_id": 4
        },
        {
          "id": 1016,
          "store_id": 5
        }
      ],
      "leader": {
        "id": 1014,
        "store_id": 1
      },
      "written_bytes": 1874509,
      "read_bytes": 322020,
      "written_keys": 7700,
      "read_keys": 7156,
      "approximate_size": 121,
      "approximate_keys": 115980
    },
    {
      "id": 1037,
      "start_key": "7480000000000000FF2B5F698000000000FF0000010175736572FF38313930FF383835FF3332333232FF3838FF313237383700FE00FE",
      "end_key": "7480000000000000FF2B5F728000000000FF00799F0000000000FA",
      "epoch": {
        "conf_ver": 5,
        "version": 24
      },
      "peers": [
        {
          "id": 1038,
          "store_id": 1
        },
        {
          "id": 1039,
          "store_id": 4
        },
        {
          "id": 1040,
          "store_id": 5
        }
      ],
      "leader": {
        "id": 1040,
        "store_id": 5
      },
      "written_bytes": 633431,
      "read_bytes": 1708970,
      "written_keys": 2715,
      "read_keys": 21915,
      "approximate_size": 62,
      "approximate_keys": 266747
    },
    {
      "id": 1089,
      "start_key": "7480000000000000FF2B5F728000000000FF17B8F90000000000FA",
      "end_key": "7480000000000000FF2B5F728000000000FF190C4E0000000000FA",
      "epoch": {
        "conf_ver": 5,
        "version": 40
      },
      "peers": [
        {
          "id": 1090,
          "store_id": 1
        },
        {
          "id": 1091,
          "store_id": 4
        },
        {
          "id": 1092,
          "store_id": 5
        }
      ],
      "leader": {
        "id": 1090,
        "store_id": 1
      },
      "written_bytes": 2119349,
      "read_bytes": 370215,
      "written_keys": 8652,
      "read_keys": 8227,
      "approximate_size": 108,
      "approximate_keys": 81989
    },
    {
      "id": 2049,
      "start_key": "7480000000000000FF2D5F728000000000FF0DFB1F0000000000FA",
      "end_key": "7480000000000000FF2D5F728000000000FF0E6BA20000000000FA",
      "epoch": {
        "conf_ver": 5,
        "version": 56
      },
      "peers": [
        {
          "id": 2050,
          "store_id": 1
        },
        {
          "id": 2051,
          "store_id": 4
        },
        {
          "id": 2052,
          "store_id": 5
        }
      ],
      "leader": {
        "id": 2050,
        "store_id": 1
      },
      "written_bytes": 2678,
      "read_bytes": 270,
      "written_keys": 12,
      "read_keys": 6,
      "approximate_size": 45,
      "approximate_keys": 82368
    },
    {
      "id": 3029,
      "start_key": "7480000000000000FF2D5F728000000000FF1A59ED0000000000FA",
      "end_key": "7480000000000000FF2D5F728000000000FF1B399B0000000000FA",
      "epoch": {
        "conf_ver": 5,
        "version": 66
      },
      "peers": [
        {
          "id": 3030,
          "store_id": 1
        },
        {
          "id": 3031,
          "store_id": 4
        },
        {
          "id": 3032,
          "store_id": 5
        }
      ],
      "leader": {
        "id": 3032,
        "store_id": 5
      },
      "written_bytes": 1339,
      "read_bytes": 180,
      "written_keys": 6,
      "read_keys": 4,
      "approximate_size": 82,
      "approximate_keys": 67188
    },
    {
      "id": 24,
      "start_key": "7480000000000000FF0B00000000000000F8",
      "end_key": "7480000000000000FF0D00000000000000F8",
      "epoch": {
        "conf_ver": 5,
        "version": 6
      },
      "peers": [
        {
          "id": 25,
          "store_id": 1
        },
        {
          "id": 26,
          "store_id": 4
        },
        {
          "id": 27,
          "store_id": 5
        }
      ],
      "leader": {
        "id": 27,
        "store_id": 5
      },
      "approximate_size": 1,
      "approximate_keys": 148391
    },
    {
      "id": 32,
      "start_key": "7480000000000000FF0F00000000000000F8",
      "end_key": "7480000000000000FF1100000000000000F8",
      "epoch": {
        "conf_ver": 5,
        "version": 8
      },
      "peers": [
        {
          "id": 33,
          "store_id": 1
        },
        {
          "id": 34,
          "store_id": 4
        },
        {
          "id": 35,
          "store_id": 5
        }
      ],
      "leader": {
        "id": 33,
        "store_id": 1
      },
      "written_bytes": 345,
      "read_bytes": 1081,
      "written_keys": 6,
      "read_keys": 16,
      "approximate_size": 1,
      "approximate_keys": 6
    },
    {
      "id": 64,
      "start_key": "7480000000000000FF1F00000000000000F8",
      "end_key": "7480000000000000FF2100000000000000F8",
      "epoch": {
        "conf_ver": 5,
        "version": 16
      },
      "peers": [
        {
          "id": 65,
          "store_id": 1
        },
        {
          "id": 66,
          "store_id": 4
        },
        {
          "id": 67,
          "store_id": 5
        }
      ],
      "leader": {
        "id": 66,
        "store_id": 4
      },
      "approximate_size": 1,
      "approximate_keys": 148383
    },
    {
      "id": 2013,
      "start_key": "7480000000000000FF2D5F728000000000FF027E350000000000FA",
      "end_key": "7480000000000000FF2D5F728000000000FF03D17A0000000000FA",
      "epoch": {
        "conf_ver": 5,
        "version": 47
      },
      "peers": [
        {
          "id": 2014,
          "store_id": 1
        },
        {
          "id": 2015,
          "store_id": 4
        },
        {
          "id": 2016,
          "store_id": 5
        }
      ],
      "leader": {
        "id": 2016,
        "store_id": 5
      },
      "written_bytes": 1327,
      "read_bytes": 225,
      "written_keys": 6,
      "read_keys": 5,
      "approximate_size": 155,
      "approximate_keys": 87875
    },
    {
      "id": 2017,
      "start_key": "7480000000000000FF2D5F728000000000FF03D17A0000000000FA",
      "end_key": "7480000000000000FF2D5F728000000000FF0524BF0000000000FA",
      "epoch": {
        "conf_ver": 5,
        "version": 48
      },
      "peers": [
        {
          "id": 2018,
          "store_id": 1
        },
        {
          "id": 2019,
          "store_id": 4
        },
        {
          "id": 2020,
          "store_id": 5
        }
      ],
      "leader": {
        "id": 2018,
        "store_id": 1
      },
      "read_bytes": 270,
      "read_keys": 6,
      "approximate_size": 106,
      "approximate_keys": 81920
    },
    {
      "id": 2033,
      "start_key": "7480000000000000FF2D5F728000000000FF091E8E0000000000FA",
      "end_key": "7480000000000000FF2D5F728000000000FF0A71D30000000000FA",
      "epoch": {
        "conf_ver": 5,
        "version": 52
      },
      "peers": [
        {
          "id": 2034,
          "store_id": 1
        },
        {
          "id": 2035,
          "store_id": 4
        },
        {
          "id": 2036,
          "store_id": 5
        }
      ],
      "leader": {
        "id": 2034,
        "store_id": 1
      },
      "written_bytes": 1339,
      "read_bytes": 225,
      "written_keys": 6,
      "read_keys": 5,
      "approximate_size": 133,
      "approximate_keys": 146963
    },
    {
      "id": 2069,
      "start_key": "7480000000000000FF2D5F698000000000FF0000010175736572FF36313438FF303433FF3239363037FF3532FF333137393300FE00FE",
      "end_key": "7480000000000000FF2D5F698000000000FF0000010175736572FF38313635FF383933FF3432333932FF3434FF393636303700FE00FE",
      "epoch": {
        "conf_ver": 5,
        "version": 48
      },
      "peers": [
        {
          "id": 2070,
          "store_id": 1
        },
        {
          "id": 2071,
          "store_id": 4
        },
        {
          "id": 2072,
          "store_id": 5
        }
      ],
      "leader": {
        "id": 2071,
        "store_id": 4
      },
      "read_bytes": 3116,
      "read_keys": 38,
      "approximate_size": 40,
      "approximate_keys": 507004
    },
    {
      "id": 2117,
      "start_key": "7480000000000000FF2B5F728000000000FF0E71480000000000FA",
      "end_key": "7480000000000000FF2B5F728000000000FF0F26180000000000FA",
      "epoch": {
        "conf_ver": 5,
        "version": 35
      },
      "peers": [
        {
          "id": 2118,
          "store_id": 1
        },
        {
          "id": 2119,
          "store_id": 4
        },
        {
          "id": 2120,
          "store_id": 5
        }
      ],
      "leader": {
        "id": 2119,
        "store_id": 4
      },
      "written_bytes": 5639297,
      "read_bytes": 991845,
      "written_keys": 20209,
      "read_keys": 22041,
      "approximate_size": 91,
      "approximate_keys": 88432
    },
    {
      "id": 3005,
      "start_key": "7480000000000000FF2D5F728000000000FF1265710000000000FA",
      "end_key": "7480000000000000FF2D5F728000000000FF1344110000000000FA",
      "epoch": {
        "conf_ver": 5,
        "version": 60
      },
      "peers": [
        {
          "id": 3006,
          "store_id": 1
        },
        {
          "id": 3007,
          "store_id": 4
        },
        {
          "id": 3008,
          "store_id": 5
        }
      ],
      "leader": {
        "id": 3008,
        "store_id": 5
      },
      "written_bytes": 2654,
      "read_bytes": 540,
      "written_keys": 12,
      "read_keys": 12,
      "approximate_size": 75,
      "approximate_keys": 40960
    },
    {
      "id": 40,
      "start_key": "7480000000000000FF1300000000000000F8",
      "end_key": "7480000000000000FF1500000000000000F8",
      "epoch": {
        "conf_ver": 5,
        "version": 10
      },
      "peers": [
        {
          "id": 41,
          "store_id": 1
        },
        {
          "id": 42,
          "store_id": 4
        },
        {
          "id": 43,
          "store_id": 5
        }
      ],
      "leader": {
        "id": 42,
        "store_id": 4
      },
      "written_bytes": 1484,
      "read_bytes": 5113,
      "written_keys": 22,
      "read_keys": 73,
      "approximate_size": 1,
      "approximate_keys": 17
    },
    {
      "id": 56,
      "start_key": "7480000000000000FF1B00000000000000F8",
      "end_key": "7480000000000000FF1D00000000000000F8",
      "epoch": {
        "conf_ver": 5,
        "version": 14
      },
      "peers": [
        {
          "id": 57,
          "store_id": 1
        },
        {
          "id": 58,
          "store_id": 4
        },
        {
          "id": 59,
          "store_id": 5
        }
      ],
      "leader": {
        "id": 57,
        "store_id": 1
      },
      "approximate_size": 1,
      "approximate_keys": 536083
    },
    {
      "id": 2009,
      "start_key": "7480000000000000FF2D5F728000000000FF012AF00000000000FA",
      "end_key": "7480000000000000FF2D5F728000000000FF027E350000000000FA",
      "epoch": {
        "conf_ver": 5,
        "version": 46
      },
      "peers": [
        {
          "id": 2010,
          "store_id": 1
        },
        {
          "id": 2011,
          "store_id": 4
        },
        {
          "id": 2012,
          "store_id": 5
        }
      ],
      "leader": {
        "id": 2012,
        "store_id": 5
      },
      "written_bytes": 1327,
      "read_bytes": 450,
      "written_keys": 6,
      "read_keys": 10,
      "approximate_size": 108,
      "approximate_keys": 81920
    },
    {
      "id": 2101,
      "start_key": "7480000000000000FF2D5F728000000000FF1BAD320000000000FA",
      "end_key": "7480000000000000FF2D5F728000000000FF1D00770000000000FA",
      "epoch": {
        "conf_ver": 5,
        "version": 66
      },
      "peers": [
        {
          "id": 2102,
          "store_id": 1
        },
        {
          "id": 2103,
          "store_id": 4
        },
        {
          "id": 2104,
          "store_id": 5
        }
      ],
      "leader": {
        "id": 2104,
        "store_id": 5
      },
      "written_bytes": 2678,
      "read_bytes": 405,
      "written_keys": 12,
      "read_keys": 9,
      "approximate_size": 112,
      "approximate_keys": 130936
    },
    {
      "id": 28,
      "start_key": "7480000000000000FF0D00000000000000F8",
      "end_key": "7480000000000000FF0F00000000000000F8",
      "epoch": {
        "conf_ver": 5,
        "version": 7
      },
      "peers": [
        {
          "id": 29,
          "store_id": 1
        },
        {
          "id": 30,
          "store_id": 4
        },
        {
          "id": 31,
          "store_id": 5
        }
      ],
      "leader": {
        "id": 31,
        "store_id": 5
      },
      "read_bytes": 28268,
      "read_keys": 324,
      "approximate_size": 1,
      "approximate_keys": 148391
    },
    {
      "id": 1101,
      "start_key": "7480000000000000FF2B5F728000000000FF1BB2D80000000000FA",
      "end_key": "7480000000000000FF2B5F728000000000FF1D061D0000000000FA",
      "epoch": {
        "conf_ver": 5,
        "version": 43
      },
      "peers": [
        {
          "id": 1102,
          "store_id": 1
        },
        {
          "id": 1103,
          "store_id": 4
        },
        {
          "id": 1104,
          "store_id": 5
        }
      ],
      "leader": {
        "id": 1103,
        "store_id": 4
      },
      "written_bytes": 1773841,
      "read_bytes": 307845,
      "written_keys": 7182,
      "read_keys": 6841,
      "approximate_size": 106,
      "approximate_keys": 82350
    },
    {
      "id": 2025,
      "start_key": "7480000000000000FF2D5F728000000000FF0678040000000000FA",
      "end_key": "7480000000000000FF2D5F728000000000FF07CB490000000000FA",
      "epoch": {
        "conf_ver": 5,
        "version": 50
      },
      "peers": [
        {
          "id": 2026,
          "store_id": 1
        },
        {
          "id": 2027,
          "store_id": 4
        },
        {
          "id": 2028,
          "store_id": 5
        }
      ],
      "leader": {
        "id": 2027,
        "store_id": 4
      },
      "approximate_size": 111,
      "approximate_keys": 122880
    },
    {
      "id": 2,
      "start_key": "7480000000000000FF2D5F728000000000FF1DFF2E0000000000FA",
      "end_key": "",
      "epoch": {
        "conf_ver": 5,
        "version": 67
      },
      "peers": [
        {
          "id": 3,
          "store_id": 1
        },
        {
          "id": 6,
          "store_id": 4
        },
        {
          "id": 7,
          "store_id": 5
        }
      ],
      "leader": {
        "id": 6,
        "store_id": 4
      },
      "read_bytes": 90,
      "read_keys": 2,
      "approximate_size": 45,
      "approximate_keys": 53132
    },
    {
      "id": 48,
      "start_key": "7480000000000000FF1700000000000000F8",
      "end_key": "7480000000000000FF1900000000000000F8",
      "epoch": {
        "conf_ver": 5,
        "version": 12
      },
      "peers": [
        {
          "id": 49,
          "store_id": 1
        },
        {
          "id": 50,
          "store_id": 4
        },
        {
          "id": 51,
          "store_id": 5
        }
      ],
      "leader": {
        "id": 49,
        "store_id": 1
      },
      "approximate_size": 8,
      "approximate_keys": 2858
    },
    {
      "id": 1017,
      "start_key": "7480000000000000FF2B5F728000000000FF03D7200000000000FA",
      "end_key": "7480000000000000FF2B5F728000000000FF052A650000000000FA",
      "epoch": {
        "conf_ver": 5,
        "version": 25
      },
      "peers": [
        {
          "id": 1018,
          "store_id": 1
        },
        {
          "id": 1019,
          "store_id": 4
        },
        {
          "id": 1020,
          "store_id": 5
        }
      ],
      "leader": {
        "id": 1020,
        "store_id": 5
      },
      "written_bytes": 2050696,
      "read_bytes": 353655,
      "written_keys": 7987,
      "read_keys": 7859,
      "approximate_size": 118,
      "approximate_keys": 82560
    },
    {
      "id": 1061,
      "start_key": "7480000000000000FF2B5F728000000000FF11F3360000000000FA",
      "end_key": "7480000000000000FF2B5F728000000000FF126B170000000000FA",
      "epoch": {
        "conf_ver": 5,
        "version": 36
      },
      "peers": [
        {
          "id": 1062,
          "store_id": 1
        },
        {
          "id": 1063,
          "store_id": 4
        },
        {
          "id": 1064,
          "store_id": 5
        }
      ],
      "leader": {
        "id": 1064,
        "store_id": 5
      },
      "written_bytes": 1397637,
      "read_bytes": 230670,
      "written_keys": 5655,
      "read_keys": 5126,
      "approximate_size": 39,
      "approximate_keys": 52035
    },
    {
      "id": 1085,
      "start_key": "7480000000000000FF2B00000000000000F8",
      "end_key": "7480000000000000FF2B5F698000000000FF0000010175736572FF36313533FF383132FF3433333538FF3733FF313935363000FE00FE",
      "epoch": {
        "conf_ver": 5,
        "version": 25
      },
      "peers": [
        {
          "id": 1086,
          "store_id": 1
        },
        {
          "id": 1087,
          "store_id": 4
        },
        {
          "id": 1088,
          "store_id": 5
        }
      ],
      "leader": {
        "id": 1088,
        "store_id": 5
      },
      "read_bytes": 18804158,
      "read_keys": 229319,
      "approximate_size": 101,
      "approximate_keys": 1288133
    },
    {
      "id": 2077,
      "start_key": "7480000000000000FF2D5F728000000000FF150BFE0000000000FA",
      "end_key": "7480000000000000FF2D5F728000000000FF165FA80000000000FA",
      "epoch": {
        "conf_ver": 5,
        "version": 61
      },
      "peers": [
        {
          "id": 2078,
          "store_id": 1
        },
        {
          "id": 2079,
          "store_id": 4
        },
        {
          "id": 2080,
          "store_id": 5
        }
      ],
      "leader": {
        "id": 2079,
        "store_id": 4
      },
      "written_bytes": 2651,
      "read_bytes": 405,
      "written_keys": 12,
      "read_keys": 9,
      "approximate_size": 125,
      "approximate_keys": 81920
    },
    {
      "id": 2089,
      "start_key": "7480000000000000FF2D5F728000000000FF18926F0000000000FA",
      "end_key": "7480000000000000FF2D5F728000000000FF1906A80000000000FA",
      "epoch": {
        "conf_ver": 5,
        "version": 64
      },
      "peers": [
        {
          "id": 2090,
          "store_id": 1
        },
        {
          "id": 2091,
          "store_id": 4
        },
        {
          "id": 2092,
          "store_id": 5
        }
      ],
      "leader": {
        "id": 2092,
        "store_id": 5
      },
      "read_bytes": 90,
      "read_keys": 2,
      "approximate_size": 48,
      "approximate_keys": 40960
    },
    {
      "id": 20,
      "start_key": "7480000000000000FF0900000000000000F8",
      "end_key": "7480000000000000FF0B00000000000000F8",
      "epoch": {
        "conf_ver": 5,
        "version": 5
      },
      "peers": [
        {
          "id": 21,
          "store_id": 1
        },
        {
          "id": 22,
          "store_id": 4
        },
        {
          "id": 23,
          "store_id": 5
        }
      ],
      "leader": {
        "id": 22,
        "store_id": 4
      },
      "approximate_size": 1,
      "approximate_keys": 436048
    },
    {
      "id": 1005,
      "start_key": "7480000000000000FF2B5F728000000000FF00799F0000000000FA",
      "end_key": "7480000000000000FF2B5F728000000000FF0130960000000000FA",
      "epoch": {
        "conf_ver": 5,
        "version": 23
      },
      "peers": [
        {
          "id": 1006,
          "store_id": 1
        },
        {
          "id": 1007,
          "store_id": 4
        },
        {
          "id": 1008,
          "store_id": 5
        }
      ],
      "leader": {
        "id": 1007,
        "store_id": 4
      },
      "written_bytes": 927926,
      "read_bytes": 157545,
      "written_keys": 3972,
      "read_keys": 3501,
      "approximate_size": 66,
      "approximate_keys": 79376
    },
    {
      "id": 1029,
      "start_key": "7480000000000000FF2B5F728000000000FF07D0EF0000000000FA",
      "end_key": "7480000000000000FF2B5F728000000000FF0924340000000000FA",
      "epoch": {
        "conf_ver": 5,
        "version": 28
      },
      "peers": [
        {
          "id": 1030,
          "store_id": 1
        },
        {
          "id": 1031,
          "store_id": 4
        },
        {
          "id": 1032,
          "store_id": 5
        }
      ],
      "leader": {
        "id": 1030,
        "store_id": 1
      },
      "written_bytes": 2586099,
      "read_bytes": 444285,
      "written_keys": 10345,
      "read_keys": 9873,
      "approximate_size": 111,
      "approximate_keys": 81969
    },
    {
      "id": 1041,
      "start_key": "7480000000000000FF2B5F728000000000FF0A77790000000000FA",
      "end_key": "7480000000000000FF2B5F728000000000FF0BCABE0000000000FA",
      "epoch": {
        "conf_ver": 5,
        "version": 30
      },
      "peers": [
        {
          "id": 1042,
          "store_id": 1
        },
        {
          "id": 1043,
          "store_id": 4
        },
        {
          "id": 1044,
          "store_id": 5
        }
      ],
      "leader": {
        "id": 1042,
        "store_id": 1
      },
      "written_bytes": 3213950,
      "read_bytes": 561555,
      "written_keys": 12593,
      "read_keys": 12479,
      "approximate_size": 116,
      "approximate_keys": 122880
    },
    {
      "id": 1073,
      "start_key": "7480000000000000FF2B5F728000000000FF13BE5C0000000000FA",
      "end_key": "7480000000000000FF2B5F728000000000FF1511A50000000000FA",
      "epoch": {
        "conf_ver": 5,
        "version": 37
      },
      "peers": [
        {
          "id": 1074,
          "store_id": 1
        },
        {
          "id": 1075,
          "store_id": 4
        },
        {
          "id": 1076,
          "store_id": 5
        }
      ],
      "leader": {
        "id": 1074,
        "store_id": 1
      },
      "written_bytes": 2913089,
      "read_bytes": 501120,
      "written_keys": 11520,
      "read_keys": 11136,
      "approximate_size": 120,
      "approximate_keys": 113018
    },
    {
      "id": 3001,
      "start_key": "7480000000000000FF2D5F728000000000FF1D00770000000000FA",
      "end_key": "7480000000000000FF2D5F728000000000FF1DFF2E0000000000FA",
      "epoch": {
        "conf_ver": 5,
        "version": 67
      },
      "peers": [
        {
          "id": 3002,
          "store_id": 1
        },
        {
          "id": 3003,
          "store_id": 4
        },
        {
          "id": 3004,
          "store_id": 5
        }
      ],
      "leader": {
        "id": 3004,
        "store_id": 5
      },
      "written_bytes": 2718,
      "read_bytes": 270,
      "written_keys": 13,
      "read_keys": 6,
      "approximate_size": 119,
      "approximate_keys": 379218
    },
    {
      "id": 2133,
      "start_key": "7480000000000000FF2D5F728000000000FF0D185D0000000000FA",
      "end_key": "7480000000000000FF2D5F728000000000FF0DFB1F0000000000FA",
      "epoch": {
        "conf_ver": 5,
        "version": 56
      },
      "peers": [
        {
          "id": 2134,
          "store_id": 1
        },
        {
          "id": 2135,
          "store_id": 4
        },
        {
          "id": 2136,
          "store_id": 5
        }
      ],
      "leader": {
        "id": 2134,
        "store_id": 1
      },
      "written_bytes": 2666,
      "read_bytes": 360,
      "written_keys": 12,
      "read_keys": 8,
      "approximate_size": 113,
      "approximate_keys": 199366
    },
    {
      "id": 52,
      "start_key": "7480000000000000FF1900000000000000F8",
      "end_key": "7480000000000000FF1B00000000000000F8",
      "epoch": {
        "conf_ver": 5,
        "version": 13
      },
      "peers": [
        {
          "id": 53,
          "store_id": 1
        },
        {
          "id": 54,
          "store_id": 4
        },
        {
          "id": 55,
          "store_id": 5
        }
      ],
      "leader": {
        "id": 54,
        "store_id": 4
      },
      "approximate_size": 1,
      "approximate_keys": 436048
    },
    {
      "id": 2005,
      "start_key": "7480000000000000FF2D5F728000000000FF007A6A0000000000FA",
      "end_key": "7480000000000000FF2D5F728000000000FF012AF00000000000FA",
      "epoch": {
        "conf_ver": 5,
        "version": 46
      },
      "peers": [
        {
          "id": 2006,
          "store_id": 1
        },
        {
          "id": 2007,
          "store_id": 4
        },
        {
          "id": 2008,
          "store_id": 5
        }
      ],
      "leader": {
        "id": 2007,
        "store_id": 4
      },
      "read_bytes": 180,
      "read_keys": 4,
      "approximate_size": 55,
      "approximate_keys": 41614
    },
    {
      "id": 3033,
      "start_key": "7480000000000000FF2D5F728000000000FF0E6BA20000000000FA",
      "end_key": "7480000000000000FF2D5F728000000000FF0EF3990000000000FA",
      "epoch": {
        "conf_ver": 5,
        "version": 59
      },
      "peers": [
        {
          "id": 3034,
          "store_id": 1
        },
        {
          "id": 3035,
          "store_id": 4
        },
        {
          "id": 3036,
          "store_id": 5
        }
      ],
      "leader": {
        "id": 3034,
        "store_id": 1
      },
      "written_bytes": 2678,
      "read_bytes": 630,
      "written_keys": 12,
      "read_keys": 14,
      "approximate_size": 76,
      "approximate_keys": 81325
    },
    {
      "id": 16,
      "start_key": "7480000000000000FF0700000000000000F8",
      "end_key": "7480000000000000FF0900000000000000F8",
      "epoch": {
        "conf_ver": 5,
        "version": 4
      },
      "peers": [
        {
          "id": 17,
          "store_id": 1
        },
        {
          "id": 18,
          "store_id": 4
        },
        {
          "id": 19,
          "store_id": 5
        }
      ],
      "leader": {
        "id": 18,
        "store_id": 4
      },
      "approximate_size": 1,
      "approximate_keys": 148383
    },
    {
      "id": 1069,
      "start_key": "7480000000000000FF2B5F698000000000FF0000010175736572FF36313533FF383132FF3433333538FF3733FF313935363000FE00FE",
      "end_key": "7480000000000000FF2B5F698000000000FF0000010175736572FF38313930FF383835FF3332333232FF3838FF313237383700FE00FE",
      "epoch": {
        "conf_ver": 5,
        "version": 25
      },
      "peers": [
        {
          "id": 1070,
          "store_id": 1
        },
        {
          "id": 1071,
          "store_id": 4
        },
        {
          "id": 1072,
          "store_id": 5
        }
      ],
      "leader": {
        "id": 1070,
        "store_id": 1
      },
      "read_bytes": 3952564,
      "read_keys": 48202,
      "approximate_size": 40,
      "approximate_keys": 507333
    },
    {
      "id": 2029,
      "start_key": "7480000000000000FF2D5F728000000000FF07CB490000000000FA",
      "end_key": "7480000000000000FF2D5F728000000000FF091E8E0000000000FA",
      "epoch": {
        "conf_ver": 5,
        "version": 51
      },
      "peers": [
        {
          "id": 2030,
          "store_id": 1
        },
        {
          "id": 2031,
          "store_id": 4
        },
        {
          "id": 2032,
          "store_id": 5
        }
      ],
      "leader": {
        "id": 2030,
        "store_id": 1
      },
      "written_bytes": 1327,
      "read_bytes": 405,
      "written_keys": 6,
      "read_keys": 9,
      "approximate_size": 112,
      "approximate_keys": 122880
    },
    {
      "id": 2061,
      "start_key": "7480000000000000FF2D5F728000000000FF11D4880000000000FA",
      "end_key": "7480000000000000FF2D5F728000000000FF1265710000000000FA",
      "epoch": {
        "conf_ver": 5,
        "version": 59
      },
      "peers": [
        {
          "id": 2062,
          "store_id": 1
        },
        {
          "id": 2063,
          "store_id": 4
        },
        {
          "id": 2064,
          "store_id": 5
        }
      ],
      "leader": {
        "id": 2064,
        "store_id": 5
      },
      "written_bytes": 2666,
      "read_bytes": 225,
      "written_keys": 12,
      "read_keys": 5,
      "approximate_size": 52,
      "approximate_keys": 38874
    },
    {
      "id": 2081,
      "start_key": "7480000000000000FF2D5F728000000000FF165FA80000000000FA",
      "end_key": "7480000000000000FF2D5F728000000000FF17B3520000000000FA",
      "epoch": {
        "conf_ver": 5,
        "version": 62
      },
      "peers": [
        {
          "id": 2082,
          "store_id": 1
        },
        {
          "id": 2083,
          "store_id": 4
        },
        {
          "id": 2084,
          "store_id": 5
        }
      ],
      "leader": {
        "id": 2082,
        "store_id": 1
      },
      "written_bytes": 2663,
      "read_bytes": 225,
      "written_keys": 12,
      "read_keys": 5,
      "approximate_size": 112,
      "approximate_keys": 122880
    },
    {
      "id": 2097,
      "start_key": "7480000000000000FF2D5F728000000000FF1B399B0000000000FA",
      "end_key": "7480000000000000FF2D5F728000000000FF1BAD320000000000FA",
      "epoch": {
        "conf_ver": 5,
        "version": 66
      },
      "peers": [
        {
          "id": 2098,
          "store_id": 1
        },
        {
          "id": 2099,
          "store_id": 4
        },
        {
          "id": 2100,
          "store_id": 5
        }
      ],
      "leader": {
        "id": 2098,
        "store_id": 1
      },
      "read_bytes": 90,
      "read_keys": 2,
      "approximate_size": 38,
      "approximate_keys": 4354
    },
    {
      "id": 3013,
      "start_key": "7480000000000000FF2D5F728000000000FF11122C0000000000FA",
      "end_key": "7480000000000000FF2D5F728000000000FF11D4880000000000FA",
      "epoch": {
        "conf_ver": 5,
        "version": 59
      },
      "peers": [
        {
          "id": 3014,
          "store_id": 1
        },
        {
          "id": 3015,
          "store_id": 4
        },
        {
          "id": 3016,
          "store_id": 5
        }
      ],
      "leader": {
        "id": 3014,
        "store_id": 1
      },
      "read_bytes": 90,
      "read_keys": 2,
      "approximate_size": 81,
      "approximate_keys": 106705
    },
    {
      "id": 3017,
      "start_key": "7480000000000000FF2D5F728000000000FF0BC5180000000000FA",
      "end_key": "7480000000000000FF2D5F728000000000FF0CAA240000000000FA",
      "epoch": {
        "conf_ver": 5,
        "version": 55
      },
      "peers": [
        {
          "id": 3018,
          "store_id": 1
        },
        {
          "id": 3019,
          "store_id": 4
        },
        {
          "id": 3020,
          "store_id": 5
        }
      ],
      "leader": {
        "id": 3020,
        "store_id": 5
      },
      "read_bytes": 495,
      "read_keys": 11,
      "approximate_size": 79,
      "approximate_keys": 81920
    },
    {
      "id": 3025,
      "start_key": "7480000000000000FF2D5F728000000000FF17B3520000000000FA",
      "end_key": "7480000000000000FF2D5F728000000000FF18926F0000000000FA",
      "epoch": {
        "conf_ver": 5,
        "version": 64
      },
      "peers": [
        {
          "id": 3026,
          "store_id": 1
        },
        {
          "id": 3027,
          "store_id": 4
        },
        {
          "id": 3028,
          "store_id": 5
        }
      ],
      "leader": {
        "id": 3027,
        "store_id": 4
      },
      "written_bytes": 1354,
      "read_bytes": 135,
      "written_keys": 7,
      "read_keys": 3,
      "approximate_size": 74,
      "approximate_keys": 72998
    },
    {
      "id": 3037,
      "start_key": "7480000000000000FF2B5F728000000000FF1117D20000000000FA",
      "end_key": "7480000000000000FF2B5F728000000000FF11F3360000000000FA",
      "epoch": {
        "conf_ver": 5,
        "version": 36
      },
      "peers": [
        {
          "id": 3038,
          "store_id": 1
        },
        {
          "id": 3039,
          "store_id": 4
        },
        {
          "id": 3040,
          "store_id": 5
        }
      ],
      "leader": {
        "id": 3039,
        "store_id": 4
      },
      "written_bytes": 2697096,
      "read_bytes": 456750,
      "written_keys": 10240,
      "read_keys": 10150,
      "approximate_size": 78,
      "approximate_keys": 44372
    }
  ]
}
