{
  "count": 90,
  "regions": [
    {
      "id": 2133,
      "start_key": "7480000000000000FF2D5F728000000000FF0D185D0000000000FA",
      "end_key": "7480000000000000FF2D5F728000000000FF0DFB1F0000000000FA",
      "epoch": {
        "conf_ver": 5,
        "version": 56
      },
      "peers": [
        {
          "id": 2134,
          "store_id": 1
        },
        {
          "id": 2135,
          "store_id": 4
        },
        {
          "id": 2136,
          "store_id": 5
        }
      ],
      "leader": {
        "id": 2134,
        "store_id": 1
      },
      "written_bytes": 6723,
      "read_bytes": 810,
      "written_keys": 31,
      "read_keys": 18,
      "approximate_size": 113,
      "approximate_keys": 199366
    },
    {
      "id": 52,
      "start_key": "7480000000000000FF1900000000000000F8",
      "end_key": "7480000000000000FF1B00000000000000F8",
      "epoch": {
        "conf_ver": 5,
        "version": 13
      },
      "peers": [
        {
          "id": 53,
          "store_id": 1
        },
        {
          "id": 54,
          "store_id": 4
        },
        {
          "id": 55,
          "store_id": 5
        }
      ],
      "leader": {
        "id": 54,
        "store_id": 4
      },
      "approximate_size": 1,
      "approximate_keys": 436048
    },
    {
      "id": 2005,
      "start_key": "7480000000000000FF2D5F728000000000FF007A6A0000000000FA",
      "end_key": "7480000000000000FF2D5F728000000000FF012AF00000000000FA",
      "epoch": {
        "conf_ver": 5,
        "version": 46
      },
      "peers": [
        {
          "id": 2006,
          "store_id": 1
        },
        {
          "id": 2007,
          "store_id": 4
        },
        {
          "id": 2008,
          "store_id": 5
        }
      ],
      "leader": {
        "id": 2007,
        "store_id": 4
      },
      "written_bytes": 1339,
      "read_bytes": 180,
      "written_keys": 6,
      "read_keys": 4,
      "approximate_size": 55,
      "approximate_keys": 41614
    },
    {
      "id": 3033,
      "start_key": "7480000000000000FF2D5F728000000000FF0E6BA20000000000FA",
      "end_key": "7480000000000000FF2D5F728000000000FF0EF3990000000000FA",
      "epoch": {
        "conf_ver": 5,
        "version": 59
      },
      "peers": [
        {
          "id": 3034,
          "store_id": 1
        },
        {
          "id": 3035,
          "store_id": 4
        },
        {
          "id": 3036,
          "store_id": 5
        }
      ],
      "leader": {
        "id": 3034,
        "store_id": 1
      },
      "written_bytes": 1351,
      "read_bytes": 360,
      "written_keys": 6,
      "read_keys": 8,
      "approximate_size": 76,
      "approximate_keys": 81325
    },
    {
      "id": 2081,
      "start_key": "7480000000000000FF2D5F728000000000FF165FA80000000000FA",
      "end_key": "7480000000000000FF2D5F728000000000FF17B3520000000000FA",
      "epoch": {
        "conf_ver": 5,
        "version": 62
      },
      "peers": [
        {
          "id": 2082,
          "store_id": 1
        },
        {
          "id": 2083,
          "store_id": 4
        },
        {
          "id": 2084,
          "store_id": 5
        }
      ],
      "leader": {
        "id": 2082,
        "store_id": 1
      },
      "read_bytes": 315,
      "read_keys": 7,
      "approximate_size": 127,
      "approximate_keys": 206513
    },
    {
      "id": 2097,
      "start_key": "7480000000000000FF2D5F728000000000FF1B399B0000000000FA",
      "end_key": "7480000000000000FF2D5F728000000000FF1BAD320000000000FA",
      "epoch": {
        "conf_ver": 5,
        "version": 66
      },
      "peers": [
        {
          "id": 2098,
          "store_id": 1
        },
        {
          "id": 2099,
          "store_id": 4
        },
        {
          "id": 2100,
          "store_id": 5
        }
      ],
      "leader": {
        "id": 2098,
        "store_id": 1
      },
      "written_bytes": 1327,
      "read_bytes": 45,
      "written_keys": 6,
      "read_keys": 1,
      "approximate_size": 38,
      "approximate_keys": 4354
    },
    {
      "id": 3013,
      "start_key": "7480000000000000FF2D5F728000000000FF11122C0000000000FA",
      "end_key": "7480000000000000FF2D5F728000000000FF11D4880000000000FA",
      "epoch": {
        "conf_ver": 5,
        "version": 59
      },
      "peers": [
        {
          "id": 3014,
          "store_id": 1
        },
        {
          "id": 3015,
          "store_id": 4
        },
        {
          "id": 3016,
          "store_id": 5
        }
      ],
      "leader": {
        "id": 3014,
        "store_id": 1
      },
      "read_bytes": 135,
      "read_keys": 3,
      "approximate_size": 81,
      "approximate_keys": 106705
    },
    {
      "id": 3017,
      "start_key": "7480000000000000FF2D5F728000000000FF0BC5180000000000FA",
      "end_key": "7480000000000000FF2D5F728000000000FF0CAA240000000000FA",
      "epoch": {
        "conf_ver": 5,
        "version": 55
      },
      "peers": [
        {
          "id": 3018,
          "store_id": 1
        },
        {
          "id": 3019,
          "store_id": 4
        },
        {
          "id": 3020,
          "store_id": 5
        }
      ],
      "leader": {
        "id": 3020,
        "store_id": 5
      },
      "read_bytes": 135,
      "read_keys": 3,
      "approximate_size": 79,
      "approximate_keys": 81920
    },
    {
      "id": 16,
      "start_key": "7480000000000000FF0700000000000000F8",
      "end_key": "7480000000000000FF0900000000000000F8",
      "epoch": {
        "conf_ver": 5,
        "version": 4
      },
      "peers": [
        {
          "id": 17,
          "store_id": 1
        },
        {
          "id": 18,
          "store_id": 4
        },
        {
          "id": 19,
          "store_id": 5
        }
      ],
      "leader": {
        "id": 18,
        "store_id": 4
      },
      "written_bytes": 26,
      "written_keys": 1,
      "approximate_size": 1,
      "approximate_keys": 148383
    },
    {
      "id": 1069,
      "start_key": "7480000000000000FF2B5F698000000000FF0000010175736572FF36313533FF383132FF3433333538FF3733FF313935363000FE00FE",
      "end_key": "7480000000000000FF2B5F698000000000FF0000010175736572FF38313930FF383835FF3332333232FF3838FF313237383700FE00FE",
      "epoch": {
        "conf_ver": 5,
        "version": 25
      },
      "peers": [
        {
          "id": 1070,
          "store_id": 1
        },
        {
          "id": 1071,
          "store_id": 4
        },
        {
          "id": 1072,
          "store_id": 5
        }
      ],
      "leader": {
        "id": 1070,
        "store_id": 1
      },
      "read_bytes": 3509354,
      "read_keys": 42797,
      "approximate_size": 40,
      "approximate_keys": 507333
    },
    {
      "id": 2029,
      "start_key": "7480000000000000FF2D5F728000000000FF07CB490000000000FA",
      "end_key": "7480000000000000FF2D5F728000000000FF091E8E0000000000FA",
      "epoch": {
        "conf_ver": 5,
        "version": 51
      },
      "peers": [
        {
          "id": 2030,
          "store_id": 1
        },
        {
          "id": 2031,
          "store_id": 4
        },
        {
          "id": 2032,
          "store_id": 5
        }
      ],
      "leader": {
        "id": 2030,
        "store_id": 1
      },
      "read_bytes": 405,
      "read_keys": 9,
      "approximate_size": 120,
      "approximate_keys": 108647
    },
    {
      "id": 2061,
      "start_key": "7480000000000000FF2D5F728000000000FF11D4880000000000FA",
      "end_key": "7480000000000000FF2D5F728000000000FF1265710000000000FA",
      "epoch": {
        "conf_ver": 5,
        "version": 59
      },
      "peers": [
        {
          "id": 2062,
          "store_id": 1
        },
        {
          "id": 2063,
          "store_id": 4
        },
        {
          "id": 2064,
          "store_id": 5
        }
      ],
      "leader": {
        "id": 2064,
        "store_id": 5
      },
      "read_bytes": 270,
      "read_keys": 6,
      "approximate_size": 52,
      "approximate_keys": 38874
    },
    {
      "id": 3025,
      "start_key": "7480000000000000FF2D5F728000000000FF17B3520000000000FA",
      "end_key": "7480000000000000FF2D5F728000000000FF18926F0000000000FA",
      "epoch": {
        "conf_ver": 5,
        "version": 64
      },
      "peers": [
        {
          "id": 3026,
          "store_id": 1
        },
        {
          "id": 3027,
          "store_id": 4
        },
        {
          "id": 3028,
          "store_id": 5
        }
      ],
      "leader": {
        "id": 3027,
        "store_id": 4
      },
      "read_bytes": 90,
      "read_keys": 2,
      "approximate_size": 74,
      "approximate_keys": 72998
    },
    {
      "id": 3037,
      "start_key": "7480000000000000FF2B5F728000000000FF1117D20000000000FA",
      "end_key": "7480000000000000FF2B5F728000000000FF11F3360000000000FA",
      "epoch": {
        "conf_ver": 5,
        "version": 36
      },
      "peers": [
        {
          "id": 3038,
          "store_id": 1
        },
        {
          "id": 3039,
          "store_id": 4
        },
        {
          "id": 3040,
          "store_id": 5
        }
      ],
      "leader": {
        "id": 3039,
        "store_id": 4
      },
      "written_bytes": 2943502,
      "read_bytes": 511020,
      "written_keys": 11496,
      "read_keys": 11356,
      "approximate_size": 78,
      "approximate_keys": 160192
    },
    {
      "id": 2073,
      "start_key": "7480000000000000FF2D5F728000000000FF13B8B60000000000FA",
      "end_key": "7480000000000000FF2D5F728000000000FF150BFE0000000000FA",
      "epoch": {
        "conf_ver": 5,
        "version": 60
      },
      "peers": [
        {
          "id": 2074,
          "store_id": 1
        },
        {
          "id": 2075,
          "store_id": 4
        },
        {
          "id": 2076,
          "store_id": 5
        }
      ],
      "leader": {
        "id": 2075,
        "store_id": 4
      },
      "written_bytes": 28,
      "read_bytes": 270,
      "written_keys": 1,
      "read_keys": 6,
      "approximate_size": 145,
      "approximate_keys": 193448
    },
    {
      "id": 2109,
      "start_key": "7480000000000000FF2B5F728000000000FF0F26180000000000FA",
      "end_key": "7480000000000000FF2B5F728000000000FF0F4A9D0000000000FA",
      "epoch": {
        "conf_ver": 5,
        "version": 35
      },
      "peers": [
        {
          "id": 2110,
          "store_id": 1
        },
        {
          "id": 2111,
          "store_id": 4
        },
        {
          "id": 2112,
          "store_id": 5
        }
      ],
      "leader": {
        "id": 2111,
        "store_id": 4
      },
      "written_bytes": 4658622,
      "read_bytes": 780525,
      "written_keys": 16687,
      "read_keys": 17345,
      "approximate_size": 43,
      "approximate_keys": 38513
    },
    {
      "id": 2121,
      "start_key": "7480000000000000FF2D5F728000000000FF0EF3990000000000FA",
      "end_key": "7480000000000000FF2D5F728000000000FF0F4A0B0000000000FA",
      "epoch": {
        "conf_ver": 5,
        "version": 60
      },
      "peers": [
        {
          "id": 2122,
          "store_id": 1
        },
        {
          "id": 2123,
          "store_id": 4
        },
        {
          "id": 2124,
          "store_id": 5
        }
      ],
      "leader": {
        "id": 2124,
        "store_id": 5
      },
      "written_bytes": 7974,
      "read_bytes": 1305,
      "written_keys": 36,
      "read_keys": 29,
      "approximate_size": 100,
      "approximate_keys": 126749
    },
    {
      "id": 3041,
      "start_key": "7480000000000000FF2B5F728000000000FF126B170000000000FA",
      "end_key": "7480000000000000FF2B5F728000000000FF1344E30000000000FA",
      "epoch": {
        "conf_ver": 5,
        "version": 37
      },
      "peers": [
        {
          "id": 3042,
          "store_id": 1
        },
        {
          "id": 3043,
          "store_id": 4
        },
        {
          "id": 3044,
          "store_id": 5
        }
      ],
      "leader": {
        "id": 3042,
        "store_id": 1
      },
      "written_bytes": 2193260,
      "read_bytes": 365940,
      "written_keys": 8845,
      "read_keys": 8132,
      "approximate_size": 78,
      "approximate_keys": 82045
    },
    {
      "id": 36,
      "start_key": "7480000000000000FF1100000000000000F8",
      "end_key": "7480000000000000FF1300000000000000F8",
      "epoch": {
        "conf_ver": 5,
        "version": 9
      },
      "peers": [
        {
          "id": 37,
          "store_id": 1
        },
        {
          "id": 38,
          "store_id": 4
        },
        {
          "id": 39,
          "store_id": 5
        }
      ],
      "leader": {
        "id": 38,
        "store_id": 4
      },
      "written_bytes": 38,
      "written_keys": 1,
      "approximate_size": 1,
      "approximate_keys": 148383
    },
    {
      "id": 1009,
      "start_key": "7480000000000000FF2B5F728000000000FF0130960000000000FA",
      "end_key": "7480000000000000FF2B5F728000000000FF0283DB0000000000FA",
      "epoch": {
        "conf_ver": 5,
        "version": 23
      },
      "peers": [
        {
          "id": 1010,
          "store_id": 1
        },
        {
          "id": 1011,
          "store_id": 4
        },
        {
          "id": 1012,
          "store_id": 5
        }
      ],
      "leader": {
        "id": 1011,
        "store_id": 4
      },
      "written_bytes": 1634958,
      "read_bytes": 280170,
      "written_keys": 6533,
      "read_keys": 6226,
      "approximate_size": 116,
      "approximate_keys": 144779
    },
    {
      "id": 1045,
      "start_key": "7480000000000000FF2B5F728000000000FF0BCABE0000000000FA",
      "end_key": "7480000000000000FF2B5F728000000000FF0D1E030000000000FA",
      "epoch": {
        "conf_ver": 5,
        "version": 31
      },
      "peers": [
        {
          "id": 1046,
          "store_id": 1
        },
        {
          "id": 1047,
          "store_id": 4
        },
        {
          "id": 1048,
          "store_id": 5
        }
      ],
      "leader": {
        "id": 1048,
        "store_id": 5
      },
      "written_bytes": 3521538,
      "read_bytes": 614115,
      "written_keys": 12972,
      "read_keys": 13647,
      "approximate_size": 120,
      "approximate_keys": 70462
    },
    {
      "id": 2001,
      "start_key": "7480000000000000FF2B5F728000000000FF1D061D0000000000FA",
      "end_key": "7480000000000000FF2D00000000000000F8",
      "epoch": {
        "conf_ver": 5,
        "version": 44
      },
      "peers": [
        {
          "id": 2002,
          "store_id": 1
        },
        {
          "id": 2003,
          "store_id": 4
        },
        {
          "id": 2004,
          "store_id": 5
        }
      ],
      "leader": {
        "id": 2004,
        "store_id": 5
      },
      "written_bytes": 1782681,
      "read_bytes": 307170,
      "written_keys": 7054,
      "read_keys": 6826,
      "approximate_size": 135,
      "approximate_keys": 108897
    },
    {
      "id": 1081,
      "start_key": "7480000000000000FF2B5F728000000000FF1665510000000000FA",
      "end_key": "7480000000000000FF2B5F728000000000FF17B8F90000000000FA",
      "epoch": {
        "conf_ver": 5,
        "version": 39
      },
      "peers": [
        {
          "id": 1082,
          "store_id": 1
        },
        {
          "id": 1083,
          "store_id": 4
        },
        {
          "id": 1084,
          "store_id": 5
        }
      ],
      "leader": {
        "id": 1083,
        "store_id": 4
      },
      "written_bytes": 2140495,
      "read_bytes": 352845,
      "written_keys": 8358,
      "read_keys": 7841,
      "approximate_size": 111,
      "approximate_keys": 110049
    },
    {
      "id": 2057,
      "start_key": "7480000000000000FF2D5F728000000000FF1092C90000000000FA",
      "end_key": "7480000000000000FF2D5F728000000000FF11122C0000000000FA",
      "epoch": {
        "conf_ver": 5,
        "version": 58
      },
      "peers": [
        {
          "id": 2058,
          "store_id": 1
        },
        {
          "id": 2059,
          "store_id": 4
        },
        {
          "id": 2060,
          "store_id": 5
        }
      ],
      "leader": {
        "id": 2059,
        "store_id": 4
      },
      "written_bytes": 4033,
      "read_bytes": 360,
      "written_keys": 19,
      "read_keys": 8,
      "approximate_size": 58,
      "approximate_keys": 271448
    },
    {
      "id": 8,
      "start_key": "",
      "end_key": "7480000000000000FF0500000000000000F8",
      "epoch": {
        "conf_ver": 5,
        "version": 2
      },
      "peers": [
        {
          "id": 9,
          "store_id": 1
        },
        {
          "id": 10,
          "store_id": 4
        },
        {
          "id": 11,
          "store_id": 5
        }
      ],
      "leader": {
        "id": 10,
        "store_id": 4
      },
      "written_bytes": 26,
      "read_bytes": 134,
      "written_keys": 1,
      "read_keys": 2,
      "approximate_size": 1,
      "approximate_keys": 1
    },
    {
      "id": 12,
      "start_key": "7480000000000000FF0500000000000000F8",
      "end_key": "7480000000000000FF0700000000000000F8",
      "epoch": {
        "conf_ver": 5,
        "version": 3
      },
      "peers": [
        {
          "id": 13,
          "store_id": 1
        },
        {
          "id": 14,
          "store_id": 4
        },
        {
          "id": 15,
          "store_id": 5
        }
      ],
      "leader": {
        "id": 15,
        "store_id": 5
      },
      "read_bytes": 201,
      "read_keys": 2,
      "approximate_size": 1,
      "approximate_keys": 148391
    },
    {
      "id": 68,
      "start_key": "7480000000000000FF2100000000000000F8",
      "end_key": "7480000000000000FF2300000000000000F8",
      "epoch": {
        "conf_ver": 5,
        "version": 17
      },
      "peers": [
        {
          "id": 69,
          "store_id": 1
        },
        {
          "id": 70,
          "store_id": 4
        },
        {
          "id": 71,
          "store_id": 5
        }
      ],
      "leader": {
        "id": 71,
        "store_id": 5
      },
      "approximate_size": 1,
      "approximate_keys": 148391
    },
    {
      "id": 1053,
      "start_key": "7480000000000000FF2B5F728000000000FF0F4A9D0000000000FA",
      "end_key": "7480000000000000FF2B5F728000000000FF0FC48D0000000000FA",
      "epoch": {
        "conf_ver": 5,
        "version": 34
      },
      "peers": [
        {
          "id": 1054,
          "store_id": 1
        },
        {
          "id": 1055,
          "store_id": 4
        },
        {
          "id": 1056,
          "store_id": 5
        }
      ],
      "leader": {
        "id": 1055,
        "store_id": 4
      },
      "written_bytes": 4715121,
      "read_bytes": 823230,
      "written_keys": 16899,
      "read_keys": 18294,
      "approximate_size": 67,
      "approximate_keys": 82221
    },
    {
      "id": 2129,
      "start_key": "7480000000000000FF2B5F728000000000FF0D1E030000000000FA",
      "end_key": "7480000000000000FF2B5F728000000000FF0DFF870000000000FA",
      "epoch": {
        "conf_ver": 5,
        "version": 33
      },
      "peers": [
        {
          "id": 2130,
          "store_id": 1
        },
        {
          "id": 2131,
          "store_id": 4
        },
        {
          "id": 2132,
          "store_id": 5
        }
      ],
      "leader": {
        "id": 2130,
        "store_id": 1
      },
      "written_bytes": 2608232,
      "read_bytes": 449280,
      "written_keys": 10154,
      "read_keys": 9984,
      "approximate_size": 81,
      "approximate_keys": 83057
    },
    {
      "id": 76,
      "start_key": "7480000000000000FF2500000000000000F8",
      "end_key": "7480000000000000FF2700000000000000F8",
      "epoch": {
        "conf_ver": 5,
        "version": 19
      },
      "peers": [
        {
          "id": 77,
          "store_id": 1
        },
        {
          "id": 78,
          "store_id": 4
        },
        {
          "id": 79,
          "store_id": 5
        }
      ],
      "leader": {
        "id": 79,
        "store_id": 5
      },
      "approximate_size": 1,
      "approximate_keys": 148391
    },
    {
      "id": 1093,
      "start_key": "7480000000000000FF2B5F728000000000FF190C4E0000000000FA",
      "end_key": "7480000000000000FF2B5F728000000000FF1A5F930000000000FA",
      "epoch": {
        "conf_ver": 5,
        "version": 41
      },
      "peers": [
        {
          "id": 1094,
          "store_id": 1
        },
        {
          "id": 1095,
          "store_id": 4
        },
        {
          "id": 1096,
          "store_id": 5
        }
      ],
      "leader": {
        "id": 1096,
        "store_id": 5
      },
      "written_bytes": 1827143,
      "read_bytes": 321615,
      "written_keys": 7220,
      "read_keys": 7147,
      "approximate_size": 118,
      "approximate_keys": 163840
    },
    {
      "id": 1097,
      "start_key": "7480000000000000FF2B5F728000000000FF1A5F930000000000FA",
      "end_key": "7480000000000000FF2B5F728000000000FF1BB2D80000000000FA",
      "epoch": {
        "conf_ver": 5,
        "version": 42
      },
      "peers": [
        {
          "id": 1098,
          "store_id": 1
        },
        {
          "id": 1099,
          "store_id": 4
        },
        {
          "id": 1100,
          "store_id": 5
        }
      ],
      "leader": {
        "id": 1100,
        "store_id": 5
      },
      "written_bytes": 1717725,
      "read_bytes": 291870,
      "written_keys": 6830,
      "read_keys": 6486,
      "approximate_size": 107,
      "approximate_keys": 109256
    },
    {
      "id": 2125,
      "start_key": "7480000000000000FF2D5F728000000000FF0FBEE70000000000FA",
      "end_key": "7480000000000000FF2D5F728000000000FF1092C90000000000FA",
      "epoch": {
        "conf_ver": 5,
        "version": 58
      },
      "peers": [
        {
          "id": 2126,
          "store_id": 1
        },
        {
          "id": 2127,
          "store_id": 4
        },
        {
          "id": 2128,
          "store_id": 5
        }
      ],
      "leader": {
        "id": 2127,
        "store_id": 4
      },
      "written_bytes": 6647,
      "read_bytes": 720,
      "written_keys": 30,
      "read_keys": 16,
      "approximate_size": 101,
      "approximate_keys": 358695
    },
    {
      "id": 2093,
      "start_key": "7480000000000000FF2D5F728000000000FF1906A80000000000FA",
      "end_key": "7480000000000000FF2D5F728000000000FF1A59ED0000000000FA",
      "epoch": {
        "conf_ver": 5,
        "version": 64
      },
      "peers": [
        {
          "id": 2094,
          "store_id": 1
        },
        {
          "id": 2095,
          "store_id": 4
        },
        {
          "id": 2096,
          "store_id": 5
        }
      ],
      "leader": {
        "id": 2095,
        "store_id": 4
      },
      "written_bytes": 1355,
      "read_bytes": 180,
      "written_keys": 7,
      "read_keys": 4,
      "approximate_size": 126,
      "approximate_keys": 144337
    },
    {
      "id": 2113,
      "start_key": "7480000000000000FF2B5F728000000000FF0FC48D0000000000FA",
      "end_key": "7480000000000000FF2B5F728000000000FF109B8A0000000000FA",
      "epoch": {
        "conf_ver": 5,
        "version": 35
      },
      "peers": [
        {
          "id": 2114,
          "store_id": 1
        },
        {
          "id": 2115,
          "store_id": 4
        },
        {
          "id": 2116,
          "store_id": 5
        }
      ],
      "leader": {
        "id": 2115,
        "store_id": 4
      },
      "written_bytes": 3978665,
      "read_bytes": 688725,
      "written_keys": 14532,
      "read_keys": 15305,
      "approximate_size": 85,
      "approximate_keys": 44352
    },
    {
      "id": 1001,
      "start_key": "7480000000000000FF2900000000000000F8",
      "end_key": "7480000000000000FF2B00000000000000F8",
      "epoch": {
        "conf_ver": 5,
        "version": 21
      },
      "peers": [
        {
          "id": 1002,
          "store_id": 1
        },
        {
          "id": 1003,
          "store_id": 4
        },
        {
          "id": 1004,
          "store_id": 5
        }
      ],
      "leader": {
        "id": 1002,
        "store_id": 1
      },
      "approximate_size": 1,
      "approximate_keys": 148383
    },
    {
      "id": 1077,
      "start_key": "7480000000000000FF2B5F728000000000FF1511A50000000000FA",
      "end_key": "7480000000000000FF2B5F728000000000FF1665510000000000FA",
      "epoch": {
        "conf_ver": 5,
        "version": 38
      },
      "peers": [
        {
          "id": 1078,
          "store_id": 1
        },
        {
          "id": 1079,
          "store_id": 4
        },
        {
          "id": 1080,
          "store_id": 5
        }
      ],
      "leader": {
        "id": 1078,
        "store_id": 1
      },
      "written_bytes": 2343015,
      "read_bytes": 397575,
      "written_keys": 9338,
      "read_keys": 8835,
      "approximate_size": 113,
      "approximate_keys": 122987
    },
    {
      "id": 2045,
      "start_key": "7480000000000000FF2D5F728000000000FF0CAA240000000000FA",
      "end_key": "7480000000000000FF2D5F728000000000FF0D185D0000000000FA",
      "epoch": {
        "conf_ver": 5,
        "version": 55
      },
      "peers": [
        {
          "id": 2046,
          "store_id": 1
        },
        {
          "id": 2047,
          "store_id": 4
        },
        {
          "id": 2048,
          "store_id": 5
        }
      ],
      "leader": {
        "id": 2047,
        "store_id": 4
      },
      "read_bytes": 495,
      "read_keys": 11,
      "approximate_size": 48,
      "approximate_keys": 43476
    },
    {
      "id": 2053,
      "start_key": "7480000000000000FF2D5F728000000000FF0F4A0B0000000000FA",
      "end_key": "7480000000000000FF2D5F728000000000FF0FBEE70000000000FA",
      "epoch": {
        "conf_ver": 5,
        "version": 57
      },
      "peers": [
        {
          "id": 2054,
          "store_id": 1
        },
        {
          "id": 2055,
          "store_id": 4
        },
        {
          "id": 2056,
          "store_id": 5
        }
      ],
      "leader": {
        "id": 2055,
        "store_id": 4
      },
      "written_bytes": 1327,
      "read_bytes": 585,
      "written_keys": 6,
      "read_keys": 13,
      "approximate_size": 117,
      "approximate_keys": 122881
    },
    {
      "id": 2037,
      "start_key": "7480000000000000FF2D5F698000000000FF0000010175736572FF38313635FF383933FF3432333932FF3434FF393636303700FE00FE",
      "end_key": "7480000000000000FF2D5F728000000000FF007A6A0000000000FA",
      "epoch": {
        "conf_ver": 5,
        "version": 47
      },
      "peers": [
        {
          "id": 2038,
          "store_id": 1
        },
        {
          "id": 2039,
          "store_id": 4
        },
        {
          "id": 2040,
          "store_id": 5
        }
      ],
      "leader": {
        "id": 2038,
        "store_id": 1
      },
      "read_bytes": 1894,
      "read_keys": 24,
      "approximate_size": 66,
      "approximate_keys": 233444
    },
    {
      "id": 2065,
      "start_key": "7480000000000000FF2D5F728000000000FF1344110000000000FA",
      "end_key": "7480000000000000FF2D5F728000000000FF13B8B60000000000FA",
      "epoch": {
        "conf_ver": 5,
        "version": 60
      },
      "peers": [
        {
          "id": 2066,
          "store_id": 1
        },
        {
          "id": 2067,
          "store_id": 4
        },
        {
          "id": 2068,
          "store_id": 5
        }
      ],
      "leader": {
        "id": 2066,
        "store_id": 1
      },
      "written_bytes": 1339,
      "read_bytes": 90,
      "written_keys": 6,
      "read_keys": 2,
      "approximate_size": 48,
      "approximate_keys": 48794
    },
    {
      "id": 2085,
      "start_key": "7480000000000000FF2D00000000000000F8",
      "end_key": "7480000000000000FF2D5F698000000000FF0000010175736572FF36313438FF303433FF3239363037FF3532FF333137393300FE00FE",
      "epoch": {
        "conf_ver": 5,
        "version": 48
      },
      "peers": [
        {
          "id": 2086,
          "store_id": 1
        },
        {
          "id": 2087,
          "store_id": 4
        },
        {
          "id": 2088,
          "store_id": 5
        }
      ],
      "leader": {
        "id": 2087,
        "store_id": 4
      },
      "written_bytes": 28,
      "read_bytes": 15580,
      "written_keys": 1,
      "read_keys": 190,
      "approximate_size": 100,
      "approximate_keys": 1280463
    },
    {
      "id": 72,
      "start_key": "7480000000000000FF2300000000000000F8",
      "end_key": "7480000000000000FF2500000000000000F8",
      "epoch": {
        "conf_ver": 5,
        "version": 18
      },
      "peers": [
        {
          "id": 73,
          "store_id": 1
        },
        {
          "id": 74,
          "store_id": 4
        },
        {
          "id": 75,
          "store_id": 5
        }
      ],
      "leader": {
        "id": 75,
        "store_id": 5
      },
      "approximate_size": 1,
      "approximate_keys": 148391
    },
    {
      "id": 80,
      "start_key": "7480000000000000FF2700000000000000F8",
      "end_key": "7480000000000000FF2900000000000000F8",
      "epoch": {
        "conf_ver": 5,
        "version": 20
      },
      "peers": [
        {
          "id": 81,
          "store_id": 1
        },
        {
          "id": 82,
          "store_id": 4
        },
        {
          "id": 83,
          "store_id": 5
        }
      ],
      "leader": {
        "id": 82,
        "store_id": 4
      },
      "written_bytes": 38,
      "written_keys": 1,
      "approximate_size": 1,
      "approximate_keys": 148383
    },
    {
      "id": 1049,
      "start_key": "7480000000000000FF2B5F728000000000FF0DFF870000000000FA",
      "end_key": "7480000000000000FF2B5F728000000000FF0E71480000000000FA",
      "epoch": {
        "conf_ver": 5,
        "version": 33
      },
      "peers": [
        {
          "id": 1050,
          "store_id": 1
        },
        {
          "id": 1051,
          "store_id": 4
        },
        {
          "id": 1052,
          "store_id": 5
        }
      ],
      "leader": {
        "id": 1052,
        "store_id": 5
      },
      "written_bytes": 2021256,
      "read_bytes": 337950,
      "written_keys": 7880,
      "read_keys": 7510,
      "approximate_size": 48,
      "approximate_keys": 74988
    },
    {
      "id": 2021,
      "start_key": "7480000000000000FF2D5F728000000000FF06027A0000000000FA",
      "end_key": "7480000000000000FF2D5F728000000000FF0678040000000000FA",
      "epoch": {
        "conf_ver": 5,
        "version": 50
      },
      "peers": [
        {
          "id": 2022,
          "store_id": 1
        },
        {
          "id": 2023,
          "store_id": 4
        },
        {
          "id": 2024,
          "store_id": 5
        }
      ],
      "leader": {
        "id": 2024,
        "store_id": 5
      },
      "written_bytes": 1327,
      "read_bytes": 180,
      "written_keys": 6,
      "read_keys": 4,
      "approximate_size": 37,
      "approximate_keys": 40964
    },
    {
      "id": 1057,
      "start_key": "7480000000000000FF2B5F728000000000FF109B8A0000000000FA",
      "end_key": "7480000000000000FF2B5F728000000000FF1117D20000000000FA",
      "epoch": {
        "conf_ver": 5,
        "version": 35
      },
      "peers": [
        {
          "id": 1058,
          "store_id": 1
        },
        {
          "id": 1059,
          "store_id": 4
        },
        {
          "id": 1060,
          "store_id": 5
        }
      ],
      "leader": {
        "id": 1060,
        "store_id": 5
      },
      "written_bytes": 1718997,
      "read_bytes": 294120,
      "written_keys": 6830,
      "read_keys": 6536,
      "approximate_size": 45,
      "approximate_keys": 52425
    },
    {
      "id": 1065,
      "start_key": "7480000000000000FF2B5F728000000000FF1344E30000000000FA",
      "end_key": "7480000000000000FF2B5F728000000000FF13BE5C0000000000FA",
      "epoch": {
        "conf_ver": 5,
        "version": 37
      },
      "peers": [
        {
          "id": 1066,
          "store_id": 1
        },
        {
          "id": 1067,
          "store_id": 4
        },
        {
          "id": 1068,
          "store_id": 5
        }
      ],
      "leader": {
        "id": 1067,
        "store_id": 4
      },
      "written_bytes": 1038233,
      "read_bytes": 175995,
      "written_keys": 4322,
      "read_keys": 3911,
      "approximate_size": 47,
      "approximate_keys": 40960
    },
    {
      "id": 3009,
      "start_key": "7480000000000000FF2D5F728000000000FF0A71D30000000000FA",
      "end_key": "7480000000000000FF2D5F728000000000FF0B52000000000000FA",
      "epoch": {
        "conf_ver": 5,
        "version": 54
      },
      "peers": [
        {
          "id": 3010,
          "store_id": 1
        },
        {
          "id": 3011,
          "store_id": 4
        },
        {
          "id": 3012,
          "store_id": 5
        }
      ],
      "leader": {
        "id": 3010,
        "store_id": 1
      },
      "read_bytes": 225,
      "read_keys": 5,
      "approximate_size": 91,
      "approximate_keys": 91227
    },
    {
      "id": 3021,
      "start_key": "7480000000000000FF2D5F728000000000FF0524BF0000000000FA",
      "end_key": "7480000000000000FF2D5F728000000000FF06027A0000000000FA",
      "epoch": {
        "conf_ver": 5,
        "version": 50
      },
      "peers": [
        {
          "id": 3022,
          "store_id": 1
        },
        {
          "id": 3023,
          "store_id": 4
        },
        {
          "id": 3024,
          "store_id": 5
        }
      ],
      "leader": {
        "id": 3023,
        "store_id": 4
      },
      "approximate_size": 79,
      "approximate_keys": 81920
    },
    {
      "id": 1021,
      "start_key": "7480000000000000FF2B5F728000000000FF052A650000000000FA",
      "end_key": "7480000000000000FF2B5F728000000000FF067DAA0000000000FA",
      "epoch": {
        "conf_ver": 5,
        "version": 26
      },
      "peers": [
        {
          "id": 1022,
          "store_id": 1
        },
        {
          "id": 1023,
          "store_id": 4
        },
        {
          "id": 1024,
          "store_id": 5
        }
      ],
      "leader": {
        "id": 1024,
        "store_id": 5
      },
      "written_bytes": 1901466,
      "read_bytes": 328275,
      "written_keys": 7493,
      "read_keys": 7295,
      "approximate_size": 129,
      "approximate_keys": 124473
    },
    {
      "id": 1025,
      "start_key": "7480000000000000FF2B5F728000000000FF067DAA0000000000FA",
      "end_key": "7480000000000000FF2B5F728000000000FF07D0EF0000000000FA",
      "epoch": {
        "conf_ver": 5,
        "version": 27
      },
      "peers": [
        {
          "id": 1026,
          "store_id": 1
        },
        {
          "id": 1027,
          "store_id": 4
        },
        {
          "id": 1028,
          "store_id": 5
        }
      ],
      "leader": {
        "id": 1026,
        "store_id": 1
      },
      "written_bytes": 1852952,
      "read_bytes": 309645,
      "written_keys": 7431,
      "read_keys": 6881,
      "approximate_size": 110,
      "approximate_keys": 113895
    },
    {
      "id": 1033,
      "start_key": "7480000000000000FF2B5F728000000000FF0924340000000000FA",
      "end_key": "7480000000000000FF2B5F728000000000FF0A77790000000000FA",
      "epoch": {
        "conf_ver": 5,
        "version": 29
      },
      "peers": [
        {
          "id": 1034,
          "store_id": 1
        },
        {
          "id": 1035,
          "store_id": 4
        },
        {
          "id": 1036,
          "store_id": 5
        }
      ],
      "leader": {
        "id": 1036,
        "store_id": 5
      },
      "written_bytes": 2519431,
      "read_bytes": 441090,
      "written_keys": 9590,
      "read_keys": 9802,
      "approximate_size": 112,
      "approximate_keys": 109271
    },
    {
      "id": 2041,
      "start_key": "7480000000000000FF2D5F728000000000FF0B52000000000000FA",
      "end_key": "7480000000000000FF2D5F728000000000FF0BC5180000000000FA",
      "epoch": {
        "conf_ver": 5,
        "version": 54
      },
      "peers": [
        {
          "id": 2042,
          "store_id": 1
        },
        {
          "id": 2043,
          "store_id": 4
        },
        {
          "id": 2044,
          "store_id": 5
        }
      ],
      "leader": {
        "id": 2043,
        "store_id": 4
      },
      "written_bytes": 1355,
      "read_bytes": 45,
      "written_keys": 7,
      "read_keys": 1,
      "approximate_size": 42,
      "approximate_keys": 43889
    },
    {
      "id": 1089,
      "start_key": "7480000000000000FF2B5F728000000000FF17B8F90000000000FA",
      "end_key": "7480000000000000FF2B5F728000000000FF190C4E0000000000FA",
      "epoch": {
        "conf_ver": 5,
        "version": 40
      },
      "peers": [
        {
          "id": 1090,
          "store_id": 1
        },
        {
          "id": 1091,
          "store_id": 4
        },
        {
          "id": 1092,
          "store_id": 5
        }
      ],
      "leader": {
        "id": 1090,
        "store_id": 1
      },
      "written_bytes": 1782585,
      "read_bytes": 300735,
      "written_keys": 7202,
      "read_keys": 6683,
      "approximate_size": 108,
      "approximate_keys": 81989
    },
    {
      "id": 2049,
      "start_key": "7480000000000000FF2D5F728000000000FF0DFB1F0000000000FA",
      "end_key": "7480000000000000FF2D5F728000000000FF0E6BA20000000000FA",
      "epoch": {
        "conf_ver": 5,
        "version": 56
      },
      "peers": [
        {
          "id": 2050,
          "store_id": 1
        },
        {
          "id": 2051,
          "store_id": 4
        },
        {
          "id": 2052,
          "store_id": 5
        }
      ],
      "leader": {
        "id": 2050,
        "store_id": 1
      },
      "written_bytes": 1339,
      "read_bytes": 225,
      "written_keys": 6,
      "read_keys": 5,
      "approximate_size": 45,
      "approximate_keys": 82368
    },
    {
      "id": 3029,
      "start_key": "7480000000000000FF2D5F728000000000FF1A59ED0000000000FA",
      "end_key": "7480000000000000FF2D5F728000000000FF1B399B0000000000FA",
      "epoch": {
        "conf_ver": 5,
        "version": 66
      },
      "peers": [
        {
          "id": 3030,
          "store_id": 1
        },
        {
          "id": 3031,
          "store_id": 4
        },
        {
          "id": 3032,
          "store_id": 5
        }
      ],
      "leader": {
        "id": 3032,
        "store_id": 5
      },
      "read_bytes": 45,
      "read_keys": 1,
      "approximate_size": 82,
      "approximate_keys": 67188
    },
    {
      "id": 44,
      "start_key": "7480000000000000FF1500000000000000F8",
      "end_key": "7480000000000000FF1700000000000000F8",
      "epoch": {
        "conf_ver": 5,
        "version": 11
      },
      "peers": [
        {
          "id": 45,
          "store_id": 1
        },
        {
          "id": 46,
          "store_id": 4
        },
        {
          "id": 47,
          "store_id": 5
        }
      ],
      "leader": {
        "id": 45,
        "store_id": 1
      },
      "read_bytes": 7456064,
      "read_keys": 732,
      "approximate_size": 1,
      "approximate_keys": 210
    },
    {
      "id": 60,
      "start_key": "7480000000000000FF1D00000000000000F8",
      "end_key": "7480000000000000FF1F00000000000000F8",
      "epoch": {
        "conf_ver": 5,
        "version": 15
      },
      "peers": [
        {
          "id": 61,
          "store_id": 1
        },
        {
          "id": 62,
          "store_id": 4
        },
        {
          "id": 63,
          "store_id": 5
        }
      ],
      "leader": {
        "id": 62,
        "store_id": 4
      },
      "written_bytes": 26,
      "written_keys": 1,
      "approximate_size": 1,
      "approximate_keys": 436048
    },
    {
      "id": 1013,
      "start_key": "7480000000000000FF2B5F728000000000FF0283DB0000000000FA",
      "end_key": "7480000000000000FF2B5F728000000000FF03D7200000000000FA",
      "epoch": {
        "conf_ver": 5,
        "version": 24
      },
      "peers": [
        {
          "id": 1014,
          "store_id": 1
        },
        {
          "id": 1015,
          "store_id": 4
        },
        {
          "id": 1016,
          "store_id": 5
        }
      ],
      "leader": {
        "id": 1014,
        "store_id": 1
      },
      "written_bytes": 1561079,
      "read_bytes": 253395,
      "written_keys": 6426,
      "read_keys": 5631,
      "approximate_size": 118,
      "approximate_keys": 95471
    },
    {
      "id": 1037,
      "start_key": "7480000000000000FF2B5F698000000000FF0000010175736572FF38313930FF383835FF3332333232FF3838FF313237383700FE00FE",
      "end_key": "7480000000000000FF2B5F728000000000FF00799F0000000000FA",
      "epoch": {
        "conf_ver": 5,
        "version": 24
      },
      "peers": [
        {
          "id": 1038,
          "store_id": 1
        },
        {
          "id": 1039,
          "store_id": 4
        },
        {
          "id": 1040,
          "store_id": 5
        }
      ],
      "leader": {
        "id": 1040,
        "store_id": 5
      },
      "written_bytes": 514737,
      "read_bytes": 1252273,
      "written_keys": 2209,
      "read_keys": 16022,
      "approximate_size": 62,
      "approximate_keys": 266747
    },
    {
      "id": 2017,
      "start_key": "7480000000000000FF2D5F728000000000FF03D17A0000000000FA",
      "end_key": "7480000000000000FF2D5F728000000000FF0524BF0000000000FA",
      "epoch": {
        "conf_ver": 5,
        "version": 48
      },
      "peers": [
        {
          "id": 2018,
          "store_id": 1
        },
        {
          "id": 2019,
          "store_id": 4
        },
        {
          "id": 2020,
          "store_id": 5
        }
      ],
      "leader": {
        "id": 2018,
        "store_id": 1
      },
      "read_bytes": 495,
      "read_keys": 11,
      "approximate_size": 124,
      "approximate_keys": 116334
    },
    {
      "id": 2033,
      "start_key": "7480000000000000FF2D5F728000000000FF091E8E0000000000FA",
      "end_key": "7480000000000000FF2D5F728000000000FF0A71D30000000000FA",
      "epoch": {
        "conf_ver": 5,
        "version": 52
      },
      "peers": [
        {
          "id": 2034,
          "store_id": 1
        },
        {
          "id": 2035,
          "store_id": 4
        },
        {
          "id": 2036,
          "store_id": 5
        }
      ],
      "leader": {
        "id": 2034,
        "store_id": 1
      },
      "written_bytes": 5332,
      "read_bytes": 675,
      "written_keys": 24,
      "read_keys": 15,
      "approximate_size": 133,
      "approximate_keys": 146963
    },
    {
      "id": 2069,
      "start_key": "7480000000000000FF2D5F698000000000FF0000010175736572FF36313438FF303433FF3239363037FF3532FF333137393300FE00FE",
      "end_key": "7480000000000000FF2D5F698000000000FF0000010175736572FF38313635FF383933FF3432333932FF3434FF393636303700FE00FE",
      "epoch": {
        "conf_ver": 5,
        "version": 48
      },
      "peers": [
        {
          "id": 2070,
          "store_id": 1
        },
        {
          "id": 2071,
          "store_id": 4
        },
        {
          "id": 2072,
          "store_id": 5
        }
      ],
      "leader": {
        "id": 2071,
        "store_id": 4
      },
      "written_bytes": 28,
      "read_bytes": 3608,
      "written_keys": 1,
      "read_keys": 44,
      "approximate_size": 40,
      "approximate_keys": 507004
    },
    {
      "id": 2117,
      "start_key": "7480000000000000FF2B5F728000000000FF0E71480000000000FA",
      "end_key": "7480000000000000FF2B5F728000000000FF0F26180000000000FA",
      "epoch": {
        "conf_ver": 5,
        "version": 35
      },
      "peers": [
        {
          "id": 2118,
          "store_id": 1
        },
        {
          "id": 2119,
          "store_id": 4
        },
        {
          "id": 2120,
          "store_id": 5
        }
      ],
      "leader": {
        "id": 2119,
        "store_id": 4
      },
      "written_bytes": 5157568,
      "read_bytes": 869580,
      "written_keys": 18271,
      "read_keys": 19324,
      "approximate_size": 91,
      "approximate_keys": 88432
    },
    {
      "id": 24,
      "start_key": "7480000000000000FF0B00000000000000F8",
      "end_key": "7480000000000000FF0D00000000000000F8",
      "epoch": {
        "conf_ver": 5,
        "version": 6
      },
      "peers": [
        {
          "id": 25,
          "store_id": 1
        },
        {
          "id": 26,
          "store_id": 4
        },
        {
          "id": 27,
          "store_id": 5
        }
      ],
      "leader": {
        "id": 27,
        "store_id": 5
      },
      "approximate_size": 1,
      "approximate_keys": 148391
    },
    {
      "id": 32,
      "start_key": "7480000000000000FF0F00000000000000F8",
      "end_key": "7480000000000000FF1100000000000000F8",
      "epoch": {
        "conf_ver": 5,
        "version": 8
      },
      "peers": [
        {
          "id": 33,
          "store_id": 1
        },
        {
          "id": 34,
          "store_id": 4
        },
        {
          "id": 35,
          "store_id": 5
        }
      ],
      "leader": {
        "id": 33,
        "store_id": 1
      },
      "written_bytes": 1019,
      "read_bytes": 936,
      "written_keys": 16,
      "read_keys": 14,
      "approximate_size": 1,
      "approximate_keys": 6
    },
    {
      "id": 64,
      "start_key": "7480000000000000FF1F00000000000000F8",
      "end_key": "7480000000000000FF2100000000000000F8",
      "epoch": {
        "conf_ver": 5,
        "version": 16
      },
      "peers": [
        {
          "id": 65,
          "store_id": 1
        },
        {
          "id": 66,
          "store_id": 4
        },
        {
          "id": 67,
          "store_id": 5
        }
      ],
      "leader": {
        "id": 66,
        "store_id": 4
      },
      "written_bytes": 26,
      "written_keys": 1,
      "approximate_size": 1,
      "approximate_keys": 148383
    },
    {
      "id": 2013,
      "start_key": "7480000000000000FF2D5F728000000000FF027E350000000000FA",
      "end_key": "7480000000000000FF2D5F728000000000FF03D17A0000000000FA",
      "epoch": {
        "conf_ver": 5,
        "version": 47
      },
      "peers": [
        {
          "id": 2014,
          "store_id": 1
        },
        {
          "id": 2015,
          "store_id": 4
        },
        {
          "id": 2016,
          "store_id": 5
        }
      ],
      "leader": {
        "id": 2016,
        "store_id": 5
      },
      "read_bytes": 315,
      "read_keys": 7,
      "approximate_size": 155,
      "approximate_keys": 87875
    },
    {
      "id": 3005,
      "start_key": "7480000000000000FF2D5F728000000000FF1265710000000000FA",
      "end_key": "7480000000000000FF2D5F728000000000FF1344110000000000FA",
      "epoch": {
        "conf_ver": 5,
        "version": 60
      },
      "peers": [
        {
          "id": 3006,
          "store_id": 1
        },
        {
          "id": 3007,
          "store_id": 4
        },
        {
          "id": 3008,
          "store_id": 5
        }
      ],
      "leader": {
        "id": 3008,
        "store_id": 5
      },
      "written_bytes": 1327,
      "read_bytes": 360,
      "written_keys": 6,
      "read_keys": 8,
      "approximate_size": 87,
      "approximate_keys": 35430
    },
    {
      "id": 40,
      "start_key": "7480000000000000FF1300000000000000F8",
      "end_key": "7480000000000000FF1500000000000000F8",
      "epoch": {
        "conf_ver": 5,
        "version": 10
      },
      "peers": [
        {
          "id": 41,
          "store_id": 1
        },
        {
          "id": 42,
          "store_id": 4
        },
        {
          "id": 43,
          "store_id": 5
        }
      ],
      "leader": {
        "id": 42,
        "store_id": 4
      },
      "written_bytes": 742,
      "read_bytes": 4141,
      "written_keys": 11,
      "read_keys": 78,
      "approximate_size": 1,
      "approximate_keys": 17
    },
    {
      "id": 56,
      "start_key": "7480000000000000FF1B00000000000000F8",
      "end_key": "7480000000000000FF1D00000000000000F8",
      "epoch": {
        "conf_ver": 5,
        "version": 14
      },
      "peers": [
        {
          "id": 57,
          "store_id": 1
        },
        {
          "id": 58,
          "store_id": 4
        },
        {
          "id": 59,
          "store_id": 5
        }
      ],
      "leader": {
        "id": 57,
        "store_id": 1
      },
      "approximate_size": 1,
      "approximate_keys": 536083
    },
    {
      "id": 2009,
      "start_key": "7480000000000000FF2D5F728000000000FF012AF00000000000FA",
      "end_key": "7480000000000000FF2D5F728000000000FF027E350000000000FA",
      "epoch": {
        "conf_ver": 5,
        "version": 46
      },
      "peers": [
        {
          "id": 2010,
          "store_id": 1
        },
        {
          "id": 2011,
          "store_id": 4
        },
        {
          "id": 2012,
          "store_id": 5
        }
      ],
      "leader": {
        "id": 2012,
        "store_id": 5
      },
      "read_bytes": 270,
      "read_keys": 6,
      "approximate_size": 121,
      "approximate_keys": 112729
    },
    {
      "id": 2101,
      "start_key": "7480000000000000FF2D5F728000000000FF1BAD320000000000FA",
      "end_key": "7480000000000000FF2D5F728000000000FF1D00770000000000FA",
      "epoch": {
        "conf_ver": 5,
        "version": 66
      },
      "peers": [
        {
          "id": 2102,
          "store_id": 1
        },
        {
          "id": 2103,
          "store_id": 4
        },
        {
          "id": 2104,
          "store_id": 5
        }
      ],
      "leader": {
        "id": 2104,
        "store_id": 5
      },
      "written_bytes": 2654,
      "read_bytes": 450,
      "written_keys": 12,
      "read_keys": 10,
      "approximate_size": 112,
      "approximate_keys": 130936
    },
    {
      "id": 28,
      "start_key": "7480000000000000FF0D00000000000000F8",
      "end_key": "7480000000000000FF0F00000000000000F8",
      "epoch": {
        "conf_ver": 5,
        "version": 7
      },
      "peers": [
        {
          "id": 29,
          "store_id": 1
        },
        {
          "id": 30,
          "store_id": 4
        },
        {
          "id": 31,
          "store_id": 5
        }
      ],
      "leader": {
        "id": 31,
        "store_id": 5
      },
      "read_bytes": 19624,
      "read_keys": 222,
      "approximate_size": 1,
      "approximate_keys": 148391
    },
    {
      "id": 1101,
      "start_key": "7480000000000000FF2B5F728000000000FF1BB2D80000000000FA",
      "end_key": "7480000000000000FF2B5F728000000000FF1D061D0000000000FA",
      "epoch": {
        "conf_ver": 5,
        "version": 43
      },
      "peers": [
        {
          "id": 1102,
          "store_id": 1
        },
        {
          "id": 1103,
          "store_id": 4
        },
        {
          "id": 1104,
          "store_id": 5
        }
      ],
      "leader": {
        "id": 1103,
        "store_id": 4
      },
      "written_bytes": 1581817,
      "read_bytes": 276435,
      "written_keys": 6363,
      "read_keys": 6143,
      "approximate_size": 106,
      "approximate_keys": 82350
    },
    {
      "id": 2025,
      "start_key": "7480000000000000FF2D5F728000000000FF0678040000000000FA",
      "end_key": "7480000000000000FF2D5F728000000000FF07CB490000000000FA",
      "epoch": {
        "conf_ver": 5,
        "version": 50
      },
      "peers": [
        {
          "id": 2026,
          "store_id": 1
        },
        {
          "id": 2027,
          "store_id": 4
        },
        {
          "id": 2028,
          "store_id": 5
        }
      ],
      "leader": {
        "id": 2027,
        "store_id": 4
      },
      "read_bytes": 135,
      "read_keys": 3,
      "approximate_size": 124,
      "approximate_keys": 141952
    },
    {
      "id": 1085,
      "start_key": "7480000000000000FF2B00000000000000F8",
      "end_key": "7480000000000000FF2B5F698000000000FF0000010175736572FF36313533FF383132FF3433333538FF3733FF313935363000FE00FE",
      "epoch": {
        "conf_ver": 5,
        "version": 25
      },
      "peers": [
        {
          "id": 1086,
          "store_id": 1
        },
        {
          "id": 1087,
          "store_id": 4
        },
        {
          "id": 1088,
          "store_id": 5
        }
      ],
      "leader": {
        "id": 1088,
        "store_id": 5
      },
      "read_bytes": 16977280,
      "read_keys": 207040,
      "approximate_size": 101,
      "approximate_keys": 1288133
    },
    {
      "id": 2077,
      "start_key": "7480000000000000FF2D5F728000000000FF150BFE0000000000FA",
      "end_key": "7480000000000000FF2D5F728000000000FF165FA80000000000FA",
      "epoch": {
        "conf_ver": 5,
        "version": 61
      },
      "peers": [
        {
          "id": 2078,
          "store_id": 1
        },
        {
          "id": 2079,
          "store_id": 4
        },
        {
          "id": 2080,
          "store_id": 5
        }
      ],
      "leader": {
        "id": 2079,
        "store_id": 4
      },
      "written_bytes": 2652,
      "read_bytes": 315,
      "written_keys": 12,
      "read_keys": 7,
      "approximate_size": 125,
      "approximate_keys": 81920
    },
    {
      "id": 2089,
      "start_key": "7480000000000000FF2D5F728000000000FF18926F0000000000FA",
      "end_key": "7480000000000000FF2D5F728000000000FF1906A80000000000FA",
      "epoch": {
        "conf_ver": 5,
        "version": 64
      },
      "peers": [
        {
          "id": 2090,
          "store_id": 1
        },
        {
          "id": 2091,
          "store_id": 4
        },
        {
          "id": 2092,
          "store_id": 5
        }
      ],
      "leader": {
        "id": 2092,
        "store_id": 5
      },
      "written_bytes": 28,
      "read_bytes": 45,
      "written_keys": 1,
      "read_keys": 1,
      "approximate_size": 48,
      "approximate_keys": 40960
    },
    {
      "id": 2,
      "start_key": "7480000000000000FF2D5F728000000000FF1DFF2E0000000000FA",
      "end_key": "",
      "epoch": {
        "conf_ver": 5,
        "version": 67
      },
      "peers": [
        {
          "id": 3,
          "store_id": 1
        },
        {
          "id": 6,
          "store_id": 4
        },
        {
          "id": 7,
          "store_id": 5
        }
      ],
      "leader": {
        "id": 6,
        "store_id": 4
      },
      "written_bytes": 1331,
      "read_bytes": 45,
      "written_keys": 6,
      "read_keys": 1,
      "approximate_size": 61,
      "approximate_keys": 80927
    },
    {
      "id": 48,
      "start_key": "7480000000000000FF1700000000000000F8",
      "end_key": "7480000000000000FF1900000000000000F8",
      "epoch": {
        "conf_ver": 5,
        "version": 12
      },
      "peers": [
        {
          "id": 49,
          "store_id": 1
        },
        {
          "id": 50,
          "store_id": 4
        },
        {
          "id": 51,
          "store_id": 5
        }
      ],
      "leader": {
        "id": 49,
        "store_id": 1
      },
      "approximate_size": 8,
      "approximate_keys": 2858
    },
    {
      "id": 1017,
      "start_key": "7480000000000000FF2B5F728000000000FF03D7200000000000FA",
      "end_key": "7480000000000000FF2B5F728000000000FF052A650000000000FA",
      "epoch": {
        "conf_ver": 5,
        "version": 25
      },
      "peers": [
        {
          "id": 1018,
          "store_id": 1
        },
        {
          "id": 1019,
          "store_id": 4
        },
        {
          "id": 1020,
          "store_id": 5
        }
      ],
      "leader": {
        "id": 1020,
        "store_id": 5
      },
      "written_bytes": 1846260,
      "read_bytes": 315450,
      "written_keys": 7270,
      "read_keys": 7010,
      "approximate_size": 118,
      "approximate_keys": 82560
    },
    {
      "id": 1061,
      "start_key": "7480000000000000FF2B5F728000000000FF11F3360000000000FA",
      "end_key": "7480000000000000FF2B5F728000000000FF126B170000000000FA",
      "epoch": {
        "conf_ver": 5,
        "version": 36
      },
      "peers": [
        {
          "id": 1062,
          "store_id": 1
        },
        {
          "id": 1063,
          "store_id": 4
        },
        {
          "id": 1064,
          "store_id": 5
        }
      ],
      "leader": {
        "id": 1064,
        "store_id": 5
      },
      "written_bytes": 1295050,
      "read_bytes": 209835,
      "written_keys": 5283,
      "read_keys": 4663,
      "approximate_size": 39,
      "approximate_keys": 52035
    },
    {
      "id": 1073,
      "start_key": "7480000000000000FF2B5F728000000000FF13BE5C0000000000FA",
      "end_key": "7480000000000000FF2B5F728000000000FF1511A50000000000FA",
      "epoch": {
        "conf_ver": 5,
        "version": 37
      },
      "peers": [
        {
          "id": 1074,
          "store_id": 1
        },
        {
          "id": 1075,
          "store_id": 4
        },
        {
          "id": 1076,
          "store_id": 5
        }
      ],
      "leader": {
        "id": 1074,
        "store_id": 1
      },
      "written_bytes": 2474895,
      "read_bytes": 419355,
      "written_keys": 9731,
      "read_keys": 9319,
      "approximate_size": 120,
      "approximate_keys": 113018
    },
    {
      "id": 3001,
      "start_key": "7480000000000000FF2D5F728000000000FF1D00770000000000FA",
      "end_key": "7480000000000000FF2D5F728000000000FF1DFF2E0000000000FA",
      "epoch": {
        "conf_ver": 5,
        "version": 67
      },
      "peers": [
        {
          "id": 3002,
          "store_id": 1
        },
        {
          "id": 3003,
          "store_id": 4
        },
        {
          "id": 3004,
          "store_id": 5
        }
      ],
      "leader": {
        "id": 3004,
        "store_id": 5
      },
      "written_bytes": 1327,
      "read_bytes": 270,
      "written_keys": 6,
      "read_keys": 6,
      "approximate_size": 119,
      "approximate_keys": 379218
    },
    {
      "id": 20,
      "start_key": "7480000000000000FF0900000000000000F8",
      "end_key": "7480000000000000FF0B00000000000000F8",
      "epoch": {
        "conf_ver": 5,
        "version": 5
      },
      "peers": [
        {
          "id": 21,
          "store_id": 1
        },
        {
          "id": 22,
          "store_id": 4
        },
        {
          "id": 23,
          "store_id": 5
        }
      ],
      "leader": {
        "id": 22,
        "store_id": 4
      },
      "written_bytes": 26,
      "written_keys": 1,
      "approximate_size": 1,
      "approximate_keys": 436048
    },
    {
      "id": 1005,
      "start_key": "7480000000000000FF2B5F728000000000FF00799F0000000000FA",
      "end_key": "7480000000000000FF2B5F728000000000FF0130960000000000FA",
      "epoch": {
        "conf_ver": 5,
        "version": 23
      },
      "peers": [
        {
          "id": 1006,
          "store_id": 1
        },
        {
          "id": 1007,
          "store_id": 4
        },
        {
          "id": 1008,
          "store_id": 5
        }
      ],
      "leader": {
        "id": 1007,
        "store_id": 4
      },
      "written_bytes": 745667,
      "read_bytes": 119880,
      "written_keys": 3152,
      "read_keys": 2664,
      "approximate_size": 66,
      "approximate_keys": 79376
    },
    {
      "id": 1029,
      "start_key": "7480000000000000FF2B5F728000000000FF07D0EF0000000000FA",
      "end_key": "7480000000000000FF2B5F728000000000FF0924340000000000FA",
      "epoch": {
        "conf_ver": 5,
        "version": 28
      },
      "peers": [
        {
          "id": 1030,
          "store_id": 1
        },
        {
          "id": 1031,
          "store_id": 4
        },
        {
          "id": 1032,
          "store_id": 5
        }
      ],
      "leader": {
        "id": 1030,
        "store_id": 1
      },
      "written_bytes": 2017579,
      "read_bytes": 339750,
      "written_keys": 8103,
      "read_keys": 7550,
      "approximate_size": 111,
      "approximate_keys": 81969
    },
    {
      "id": 1041,
      "start_key": "7480000000000000FF2B5F728000000000FF0A77790000000000FA",
      "end_key": "7480000000000000FF2B5F728000000000FF0BCABE0000000000FA",
      "epoch": {
        "conf_ver": 5,
        "version": 30
      },
      "peers": [
        {
          "id": 1042,
          "store_id": 1
        },
        {
          "id": 1043,
          "store_id": 4
        },
        {
          "id": 1044,
          "store_id": 5
        }
      ],
      "leader": {
        "id": 1042,
        "store_id": 1
      },
      "written_bytes": 2606443,
      "read_bytes": 445770,
      "written_keys": 10126,
      "read_keys": 9906,
      "approximate_size": 116,
      "approximate_keys": 122880
    }
  ]
}
