{
  "count": 97,
  "regions": [
    {
      "id": 60,
      "start_key": "7480000000000000FF1D00000000000000F8",
      "end_key": "7480000000000000FF1F00000000000000F8",
      "epoch": {
        "conf_ver": 5,
        "version": 15
      },
      "peers": [
        {
          "id": 61,
          "store_id": 1
        },
        {
          "id": 62,
          "store_id": 4
        },
        {
          "id": 63,
          "store_id": 5
        }
      ],
      "leader": {
        "id": 63,
        "store_id": 5
      },
      "approximate_size": 1,
      "approximate_keys": 144597
    },
    {
      "id": 64,
      "start_key": "7480000000000000FF1F00000000000000F8",
      "end_key": "7480000000000000FF2100000000000000F8",
      "epoch": {
        "conf_ver": 5,
        "version": 16
      },
      "peers": [
        {
          "id": 65,
          "store_id": 1
        },
        {
          "id": 66,
          "store_id": 4
        },
        {
          "id": 67,
          "store_id": 5
        }
      ],
      "leader": {
        "id": 65,
        "store_id": 1
      },
      "written_bytes": 26,
      "written_keys": 1,
      "approximate_size": 1,
      "approximate_keys": 857889
    },
    {
      "id": 1029,
      "start_key": "7480000000000000FF2B5F728000000000FF07D0EF0000000000FA",
      "end_key": "7480000000000000FF2B5F728000000000FF0924340000000000FA",
      "epoch": {
        "conf_ver": 5,
        "version": 28
      },
      "peers": [
        {
          "id": 1030,
          "store_id": 1
        },
        {
          "id": 1031,
          "store_id": 4
        },
        {
          "id": 1032,
          "store_id": 5
        }
      ],
      "leader": {
        "id": 1031,
        "store_id": 4
      },
      "written_bytes": 1331,
      "read_bytes": 90,
      "written_keys": 6,
      "read_keys": 2,
      "approximate_size": 117,
      "approximate_keys": 122886
    },
    {
      "id": 1069,
      "start_key": "7480000000000000FF2B5F698000000000FF0000010175736572FF36313533FF383132FF3433333538FF3733FF313935363000FE00FE",
      "end_key": "7480000000000000FF2B5F698000000000FF0000010175736572FF38313930FF383835FF3332333232FF3838FF313237383700FE00FE",
      "epoch": {
        "conf_ver": 5,
        "version": 25
      },
      "peers": [
        {
          "id": 1070,
          "store_id": 1
        },
        {
          "id": 1071,
          "store_id": 4
        },
        {
          "id": 1072,
          "store_id": 5
        }
      ],
      "leader": {
        "id": 1071,
        "store_id": 4
      },
      "read_bytes": 1640,
      "read_keys": 20,
      "approximate_size": 40,
      "approximate_keys": 507339
    },
    {
      "id": 2053,
      "start_key": "7480000000000000FF2D5F728000000000FF0F4A0B0000000000FA",
      "end_key": "7480000000000000FF2D5F728000000000FF0FBEE70000000000FA",
      "epoch": {
        "conf_ver": 5,
        "version": 57
      },
      "peers": [
        {
          "id": 2054,
          "store_id": 1
        },
        {
          "id": 2055,
          "store_id": 4
        },
        {
          "id": 2056,
          "store_id": 5
        }
      ],
      "leader": {
        "id": 2056,
        "store_id": 5
      },
      "approximate_size": 60,
      "approximate_keys": 83596
    },
    {
      "id": 3001,
      "start_key": "7480000000000000FF2D5F728000000000FF1D00770000000000FA",
      "end_key": "7480000000000000FF2D5F728000000000FF1DFF2E0000000000FA",
      "epoch": {
        "conf_ver": 5,
        "version": 67
      },
      "peers": [
        {
          "id": 3002,
          "store_id": 1
        },
        {
          "id": 3003,
          "store_id": 4
        },
        {
          "id": 3004,
          "store_id": 5
        }
      ],
      "leader": {
        "id": 3002,
        "store_id": 1
      },
      "written_bytes": 733529,
      "read_bytes": 47160,
      "written_keys": 3136,
      "read_keys": 1048,
      "approximate_size": 80,
      "approximate_keys": 86043
    },
    {
      "id": 2,
      "start_key": "7480000000000000FF2D5F728000000000FF1DFF2E0000000000FA",
      "end_key": "",
      "epoch": {
        "conf_ver": 5,
        "version": 67
      },
      "peers": [
        {
          "id": 3,
          "store_id": 1
        },
        {
          "id": 6,
          "store_id": 4
        },
        {
          "id": 7,
          "store_id": 5
        }
      ],
      "leader": {
        "id": 3,
        "store_id": 1
      },
      "written_bytes": 391818,
      "read_bytes": 26280,
      "written_keys": 1728,
      "read_keys": 584,
      "approximate_size": 45,
      "approximate_keys": 107591
    },
    {
      "id": 44,
      "start_key": "7480000000000000FF1500000000000000F8",
      "end_key": "7480000000000000FF1700000000000000F8",
      "epoch": {
        "conf_ver": 5,
        "version": 11
      },
      "peers": [
        {
          "id": 45,
          "store_id": 1
        },
        {
          "id": 46,
          "store_id": 4
        },
        {
          "id": 47,
          "store_id": 5
        }
      ],
      "leader": {
        "id": 47,
        "store_id": 5
      },
      "read_bytes": 11204900,
      "read_keys": 1440,
      "approximate_size": 1,
      "approximate_keys": 32
    },
    {
      "id": 48,
      "start_key": "7480000000000000FF1700000000000000F8",
      "end_key": "7480000000000000FF1900000000000000F8",
      "epoch": {
        "conf_ver": 5,
        "version": 12
      },
      "peers": [
        {
          "id": 49,
          "store_id": 1
        },
        {
          "id": 50,
          "store_id": 4
        },
        {
          "id": 51,
          "store_id": 5
        }
      ],
      "leader": {
        "id": 50,
        "store_id": 4
      },
      "approximate_size": 6,
      "approximate_keys": 17878
    },
    {
      "id": 1085,
      "start_key": "7480000000000000FF2B00000000000000F8",
      "end_key": "7480000000000000FF2B5F698000000000FF0000010175736572FF36313533FF383132FF3433333538FF3733FF313935363000FE00FE",
      "epoch": {
        "conf_ver": 5,
        "version": 25
      },
      "peers": [
        {
          "id": 1086,
          "store_id": 1
        },
        {
          "id": 1087,
          "store_id": 4
        },
        {
          "id": 1088,
          "store_id": 5
        }
      ],
      "leader": {
        "id": 1088,
        "store_id": 5
      },
      "read_bytes": 8118,
      "read_keys": 99,
      "approximate_size": 101,
      "approximate_keys": 1280683
    },
    {
      "id": 2033,
      "start_key": "7480000000000000FF2D5F728000000000FF0A02000000000000FA",
      "end_key": "7480000000000000FF2D5F728000000000FF0A71D30000000000FA",
      "epoch": {
        "conf_ver": 5,
        "version": 53
      },
      "peers": [
        {
          "id": 2034,
          "store_id": 1
        },
        {
          "id": 2035,
          "store_id": 4
        },
        {
          "id": 2036,
          "store_id": 5
        }
      ],
      "leader": {
        "id": 2034,
        "store_id": 1
      },
      "written_bytes": 585400,
      "read_bytes": 36315,
      "written_keys": 2546,
      "read_keys": 807,
      "approximate_size": 42,
      "approximate_keys": 40960
    },
    {
      "id": 2129,
      "start_key": "7480000000000000FF2B5F728000000000FF0D1E030000000000FA",
      "end_key": "7480000000000000FF2B5F728000000000FF0DFF870000000000FA",
      "epoch": {
        "conf_ver": 5,
        "version": 33
      },
      "peers": [
        {
          "id": 2130,
          "store_id": 1
        },
        {
          "id": 2131,
          "store_id": 4
        },
        {
          "id": 2132,
          "store_id": 5
        }
      ],
      "leader": {
        "id": 2131,
        "store_id": 4
      },
      "written_bytes": 2644,
      "read_bytes": 135,
      "written_keys": 11,
      "read_keys": 3,
      "approximate_size": 79,
      "approximate_keys": 68250
    },
    {
      "id": 5017,
      "start_key": "7480000000000000FF2D5F728000000000FF150BFE0000000000FA",
      "end_key": "7480000000000000FF2D5F728000000000FF15E9FB0000000000FA",
      "epoch": {
        "conf_ver": 5,
        "version": 62
      },
      "peers": [
        {
          "id": 5018,
          "store_id": 1
        },
        {
          "id": 5019,
          "store_id": 4
        },
        {
          "id": 5020,
          "store_id": 5
        }
      ],
      "leader": {
        "id": 5018,
        "store_id": 1
      },
      "written_bytes": 123,
      "written_keys": 3,
      "approximate_size": 74,
      "approximate_keys": 74436
    },
    {
      "id": 1001,
      "start_key": "7480000000000000FF2900000000000000F8",
      "end_key": "7480000000000000FF2B00000000000000F8",
      "epoch": {
        "conf_ver": 5,
        "version": 21
      },
      "peers": [
        {
          "id": 1002,
          "store_id": 1
        },
        {
          "id": 1003,
          "store_id": 4
        },
        {
          "id": 1004,
          "store_id": 5
        }
      ],
      "leader": {
        "id": 1004,
        "store_id": 5
      },
      "approximate_size": 1,
      "approximate_keys": 843897
    },
    {
      "id": 1013,
      "start_key": "7480000000000000FF2B5F728000000000FF0283DB0000000000FA",
      "end_key": "7480000000000000FF2B5F728000000000FF03D7200000000000FA",
      "epoch": {
        "conf_ver": 5,
        "version": 24
      },
      "peers": [
        {
          "id": 1014,
          "store_id": 1
        },
        {
          "id": 1015,
          "store_id": 4
        },
        {
          "id": 1016,
          "store_id": 5
        }
      ],
      "leader": {
        "id": 1016,
        "store_id": 5
      },
      "approximate_size": 119,
      "approximate_keys": 151028
    },
    {
      "id": 1025,
      "start_key": "7480000000000000FF2B5F728000000000FF067DAA0000000000FA",
      "end_key": "7480000000000000FF2B5F728000000000FF07D0EF0000000000FA",
      "epoch": {
        "conf_ver": 5,
        "version": 27
      },
      "peers": [
        {
          "id": 1026,
          "store_id": 1
        },
        {
          "id": 1027,
          "store_id": 4
        },
        {
          "id": 1028,
          "store_id": 5
        }
      ],
      "leader": {
        "id": 1026,
        "store_id": 1
      },
      "written_bytes": 30,
      "written_keys": 1,
      "approximate_size": 125,
      "approximate_keys": 121207
    },
    {
      "id": 1057,
      "start_key": "7480000000000000FF2B5F728000000000FF109B8A0000000000FA",
      "end_key": "7480000000000000FF2B5F728000000000FF1117D20000000000FA",
      "epoch": {
        "conf_ver": 5,
        "version": 35
      },
      "peers": [
        {
          "id": 1058,
          "store_id": 1
        },
        {
          "id": 1059,
          "store_id": 4
        },
        {
          "id": 1060,
          "store_id": 5
        }
      ],
      "leader": {
        "id": 1058,
        "store_id": 1
      },
      "written_bytes": 30,
      "written_keys": 1,
      "approximate_size": 43,
      "approximate_keys": 46969
    },
    {
      "id": 1073,
      "start_key": "7480000000000000FF2B5F728000000000FF13BE5C0000000000FA",
      "end_key": "7480000000000000FF2B5F728000000000FF1511A50000000000FA",
      "epoch": {
        "conf_ver": 5,
        "version": 37
      },
      "peers": [
        {
          "id": 1074,
          "store_id": 1
        },
        {
          "id": 1075,
          "store_id": 4
        },
        {
          "id": 1076,
          "store_id": 5
        }
      ],
      "leader": {
        "id": 1076,
        "store_id": 5
      },
      "written_bytes": 5294,
      "read_bytes": 315,
      "written_keys": 23,
      "read_keys": 7,
      "approximate_size": 128,
      "approximate_keys": 161724
    },
    {
      "id": 2041,
      "start_key": "7480000000000000FF2D5F728000000000FF0B52000000000000FA",
      "end_key": "7480000000000000FF2D5F728000000000FF0BC5180000000000FA",
      "epoch": {
        "conf_ver": 5,
        "version": 54
      },
      "peers": [
        {
          "id": 2042,
          "store_id": 1
        },
        {
          "id": 2043,
          "store_id": 4
        },
        {
          "id": 2044,
          "store_id": 5
        }
      ],
      "leader": {
        "id": 2043,
        "store_id": 4
      },
      "written_bytes": 698726,
      "read_bytes": 45765,
      "written_keys": 2911,
      "read_keys": 1017,
      "approximate_size": 41,
      "approximate_keys": 1038
    },
    {
      "id": 2065,
      "start_key": "7480000000000000FF2D5F728000000000FF1344110000000000FA",
      "end_key": "7480000000000000FF2D5F728000000000FF13B8B60000000000FA",
      "epoch": {
        "conf_ver": 5,
        "version": 60
      },
      "peers": [
        {
          "id": 2066,
          "store_id": 1
        },
        {
          "id": 2067,
          "store_id": 4
        },
        {
          "id": 2068,
          "store_id": 5
        }
      ],
      "leader": {
        "id": 2068,
        "store_id": 5
      },
      "written_bytes": 548155,
      "read_bytes": 37035,
      "written_keys": 2359,
      "read_keys": 823,
      "approximate_size": 39,
      "approximate_keys": 41414
    },
    {
      "id": 2113,
      "start_key": "7480000000000000FF2B5F728000000000FF0FC48D0000000000FA",
      "end_key": "7480000000000000FF2B5F728000000000FF109B8A0000000000FA",
      "epoch": {
        "conf_ver": 5,
        "version": 35
      },
      "peers": [
        {
          "id": 2114,
          "store_id": 1
        },
        {
          "id": 2115,
          "store_id": 4
        },
        {
          "id": 2116,
          "store_id": 5
        }
      ],
      "leader": {
        "id": 2115,
        "store_id": 4
      },
      "written_bytes": 3968,
      "read_bytes": 450,
      "written_keys": 17,
      "read_keys": 10,
      "approximate_size": 85,
      "approximate_keys": 93955
    },
    {
      "id": 3041,
      "start_key": "7480000000000000FF2B5F728000000000FF126B170000000000FA",
      "end_key": "7480000000000000FF2B5F728000000000FF1344E30000000000FA",
      "epoch": {
        "conf_ver": 5,
        "version": 37
      },
      "peers": [
        {
          "id": 3042,
          "store_id": 1
        },
        {
          "id": 3043,
          "store_id": 4
        },
        {
          "id": 3044,
          "store_id": 5
        }
      ],
      "leader": {
        "id": 3043,
        "store_id": 4
      },
      "read_bytes": 180,
      "read_keys": 4,
      "approximate_size": 73,
      "approximate_keys": 81920
    },
    {
      "id": 68,
      "start_key": "7480000000000000FF2100000000000000F8",
      "end_key": "7480000000000000FF2300000000000000F8",
      "epoch": {
        "conf_ver": 5,
        "version": 17
      },
      "peers": [
        {
          "id": 69,
          "store_id": 1
        },
        {
          "id": 70,
          "store_id": 4
        },
        {
          "id": 71,
          "store_id": 5
        }
      ],
      "leader": {
        "id": 71,
        "store_id": 5
      },
      "approximate_size": 1,
      "approximate_keys": 843897
    },
    {
      "id": 1017,
      "start_key": "7480000000000000FF2B5F728000000000FF03D7200000000000FA",
      "end_key": "7480000000000000FF2B5F728000000000FF052A650000000000FA",
      "epoch": {
        "conf_ver": 5,
        "version": 25
      },
      "peers": [
        {
          "id": 1018,
          "store_id": 1
        },
        {
          "id": 1019,
          "store_id": 4
        },
        {
          "id": 1020,
          "store_id": 5
        }
      ],
      "leader": {
        "id": 1019,
        "store_id": 4
      },
      "written_bytes": 1331,
      "read_bytes": 90,
      "written_keys": 6,
      "read_keys": 2,
      "approximate_size": 118,
      "approximate_keys": 140789
    },
    {
      "id": 1081,
      "start_key": "7480000000000000FF2B5F728000000000FF1743970000000000FA",
      "end_key": "7480000000000000FF2B5F728000000000FF17B8F90000000000FA",
      "epoch": {
        "conf_ver": 5,
        "version": 40
      },
      "peers": [
        {
          "id": 1082,
          "store_id": 1
        },
        {
          "id": 1083,
          "store_id": 4
        },
        {
          "id": 1084,
          "store_id": 5
        }
      ],
      "leader": {
        "id": 1084,
        "store_id": 5
      },
      "written_bytes": 1326,
      "read_bytes": 45,
      "written_keys": 6,
      "read_keys": 1,
      "approximate_size": 42,
      "approximate_keys": 41631
    },
    {
      "id": 3029,
      "start_key": "7480000000000000FF2D5F728000000000FF1A59ED0000000000FA",
      "end_key": "7480000000000000FF2D5F728000000000FF1B399B0000000000FA",
      "epoch": {
        "conf_ver": 5,
        "version": 66
      },
      "peers": [
        {
          "id": 3030,
          "store_id": 1
        },
        {
          "id": 3031,
          "store_id": 4
        },
        {
          "id": 3032,
          "store_id": 5
        }
      ],
      "leader": {
        "id": 3032,
        "store_id": 5
      },
      "written_bytes": 291876,
      "read_bytes": 17460,
      "written_keys": 1236,
      "read_keys": 388,
      "approximate_size": 75,
      "approximate_keys": 41639
    },
    {
      "id": 5005,
      "start_key": "7480000000000000FF2D5F728000000000FF091E8E0000000000FA",
      "end_key": "7480000000000000FF2D5F728000000000FF0A02000000000000FA",
      "epoch": {
        "conf_ver": 5,
        "version": 53
      },
      "peers": [
        {
          "id": 5006,
          "store_id": 1
        },
        {
          "id": 5007,
          "store_id": 4
        },
        {
          "id": 5008,
          "store_id": 5
        }
      ],
      "leader": {
        "id": 5007,
        "store_id": 4
      },
      "written_bytes": 1063077,
      "read_bytes": 70065,
      "written_keys": 4238,
      "read_keys": 1557,
      "approximate_size": 79,
      "approximate_keys": 66921
    },
    {
      "id": 6001,
      "start_key": "7480000000000000FF2B5F728000000000FF0F26180000000000FA",
      "end_key": "7480000000000000FF2B5F728000000000FF0F73350000000000FA",
      "epoch": {
        "conf_ver": 5,
        "version": 41
      },
      "peers": [
        {
          "id": 6002,
          "store_id": 1
        },
        {
          "id": 6003,
          "store_id": 4
        },
        {
          "id": 6004,
          "store_id": 5
        }
      ],
      "leader": {
        "id": 6004,
        "store_id": 5
      },
      "written_bytes": 14533,
      "read_bytes": 810,
      "written_keys": 62,
      "read_keys": 18,
      "approximate_size": 57,
      "approximate_keys": 117071
    },
    {
      "id": 1033,
      "start_key": "7480000000000000FF2B5F728000000000FF0924340000000000FA",
      "end_key": "7480000000000000FF2B5F728000000000FF0A77790000000000FA",
      "epoch": {
        "conf_ver": 5,
        "version": 29
      },
      "peers": [
        {
          "id": 1034,
          "store_id": 1
        },
        {
          "id": 1035,
          "store_id": 4
        },
        {
          "id": 1036,
          "store_id": 5
        }
      ],
      "leader": {
        "id": 1036,
        "store_id": 5
      },
      "written_bytes": 5294,
      "read_bytes": 315,
      "written_keys": 23,
      "read_keys": 7,
      "approximate_size": 126,
      "approximate_keys": 122895
    },
    {
      "id": 2093,
      "start_key": "7480000000000000FF2D5F728000000000FF1906A80000000000FA",
      "end_key": "7480000000000000FF2D5F728000000000FF1A59ED0000000000FA",
      "epoch": {
        "conf_ver": 5,
        "version": 64
      },
      "peers": [
        {
          "id": 2094,
          "store_id": 1
        },
        {
          "id": 2095,
          "store_id": 4
        },
        {
          "id": 2096,
          "store_id": 5
        }
      ],
      "leader": {
        "id": 2094,
        "store_id": 1
      },
      "written_bytes": 1100636,
      "read_bytes": 73215,
      "written_keys": 4601,
      "read_keys": 1627,
      "approximate_size": 114,
      "approximate_keys": 128608
    },
    {
      "id": 5001,
      "start_key": "7480000000000000FF2B5F728000000000FF1665510000000000FA",
      "end_key": "7480000000000000FF2B5F728000000000FF1743970000000000FA",
      "epoch": {
        "conf_ver": 5,
        "version": 40
      },
      "peers": [
        {
          "id": 5002,
          "store_id": 1
        },
        {
          "id": 5003,
          "store_id": 4
        },
        {
          "id": 5004,
          "store_id": 5
        }
      ],
      "leader": {
        "id": 5003,
        "store_id": 4
      },
      "approximate_size": 89,
      "approximate_keys": 155406
    },
    {
      "id": 5009,
      "start_key": "7480000000000000FF2D5F728000000000FF13B8B60000000000FA",
      "end_key": "7480000000000000FF2D5F728000000000FF1490FD0000000000FA",
      "epoch": {
        "conf_ver": 5,
        "version": 61
      },
      "peers": [
        {
          "id": 5010,
          "store_id": 1
        },
        {
          "id": 5011,
          "store_id": 4
        },
        {
          "id": 5012,
          "store_id": 5
        }
      ],
      "leader": {
        "id": 5010,
        "store_id": 1
      },
      "written_bytes": 1072832,
      "read_bytes": 69615,
      "written_keys": 4471,
      "read_keys": 1547,
      "approximate_size": 82,
      "approximate_keys": 87469
    },
    {
      "id": 36,
      "start_key": "7480000000000000FF1100000000000000F8",
      "end_key": "7480000000000000FF1300000000000000F8",
      "epoch": {
        "conf_ver": 5,
        "version": 9
      },
      "peers": [
        {
          "id": 37,
          "store_id": 1
        },
        {
          "id": 38,
          "store_id": 4
        },
        {
          "id": 39,
          "store_id": 5
        }
      ],
      "leader": {
        "id": 39,
        "store_id": 5
      },
      "approximate_size": 1,
      "approximate_keys": 843897
    },
    {
      "id": 2029,
      "start_key": "7480000000000000FF2D5F728000000000FF07CB490000000000FA",
      "end_key": "7480000000000000FF2D5F728000000000FF091E8E0000000000FA",
      "epoch": {
        "conf_ver": 5,
        "version": 51
      },
      "peers": [
        {
          "id": 2030,
          "store_id": 1
        },
        {
          "id": 2031,
          "store_id": 4
        },
        {
          "id": 2032,
          "store_id": 5
        }
      ],
      "leader": {
        "id": 2031,
        "store_id": 4
      },
      "written_bytes": 1372764,
      "read_bytes": 96030,
      "written_keys": 5343,
      "read_keys": 2134,
      "approximate_size": 120,
      "approximate_keys": 89317
    },
    {
      "id": 2069,
      "start_key": "7480000000000000FF2D5F698000000000FF0000010175736572FF36313438FF303433FF3239363037FF3532FF333137393300FE00FE",
      "end_key": "7480000000000000FF2D5F698000000000FF0000010175736572FF38313635FF383933FF3432333932FF3434FF393636303700FE00FE",
      "epoch": {
        "conf_ver": 5,
        "version": 48
      },
      "peers": [
        {
          "id": 2070,
          "store_id": 1
        },
        {
          "id": 2071,
          "store_id": 4
        },
        {
          "id": 2072,
          "store_id": 5
        }
      ],
      "leader": {
        "id": 2070,
        "store_id": 1
      },
      "read_bytes": 853456,
      "read_keys": 10408,
      "approximate_size": 40,
      "approximate_keys": 507331
    },
    {
      "id": 2133,
      "start_key": "7480000000000000FF2D5F728000000000FF0D185D0000000000FA",
      "end_key": "7480000000000000FF2D5F728000000000FF0DFB1F0000000000FA",
      "epoch": {
        "conf_ver": 5,
        "version": 56
      },
      "peers": [
        {
          "id": 2134,
          "store_id": 1
        },
        {
          "id": 2135,
          "store_id": 4
        },
        {
          "id": 2136,
          "store_id": 5
        }
      ],
      "leader": {
        "id": 2135,
        "store_id": 4
      },
      "written_bytes": 154019,
      "read_bytes": 7605,
      "written_keys": 583,
      "read_keys": 169,
      "approximate_size": 93,
      "approximate_keys": 140984
    },
    {
      "id": 8005,
      "start_key": "7480000000000000FF2B5F728000000000FF0A77790000000000FA",
      "end_key": "7480000000000000FF2B5F728000000000FF0B573C0000000000FA",
      "epoch": {
        "conf_ver": 5,
        "version": 31
      },
      "peers": [
        {
          "id": 8006,
          "store_id": 1
        },
        {
          "id": 8007,
          "store_id": 4
        },
        {
          "id": 8008,
          "store_id": 5
        }
      ],
      "leader": {
        "id": 8008,
        "store_id": 5
      },
      "approximate_size": 92,
      "approximate_keys": 100683
    },
    {
      "id": 28,
      "start_key": "7480000000000000FF0D00000000000000F8",
      "end_key": "7480000000000000FF0F00000000000000F8",
      "epoch": {
        "conf_ver": 5,
        "version": 7
      },
      "peers": [
        {
          "id": 29,
          "store_id": 1
        },
        {
          "id": 30,
          "store_id": 4
        },
        {
          "id": 31,
          "store_id": 5
        }
      ],
      "leader": {
        "id": 31,
        "store_id": 5
      },
      "read_bytes": 19342,
      "read_keys": 219,
      "approximate_size": 1,
      "approximate_keys": 1664108
    },
    {
      "id": 1093,
      "start_key": "7480000000000000FF2B5F728000000000FF190C4E0000000000FA",
      "end_key": "7480000000000000FF2B5F728000000000FF1A5F930000000000FA",
      "epoch": {
        "conf_ver": 5,
        "version": 41
      },
      "peers": [
        {
          "id": 1094,
          "store_id": 1
        },
        {
          "id": 1095,
          "store_id": 4
        },
        {
          "id": 1096,
          "store_id": 5
        }
      ],
      "leader": {
        "id": 1095,
        "store_id": 4
      },
      "read_bytes": 90,
      "read_keys": 2,
      "approximate_size": 118,
      "approximate_keys": 179409
    },
    {
      "id": 16,
      "start_key": "7480000000000000FF0700000000000000F8",
      "end_key": "7480000000000000FF0900000000000000F8",
      "epoch": {
        "conf_ver": 5,
        "version": 4
      },
      "peers": [
        {
          "id": 17,
          "store_id": 1
        },
        {
          "id": 18,
          "store_id": 4
        },
        {
          "id": 19,
          "store_id": 5
        }
      ],
      "leader": {
        "id": 19,
        "store_id": 5
      },
      "approximate_size": 1,
      "approximate_keys": 843897
    },
    {
      "id": 56,
      "start_key": "7480000000000000FF1B00000000000000F8",
      "end_key": "7480000000000000FF1D00000000000000F8",
      "epoch": {
        "conf_ver": 5,
        "version": 14
      },
      "peers": [
        {
          "id": 57,
          "store_id": 1
        },
        {
          "id": 58,
          "store_id": 4
        },
        {
          "id": 59,
          "store_id": 5
        }
      ],
      "leader": {
        "id": 57,
        "store_id": 1
      },
      "written_bytes": 26,
      "written_keys": 1,
      "approximate_size": 1,
      "approximate_keys": 857889
    },
    {
      "id": 1005,
      "start_key": "7480000000000000FF2B5F728000000000FF00799F0000000000FA",
      "end_key": "7480000000000000FF2B5F728000000000FF0130960000000000FA",
      "epoch": {
        "conf_ver": 5,
        "version": 23
      },
      "peers": [
        {
          "id": 1006,
          "store_id": 1
        },
        {
          "id": 1007,
          "store_id": 4
        },
        {
          "id": 1008,
          "store_id": 5
        }
      ],
      "leader": {
        "id": 1008,
        "store_id": 5
      },
      "written_bytes": 2662,
      "read_bytes": 135,
      "written_keys": 12,
      "read_keys": 3,
      "approximate_size": 61,
      "approximate_keys": 89533
    },
    {
      "id": 1009,
      "start_key": "7480000000000000FF2B5F728000000000FF0130960000000000FA",
      "end_key": "7480000000000000FF2B5F728000000000FF0283DB0000000000FA",
      "epoch": {
        "conf_ver": 5,
        "version": 23
      },
      "peers": [
        {
          "id": 1010,
          "store_id": 1
        },
        {
          "id": 1011,
          "store_id": 4
        },
        {
          "id": 1012,
          "store_id": 5
        }
      ],
      "leader": {
        "id": 1012,
        "store_id": 5
      },
      "written_bytes": 1331,
      "read_bytes": 90,
      "written_keys": 6,
      "read_keys": 2,
      "approximate_size": 122,
      "approximate_keys": 113708
    },
    {
      "id": 1053,
      "start_key": "7480000000000000FF2B5F728000000000FF0F73350000000000FA",
      "end_key": "7480000000000000FF2B5F728000000000FF0FC48D0000000000FA",
      "epoch": {
        "conf_ver": 5,
        "version": 38
      },
      "peers": [
        {
          "id": 1054,
          "store_id": 1
        },
        {
          "id": 1055,
          "store_id": 4
        },
        {
          "id": 1056,
          "store_id": 5
        }
      ],
      "leader": {
        "id": 1056,
        "store_id": 5
      },
      "written_bytes": 2662,
      "read_bytes": 135,
      "written_keys": 12,
      "read_keys": 3,
      "approximate_size": 39,
      "approximate_keys": 85234
    },
    {
      "id": 2013,
      "start_key": "7480000000000000FF2D5F728000000000FF027E350000000000FA",
      "end_key": "7480000000000000FF2D5F728000000000FF03D17A0000000000FA",
      "epoch": {
        "conf_ver": 5,
        "version": 47
      },
      "peers": [
        {
          "id": 2014,
          "store_id": 1
        },
        {
          "id": 2015,
          "store_id": 4
        },
        {
          "id": 2016,
          "store_id": 5
        }
      ],
      "leader": {
        "id": 2014,
        "store_id": 1
      },
      "written_bytes": 1040964,
      "read_bytes": 70200,
      "written_keys": 4369,
      "read_keys": 1560,
      "approximate_size": 114,
      "approximate_keys": 107930
    },
    {
      "id": 2037,
      "start_key": "7480000000000000FF2D5F698000000000FF0000010175736572FF38313635FF383933FF3432333932FF3434FF393636303700FE00FE",
      "end_key": "7480000000000000FF2D5F728000000000FF007A6A0000000000FA",
      "epoch": {
        "conf_ver": 5,
        "version": 47
      },
      "peers": [
        {
          "id": 2038,
          "store_id": 1
        },
        {
          "id": 2039,
          "store_id": 4
        },
        {
          "id": 2040,
          "store_id": 5
        }
      ],
      "leader": {
        "id": 2040,
        "store_id": 5
      },
      "written_bytes": 364588,
      "read_bytes": 377071,
      "written_keys": 1580,
      "read_keys": 4829,
      "approximate_size": 51,
      "approximate_keys": 233322
    },
    {
      "id": 2057,
      "start_key": "7480000000000000FF2D5F728000000000FF1092C90000000000FA",
      "end_key": "7480000000000000FF2D5F728000000000FF11122C0000000000FA",
      "epoch": {
        "conf_ver": 5,
        "version": 58
      },
      "peers": [
        {
          "id": 2058,
          "store_id": 1
        },
        {
          "id": 2059,
          "store_id": 4
        },
        {
          "id": 2060,
          "store_id": 5
        }
      ],
      "leader": {
        "id": 2058,
        "store_id": 1
      },
      "written_bytes": 1158126,
      "read_bytes": 74925,
      "written_keys": 4815,
      "read_keys": 1665,
      "approximate_size": 46,
      "approximate_keys": 74439
    },
    {
      "id": 3005,
      "start_key": "7480000000000000FF2D5F728000000000FF1265710000000000FA",
      "end_key": "7480000000000000FF2D5F728000000000FF1344110000000000FA",
      "epoch": {
        "conf_ver": 5,
        "version": 60
      },
      "peers": [
        {
          "id": 3006,
          "store_id": 1
        },
        {
          "id": 3007,
          "store_id": 4
        },
        {
          "id": 3008,
          "store_id": 5
        }
      ],
      "leader": {
        "id": 3006,
        "store_id": 1
      },
      "written_bytes": 1269116,
      "read_bytes": 85770,
      "written_keys": 5242,
      "read_keys": 1906,
      "approximate_size": 81,
      "approximate_keys": 42749
    },
    {
      "id": 80,
      "start_key": "7480000000000000FF2700000000000000F8",
      "end_key": "7480000000000000FF2900000000000000F8",
      "epoch": {
        "conf_ver": 5,
        "version": 20
      },
      "peers": [
        {
          "id": 81,
          "store_id": 1
        },
        {
          "id": 82,
          "store_id": 4
        },
        {
          "id": 83,
          "store_id": 5
        }
      ],
      "leader": {
        "id": 83,
        "store_id": 5
      },
      "approximate_size": 1,
      "approximate_keys": 144597
    },
    {
      "id": 1061,
      "start_key": "7480000000000000FF2B5F728000000000FF11F3360000000000FA",
      "end_key": "7480000000000000FF2B5F728000000000FF126B170000000000FA",
      "epoch": {
        "conf_ver": 5,
        "version": 36
      },
      "peers": [
        {
          "id": 1062,
          "store_id": 1
        },
        {
          "id": 1063,
          "store_id": 4
        },
        {
          "id": 1064,
          "store_id": 5
        }
      ],
      "leader": {
        "id": 1064,
        "store_id": 5
      },
      "written_bytes": 5348,
      "read_bytes": 225,
      "written_keys": 24,
      "read_keys": 5,
      "approximate_size": 38,
      "approximate_keys": 40960
    },
    {
      "id": 1089,
      "start_key": "7480000000000000FF2B5F728000000000FF17B8F90000000000FA",
      "end_key": "7480000000000000FF2B5F728000000000FF190C4E0000000000FA",
      "epoch": {
        "conf_ver": 5,
        "version": 40
      },
      "peers": [
        {
          "id": 1090,
          "store_id": 1
        },
        {
          "id": 1091,
          "store_id": 4
        },
        {
          "id": 1092,
          "store_id": 5
        }
      ],
      "leader": {
        "id": 1092,
        "store_id": 5
      },
      "read_bytes": 180,
      "read_keys": 4,
      "approximate_size": 129,
      "approximate_keys": 81920
    },
    {
      "id": 2001,
      "start_key": "7480000000000000FF2B5F728000000000FF1E02000000000000FA",
      "end_key": "7480000000000000FF2D00000000000000F8",
      "epoch": {
        "conf_ver": 5,
        "version": 45
      },
      "peers": [
        {
          "id": 2002,
          "store_id": 1
        },
        {
          "id": 2003,
          "store_id": 4
        },
        {
          "id": 2004,
          "store_id": 5
        }
      ],
      "leader": {
        "id": 2004,
        "store_id": 5
      },
      "written_bytes": 1327,
      "read_bytes": 45,
      "written_keys": 6,
      "read_keys": 1,
      "approximate_size": 46,
      "approximate_keys": 48935
    },
    {
      "id": 2009,
      "start_key": "7480000000000000FF2D5F728000000000FF012AF00000000000FA",
      "end_key": "7480000000000000FF2D5F728000000000FF027E350000000000FA",
      "epoch": {
        "conf_ver": 5,
        "version": 46
      },
      "peers": [
        {
          "id": 2010,
          "store_id": 1
        },
        {
          "id": 2011,
          "store_id": 4
        },
        {
          "id": 2012,
          "store_id": 5
        }
      ],
      "leader": {
        "id": 2010,
        "store_id": 1
      },
      "written_bytes": 997467,
      "read_bytes": 66690,
      "written_keys": 4206,
      "read_keys": 1482,
      "approximate_size": 113,
      "approximate_keys": 83095
    },
    {
      "id": 3025,
      "start_key": "7480000000000000FF2D5F728000000000FF17B3520000000000FA",
      "end_key": "7480000000000000FF2D5F728000000000FF18926F0000000000FA",
      "epoch": {
        "conf_ver": 5,
        "version": 64
      },
      "peers": [
        {
          "id": 3026,
          "store_id": 1
        },
        {
          "id": 3027,
          "store_id": 4
        },
        {
          "id": 3028,
          "store_id": 5
        }
      ],
      "leader": {
        "id": 3026,
        "store_id": 1
      },
      "written_bytes": 779615,
      "read_bytes": 52200,
      "written_keys": 3329,
      "read_keys": 1160,
      "approximate_size": 71,
      "approximate_keys": 103518
    },
    {
      "id": 24,
      "start_key": "7480000000000000FF0B00000000000000F8",
      "end_key": "7480000000000000FF0D00000000000000F8",
      "epoch": {
        "conf_ver": 5,
        "version": 6
      },
      "peers": [
        {
          "id": 25,
          "store_id": 1
        },
        {
          "id": 26,
          "store_id": 4
        },
        {
          "id": 27,
          "store_id": 5
        }
      ],
      "leader": {
        "id": 26,
        "store_id": 4
      },
      "approximate_size": 1,
      "approximate_keys": 849520
    },
    {
      "id": 40,
      "start_key": "7480000000000000FF1300000000000000F8",
      "end_key": "7480000000000000FF1500000000000000F8",
      "epoch": {
        "conf_ver": 5,
        "version": 10
      },
      "peers": [
        {
          "id": 41,
          "store_id": 1
        },
        {
          "id": 42,
          "store_id": 4
        },
        {
          "id": 43,
          "store_id": 5
        }
      ],
      "leader": {
        "id": 43,
        "store_id": 5
      },
      "written_bytes": 758,
      "read_bytes": 4569,
      "written_keys": 11,
      "read_keys": 65,
      "approximate_size": 1,
      "approximate_keys": 246
    },
    {
      "id": 72,
      "start_key": "7480000000000000FF2300000000000000F8",
      "end_key": "7480000000000000FF2500000000000000F8",
      "epoch": {
        "conf_ver": 5,
        "version": 18
      },
      "peers": [
        {
          "id": 73,
          "store_id": 1
        },
        {
          "id": 74,
          "store_id": 4
        },
        {
          "id": 75,
          "store_id": 5
        }
      ],
      "leader": {
        "id": 75,
        "store_id": 5
      },
      "approximate_size": 1,
      "approximate_keys": 843897
    },
    {
      "id": 1021,
      "start_key": "7480000000000000FF2B5F728000000000FF052A650000000000FA",
      "end_key": "7480000000000000FF2B5F728000000000FF067DAA0000000000FA",
      "epoch": {
        "conf_ver": 5,
        "version": 26
      },
      "peers": [
        {
          "id": 1022,
          "store_id": 1
        },
        {
          "id": 1023,
          "store_id": 4
        },
        {
          "id": 1024,
          "store_id": 5
        }
      ],
      "leader": {
        "id": 1023,
        "store_id": 4
      },
      "written_bytes": 2662,
      "read_bytes": 270,
      "written_keys": 12,
      "read_keys": 6,
      "approximate_size": 124,
      "approximate_keys": 127656
    },
    {
      "id": 1041,
      "start_key": "7480000000000000FF2B5F728000000000FF0B573C0000000000FA",
      "end_key": "7480000000000000FF2B5F728000000000FF0BCABE0000000000FA",
      "epoch": {
        "conf_ver": 5,
        "version": 31
      },
      "peers": [
        {
          "id": 1042,
          "store_id": 1
        },
        {
          "id": 1043,
          "store_id": 4
        },
        {
          "id": 1044,
          "store_id": 5
        }
      ],
      "leader": {
        "id": 1044,
        "store_id": 5
      },
      "approximate_size": 35,
      "approximate_keys": 1
    },
    {
      "id": 2021,
      "start_key": "7480000000000000FF2D5F728000000000FF06027A0000000000FA",
      "end_key": "7480000000000000FF2D5F728000000000FF0678040000000000FA",
      "epoch": {
        "conf_ver": 5,
        "version": 50
      },
      "peers": [
        {
          "id": 2022,
          "store_id": 1
        },
        {
          "id": 2023,
          "store_id": 4
        },
        {
          "id": 2024,
          "store_id": 5
        }
      ],
      "leader": {
        "id": 2022,
        "store_id": 1
      },
      "written_bytes": 447551,
      "read_bytes": 27675,
      "written_keys": 1975,
      "read_keys": 615,
      "approximate_size": 39,
      "approximate_keys": 64546
    },
    {
      "id": 2073,
      "start_key": "7480000000000000FF2D5F728000000000FF1490FD0000000000FA",
      "end_key": "7480000000000000FF2D5F728000000000FF150BFE0000000000FA",
      "epoch": {
        "conf_ver": 5,
        "version": 61
      },
      "peers": [
        {
          "id": 2074,
          "store_id": 1
        },
        {
          "id": 2075,
          "store_id": 4
        },
        {
          "id": 2076,
          "store_id": 5
        }
      ],
      "leader": {
        "id": 2075,
        "store_id": 4
      },
      "approximate_size": 37,
      "approximate_keys": 591
    },
    {
      "id": 2101,
      "start_key": "7480000000000000FF2D5F728000000000FF1BAD320000000000FA",
      "end_key": "7480000000000000FF2D5F728000000000FF1D00770000000000FA",
      "epoch": {
        "conf_ver": 5,
        "version": 66
      },
      "peers": [
        {
          "id": 2102,
          "store_id": 1
        },
        {
          "id": 2103,
          "store_id": 4
        },
        {
          "id": 2104,
          "store_id": 5
        }
      ],
      "leader": {
        "id": 2102,
        "store_id": 1
      },
      "written_bytes": 1042621,
      "read_bytes": 68490,
      "written_keys": 4359,
      "read_keys": 1522,
      "approximate_size": 108,
      "approximate_keys": 72423
    },
    {
      "id": 12,
      "start_key": "7480000000000000FF0500000000000000F8",
      "end_key": "7480000000000000FF0700000000000000F8",
      "epoch": {
        "conf_ver": 5,
        "version": 3
      },
      "peers": [
        {
          "id": 13,
          "store_id": 1
        },
        {
          "id": 14,
          "store_id": 4
        },
        {
          "id": 15,
          "store_id": 5
        }
      ],
      "leader": {
        "id": 14,
        "store_id": 4
      },
      "approximate_size": 1,
      "approximate_keys": 1666627
    },
    {
      "id": 1045,
      "start_key": "7480000000000000FF2B5F728000000000FF0CAC780000000000FA",
      "end_key": "7480000000000000FF2B5F728000000000FF0D1E030000000000FA",
      "epoch": {
        "conf_ver": 5,
        "version": 32
      },
      "peers": [
        {
          "id": 1046,
          "store_id": 1
        },
        {
          "id": 1047,
          "store_id": 4
        },
        {
          "id": 1048,
          "store_id": 5
        }
      ],
      "leader": {
        "id": 1048,
        "store_id": 5
      },
      "written_bytes": 1331,
      "read_bytes": 45,
      "written_keys": 6,
      "read_keys": 1,
      "approximate_size": 42,
      "approximate_keys": 40965
    },
    {
      "id": 2005,
      "start_key": "7480000000000000FF2D5F728000000000FF007A6A0000000000FA",
      "end_key": "7480000000000000FF2D5F728000000000FF012AF00000000000FA",
      "epoch": {
        "conf_ver": 5,
        "version": 46
      },
      "peers": [
        {
          "id": 2006,
          "store_id": 1
        },
        {
          "id": 2007,
          "store_id": 4
        },
        {
          "id": 2008,
          "store_id": 5
        }
      ],
      "leader": {
        "id": 2008,
        "store_id": 5
      },
      "written_bytes": 518531,
      "read_bytes": 34470,
      "written_keys": 2216,
      "read_keys": 766,
      "approximate_size": 56,
      "approximate_keys": 81920
    },
    {
      "id": 2081,
      "start_key": "7480000000000000FF2D5F728000000000FF165FA80000000000FA",
      "end_key": "7480000000000000FF2D5F728000000000FF17B3520000000000FA",
      "epoch": {
        "conf_ver": 5,
        "version": 62
      },
      "peers": [
        {
          "id": 2082,
          "store_id": 1
        },
        {
          "id": 2083,
          "store_id": 4
        },
        {
          "id": 2084,
          "store_id": 5
        }
      ],
      "leader": {
        "id": 2084,
        "store_id": 5
      },
      "written_bytes": 1351333,
      "read_bytes": 89640,
      "written_keys": 5411,
      "read_keys": 1992,
      "approximate_size": 117,
      "approximate_keys": 126945
    },
    {
      "id": 3033,
      "start_key": "7480000000000000FF2D5F728000000000FF0E6BA20000000000FA",
      "end_key": "7480000000000000FF2D5F728000000000FF0EF3990000000000FA",
      "epoch": {
        "conf_ver": 5,
        "version": 59
      },
      "peers": [
        {
          "id": 3034,
          "store_id": 1
        },
        {
          "id": 3035,
          "store_id": 4
        },
        {
          "id": 3036,
          "store_id": 5
        }
      ],
      "leader": {
        "id": 3035,
        "store_id": 4
      },
      "approximate_size": 55,
      "approximate_keys": 91845
    },
    {
      "id": 1037,
      "start_key": "7480000000000000FF2B5F698000000000FF0000010175736572FF38313930FF383835FF3332333232FF3838FF313237383700FE00FE",
      "end_key": "7480000000000000FF2B5F728000000000FF00799F0000000000FA",
      "epoch": {
        "conf_ver": 5,
        "version": 24
      },
      "peers": [
        {
          "id": 1038,
          "store_id": 1
        },
        {
          "id": 1039,
          "store_id": 4
        },
        {
          "id": 1040,
          "store_id": 5
        }
      ],
      "leader": {
        "id": 1040,
        "store_id": 5
      },
      "written_bytes": 1355,
      "read_bytes": 783,
      "written_keys": 6,
      "read_keys": 10,
      "approximate_size": 52,
      "approximate_keys": 260006
    },
    {
      "id": 1049,
      "start_key": "7480000000000000FF2B5F728000000000FF0DFF870000000000FA",
      "end_key": "7480000000000000FF2B5F728000000000FF0E71480000000000FA",
      "epoch": {
        "conf_ver": 5,
        "version": 33
      },
      "peers": [
        {
          "id": 1050,
          "store_id": 1
        },
        {
          "id": 1051,
          "store_id": 4
        },
        {
          "id": 1052,
          "store_id": 5
        }
      ],
      "leader": {
        "id": 1051,
        "store_id": 4
      },
      "written_bytes": 1331,
      "read_bytes": 135,
      "written_keys": 6,
      "read_keys": 3,
      "approximate_size": 52,
      "approximate_keys": 185393
    },
    {
      "id": 1077,
      "start_key": "7480000000000000FF2B5F728000000000FF1511A50000000000FA",
      "end_key": "7480000000000000FF2B5F728000000000FF1665510000000000FA",
      "epoch": {
        "conf_ver": 5,
        "version": 38
      },
      "peers": [
        {
          "id": 1078,
          "store_id": 1
        },
        {
          "id": 1079,
          "store_id": 4
        },
        {
          "id": 1080,
          "store_id": 5
        }
      ],
      "leader": {
        "id": 1079,
        "store_id": 4
      },
      "written_bytes": 1330,
      "read_bytes": 360,
      "written_keys": 6,
      "read_keys": 8,
      "approximate_size": 119,
      "approximate_keys": 81922
    },
    {
      "id": 3009,
      "start_key": "7480000000000000FF2D5F728000000000FF0A71D30000000000FA",
      "end_key": "7480000000000000FF2D5F728000000000FF0B52000000000000FA",
      "epoch": {
        "conf_ver": 5,
        "version": 54
      },
      "peers": [
        {
          "id": 3010,
          "store_id": 1
        },
        {
          "id": 3011,
          "store_id": 4
        },
        {
          "id": 3012,
          "store_id": 5
        }
      ],
      "leader": {
        "id": 3010,
        "store_id": 1
      },
      "written_bytes": 1178025,
      "read_bytes": 78885,
      "written_keys": 4904,
      "read_keys": 1753,
      "approximate_size": 85,
      "approximate_keys": 102279
    },
    {
      "id": 3013,
      "start_key": "7480000000000000FF2D5F728000000000FF11122C0000000000FA",
      "end_key": "7480000000000000FF2D5F728000000000FF11D4880000000000FA",
      "epoch": {
        "conf_ver": 5,
        "version": 59
      },
      "peers": [
        {
          "id": 3014,
          "store_id": 1
        },
        {
          "id": 3015,
          "store_id": 4
        },
        {
          "id": 3016,
          "store_id": 5
        }
      ],
      "leader": {
        "id": 3014,
        "store_id": 1
      },
      "written_bytes": 1313,
      "written_keys": 5,
      "approximate_size": 61,
      "approximate_keys": 81981
    },
    {
      "id": 3037,
      "start_key": "7480000000000000FF2B5F728000000000FF1117D20000000000FA",
      "end_key": "7480000000000000FF2B5F728000000000FF11F3360000000000FA",
      "epoch": {
        "conf_ver": 5,
        "version": 36
      },
      "peers": [
        {
          "id": 3038,
          "store_id": 1
        },
        {
          "id": 3039,
          "store_id": 4
        },
        {
          "id": 3040,
          "store_id": 5
        }
      ],
      "leader": {
        "id": 3039,
        "store_id": 4
      },
      "written_bytes": 2656,
      "read_bytes": 135,
      "written_keys": 11,
      "read_keys": 3,
      "approximate_size": 77,
      "approximate_keys": 81929
    },
    {
      "id": 5013,
      "start_key": "7480000000000000FF2D5F728000000000FF0EF3990000000000FA",
      "end_key": "7480000000000000FF2D5F728000000000FF0F4A0B0000000000FA",
      "epoch": {
        "conf_ver": 5,
        "version": 63
      },
      "peers": [
        {
          "id": 5014,
          "store_id": 1
        },
        {
          "id": 5015,
          "store_id": 4
        },
        {
          "id": 5016,
          "store_id": 5
        }
      ],
      "leader": {
        "id": 5016,
        "store_id": 5
      },
      "written_bytes": 192,
      "written_keys": 5,
      "approximate_size": 56,
      "approximate_keys": 104913
    },
    {
      "id": 8,
      "start_key": "",
      "end_key": "7480000000000000FF0500000000000000F8",
      "epoch": {
        "conf_ver": 5,
        "version": 2
      },
      "peers": [
        {
          "id": 9,
          "store_id": 1
        },
        {
          "id": 10,
          "store_id": 4
        },
        {
          "id": 11,
          "store_id": 5
        }
      ],
      "leader": {
        "id": 11,
        "store_id": 5
      },
      "read_bytes": 201,
      "read_keys": 3,
      "approximate_size": 1,
      "approximate_keys": 2
    },
    {
      "id": 76,
      "start_key": "7480000000000000FF2500000000000000F8",
      "end_key": "7480000000000000FF2700000000000000F8",
      "epoch": {
        "conf_ver": 5,
        "version": 19
      },
      "peers": [
        {
          "id": 77,
          "store_id": 1
        },
        {
          "id": 78,
          "store_id": 4
        },
        {
          "id": 79,
          "store_id": 5
        }
      ],
      "leader": {
        "id": 77,
        "store_id": 1
      },
      "written_bytes": 26,
      "written_keys": 1,
      "approximate_size": 1,
      "approximate_keys": 857889
    },
    {
      "id": 2025,
      "start_key": "7480000000000000FF2D5F728000000000FF0678040000000000FA",
      "end_key": "7480000000000000FF2D5F728000000000FF07CB490000000000FA",
      "epoch": {
        "conf_ver": 5,
        "version": 50
      },
      "peers": [
        {
          "id": 2026,
          "store_id": 1
        },
        {
          "id": 2027,
          "store_id": 4
        },
        {
          "id": 2028,
          "store_id": 5
        }
      ],
      "leader": {
        "id": 2026,
        "store_id": 1
      },
      "written_bytes": 1304201,
      "read_bytes": 87705,
      "written_keys": 5364,
      "read_keys": 1949,
      "approximate_size": 115,
      "approximate_keys": 81920
    },
    {
      "id": 3017,
      "start_key": "7480000000000000FF2D5F728000000000FF0BC5180000000000FA",
      "end_key": "7480000000000000FF2D5F728000000000FF0CAA240000000000FA",
      "epoch": {
        "conf_ver": 5,
        "version": 55
      },
      "peers": [
        {
          "id": 3018,
          "store_id": 1
        },
        {
          "id": 3019,
          "store_id": 4
        },
        {
          "id": 3020,
          "store_id": 5
        }
      ],
      "leader": {
        "id": 3018,
        "store_id": 1
      },
      "written_bytes": 1485787,
      "read_bytes": 97155,
      "written_keys": 6053,
      "read_keys": 2159,
      "approximate_size": 74,
      "approximate_keys": 84644
    },
    {
      "id": 3021,
      "start_key": "7480000000000000FF2D5F728000000000FF0524BF0000000000FA",
      "end_key": "7480000000000000FF2D5F728000000000FF06027A0000000000FA",
      "epoch": {
        "conf_ver": 5,
        "version": 50
      },
      "peers": [
        {
          "id": 3022,
          "store_id": 1
        },
        {
          "id": 3023,
          "store_id": 4
        },
        {
          "id": 3024,
          "store_id": 5
        }
      ],
      "leader": {
        "id": 3022,
        "store_id": 1
      },
      "written_bytes": 753254,
      "read_bytes": 52245,
      "written_keys": 3203,
      "read_keys": 1161,
      "approximate_size": 78,
      "approximate_keys": 109601
    },
    {
      "id": 4005,
      "start_key": "7480000000000000FF2B5F728000000000FF1D061D0000000000FA",
      "end_key": "7480000000000000FF2B5F728000000000FF1E02000000000000FA",
      "epoch": {
        "conf_ver": 5,
        "version": 45
      },
      "peers": [
        {
          "id": 4006,
          "store_id": 1
        },
        {
          "id": 4007,
          "store_id": 4
        },
        {
          "id": 4008,
          "store_id": 5
        }
      ],
      "leader": {
        "id": 4007,
        "store_id": 4
      },
      "written_bytes": 2626,
      "read_bytes": 90,
      "written_keys": 11,
      "read_keys": 2,
      "approximate_size": 84,
      "approximate_keys": 49901
    },
    {
      "id": 52,
      "start_key": "7480000000000000FF1900000000000000F8",
      "end_key": "7480000000000000FF1B00000000000000F8",
      "epoch": {
        "conf_ver": 5,
        "version": 13
      },
      "peers": [
        {
          "id": 53,
          "store_id": 1
        },
        {
          "id": 54,
          "store_id": 4
        },
        {
          "id": 55,
          "store_id": 5
        }
      ],
      "leader": {
        "id": 55,
        "store_id": 5
      },
      "approximate_size": 1,
      "approximate_keys": 843897
    },
    {
      "id": 1065,
      "start_key": "7480000000000000FF2B5F728000000000FF1344E30000000000FA",
      "end_key": "7480000000000000FF2B5F728000000000FF13BE5C0000000000FA",
      "epoch": {
        "conf_ver": 5,
        "version": 37
      },
      "peers": [
        {
          "id": 1066,
          "store_id": 1
        },
        {
          "id": 1067,
          "store_id": 4
        },
        {
          "id": 1068,
          "store_id": 5
        }
      ],
      "leader": {
        "id": 1067,
        "store_id": 4
      },
      "written_bytes": 1343,
      "read_bytes": 45,
      "written_keys": 6,
      "read_keys": 1,
      "approximate_size": 38,
      "approximate_keys": 27789
    },
    {
      "id": 2017,
      "start_key": "7480000000000000FF2D5F728000000000FF03D17A0000000000FA",
      "end_key": "7480000000000000FF2D5F728000000000FF0524BF0000000000FA",
      "epoch": {
        "conf_ver": 5,
        "version": 48
      },
      "peers": [
        {
          "id": 2018,
          "store_id": 1
        },
        {
          "id": 2019,
          "store_id": 4
        },
        {
          "id": 2020,
          "store_id": 5
        }
      ],
      "leader": {
        "id": 2018,
        "store_id": 1
      },
      "written_bytes": 1097540,
      "read_bytes": 74880,
      "written_keys": 4600,
      "read_keys": 1664,
      "approximate_size": 109,
      "approximate_keys": 82571
    },
    {
      "id": 2045,
      "start_key": "7480000000000000FF2D5F728000000000FF0CAA240000000000FA",
      "end_key": "7480000000000000FF2D5F728000000000FF0D185D0000000000FA",
      "epoch": {
        "conf_ver": 5,
        "version": 55
      },
      "peers": [
        {
          "id": 2046,
          "store_id": 1
        },
        {
          "id": 2047,
          "store_id": 4
        },
        {
          "id": 2048,
          "store_id": 5
        }
      ],
      "leader": {
        "id": 2048,
        "store_id": 5
      },
      "written_bytes": 705768,
      "read_bytes": 48285,
      "written_keys": 2959,
      "read_keys": 1073,
      "approximate_size": 35,
      "approximate_keys": 27594
    },
    {
      "id": 2077,
      "start_key": "7480000000000000FF2D5F728000000000FF15E9FB0000000000FA",
      "end_key": "7480000000000000FF2D5F728000000000FF165FA80000000000FA",
      "epoch": {
        "conf_ver": 5,
        "version": 62
      },
      "peers": [
        {
          "id": 2078,
          "store_id": 1
        },
        {
          "id": 2079,
          "store_id": 4
        },
        {
          "id": 2080,
          "store_id": 5
        }
      ],
      "leader": {
        "id": 2080,
        "store_id": 5
      },
      "approximate_size": 34,
      "approximate_keys": 40971
    },
    {
      "id": 2097,
      "start_key": "7480000000000000FF2D5F728000000000FF1B399B0000000000FA",
      "end_key": "7480000000000000FF2D5F728000000000FF1BAD320000000000FA",
      "epoch": {
        "conf_ver": 5,
        "version": 66
      },
      "peers": [
        {
          "id": 2098,
          "store_id": 1
        },
        {
          "id": 2099,
          "store_id": 4
        },
        {
          "id": 2100,
          "store_id": 5
        }
      ],
      "leader": {
        "id": 2098,
        "store_id": 1
      },
      "written_bytes": 1436,
      "written_keys": 9,
      "approximate_size": 38,
      "approximate_keys": 41549
    },
    {
      "id": 4001,
      "start_key": "7480000000000000FF2B5F728000000000FF0BCABE0000000000FA",
      "end_key": "7480000000000000FF2B5F728000000000FF0CAC780000000000FA",
      "epoch": {
        "conf_ver": 5,
        "version": 32
      },
      "peers": [
        {
          "id": 4002,
          "store_id": 1
        },
        {
          "id": 4003,
          "store_id": 4
        },
        {
          "id": 4004,
          "store_id": 5
        }
      ],
      "leader": {
        "id": 4004,
        "store_id": 5
      },
      "written_bytes": 2662,
      "read_bytes": 225,
      "written_keys": 12,
      "read_keys": 5,
      "approximate_size": 92,
      "approximate_keys": 122887
    },
    {
      "id": 8001,
      "start_key": "7480000000000000FF2B5F728000000000FF0E71480000000000FA",
      "end_key": "7480000000000000FF2B5F728000000000FF0F26180000000000FA",
      "epoch": {
        "conf_ver": 5,
        "version": 38
      },
      "peers": [
        {
          "id": 8002,
          "store_id": 1
        },
        {
          "id": 8003,
          "store_id": 4
        },
        {
          "id": 8004,
          "store_id": 5
        }
      ],
      "leader": {
        "id": 8003,
        "store_id": 4
      },
      "written_bytes": 6709,
      "read_bytes": 405,
      "written_keys": 31,
      "read_keys": 9,
      "approximate_size": 82,
      "approximate_keys": 99460
    },
    {
      "id": 32,
      "start_key": "7480000000000000FF0F00000000000000F8",
      "end_key": "7480000000000000FF1100000000000000F8",
      "epoch": {
        "conf_ver": 5,
        "version": 8
      },
      "peers": [
        {
          "id": 33,
          "store_id": 1
        },
        {
          "id": 34,
          "store_id": 4
        },
        {
          "id": 35,
          "store_id": 5
        }
      ],
      "leader": {
        "id": 35,
        "store_id": 5
      },
      "written_bytes": 373,
      "read_bytes": 682,
      "written_keys": 6,
      "read_keys": 10,
      "approximate_size": 1,
      "approximate_keys": 6
    },
    {
      "id": 1097,
      "start_key": "7480000000000000FF2B5F728000000000FF1A5F930000000000FA",
      "end_key": "7480000000000000FF2B5F728000000000FF1BB2D80000000000FA",
      "epoch": {
        "conf_ver": 5,
        "version": 42
      },
      "peers": [
        {
          "id": 1098,
          "store_id": 1
        },
        {
          "id": 1099,
          "store_id": 4
        },
        {
          "id": 1100,
          "store_id": 5
        }
      ],
      "leader": {
        "id": 1100,
        "store_id": 5
      },
      "written_bytes": 4017,
      "read_bytes": 135,
      "written_keys": 18,
      "read_keys": 3,
      "approximate_size": 123,
      "approximate_keys": 102396
    },
    {
      "id": 2089,
      "start_key": "7480000000000000FF2D5F728000000000FF18926F0000000000FA",
      "end_key": "7480000000000000FF2D5F728000000000FF1906A80000000000FA",
      "epoch": {
        "conf_ver": 5,
        "version": 64
      },
      "peers": [
        {
          "id": 2090,
          "store_id": 1
        },
        {
          "id": 2091,
          "store_id": 4
        },
        {
          "id": 2092,
          "store_id": 5
        }
      ],
      "leader": {
        "id": 2091,
        "store_id": 4
      },
      "approximate_size": 37,
      "approximate_keys": 24326
    },
    {
      "id": 20,
      "start_key": "7480000000000000FF0900000000000000F8",
      "end_key": "7480000000000000FF0B00000000000000F8",
      "epoch": {
        "conf_ver": 5,
        "version": 5
      },
      "peers": [
        {
          "id": 21,
          "store_id": 1
        },
        {
          "id": 22,
          "store_id": 4
        },
        {
          "id": 23,
          "store_id": 5
        }
      ],
      "leader": {
        "id": 21,
        "store_id": 1
      },
      "written_bytes": 38,
      "written_keys": 1,
      "approximate_size": 1,
      "approximate_keys": 857889
    },
    {
      "id": 1101,
      "start_key": "7480000000000000FF2B5F728000000000FF1BB2D80000000000FA",
      "end_key": "7480000000000000FF2B5F728000000000FF1D061D0000000000FA",
      "epoch": {
        "conf_ver": 5,
        "version": 43
      },
      "peers": [
        {
          "id": 1102,
          "store_id": 1
        },
        {
          "id": 1103,
          "store_id": 4
        },
        {
          "id": 1104,
          "store_id": 5
        }
      ],
      "leader": {
        "id": 1103,
        "store_id": 4
      },
      "approximate_size": 115,
      "approximate_keys": 125619
    },
    {
      "id": 2049,
      "start_key": "7480000000000000FF2D5F728000000000FF0DFB1F0000000000FA",
      "end_key": "7480000000000000FF2D5F728000000000FF0E6BA20000000000FA",
      "epoch": {
        "conf_ver": 5,
        "version": 56
      },
      "peers": [
        {
          "id": 2050,
          "store_id": 1
        },
        {
          "id": 2051,
          "store_id": 4
        },
        {
          "id": 2052,
          "store_id": 5
        }
      ],
      "leader": {
        "id": 2050,
        "store_id": 1
      },
      "written_bytes": 1237068,
      "read_bytes": 81405,
      "written_keys": 5128,
      "read_keys": 1809,
      "approximate_size": 42,
      "approximate_keys": 63690
    },
    {
      "id": 2061,
      "start_key": "7480000000000000FF2D5F728000000000FF11D4880000000000FA",
      "end_key": "7480000000000000FF2D5F728000000000FF1265710000000000FA",
      "epoch": {
        "conf_ver": 5,
        "version": 59
      },
      "peers": [
        {
          "id": 2062,
          "store_id": 1
        },
        {
          "id": 2063,
          "store_id": 4
        },
        {
          "id": 2064,
          "store_id": 5
        }
      ],
      "leader": {
        "id": 2064,
        "store_id": 5
      },
      "written_bytes": 373283,
      "read_bytes": 21870,
      "written_keys": 1543,
      "read_keys": 486,
      "approximate_size": 60,
      "approximate_keys": 101689
    },
    {
      "id": 2085,
      "start_key": "7480000000000000FF2D00000000000000F8",
      "end_key": "7480000000000000FF2D5F698000000000FF0000010175736572FF36313438FF303433FF3239363037FF3532FF333137393300FE00FE",
      "epoch": {
        "conf_ver": 5,
        "version": 48
      },
      "peers": [
        {
          "id": 2086,
          "store_id": 1
        },
        {
          "id": 2087,
          "store_id": 4
        },
        {
          "id": 2088,
          "store_id": 5
        }
      ],
      "leader": {
        "id": 2086,
        "store_id": 1
      },
      "read_bytes": 4056540,
      "read_keys": 49470,
      "approximate_size": 100,
      "approximate_keys": 1277647
    },
    {
      "id": 2125,
      "start_key": "7480000000000000FF2D5F728000000000FF0FBEE70000000000FA",
      "end_key": "7480000000000000FF2D5F728000000000FF1092C90000000000FA",
      "epoch": {
        "conf_ver": 5,
        "version": 58
      },
      "peers": [
        {
          "id": 2126,
          "store_id": 1
        },
        {
          "id": 2127,
          "store_id": 4
        },
        {
          "id": 2128,
          "store_id": 5
        }
      ],
      "leader": {
        "id": 2127,
        "store_id": 4
      },
      "approximate_size": 80,
      "approximate_keys": 144568
    }
  ]
}
