{
  "count": 97,
  "regions": [
    {
      "id": 4005,
      "start_key": "7480000000000000FF2B5F728000000000FF1D061D0000000000FA",
      "end_key": "7480000000000000FF2B5F728000000000FF1E02000000000000FA",
      "epoch": {
        "conf_ver": 5,
        "version": 45
      },
      "peers": [
        {
          "id": 4006,
          "store_id": 1
        },
        {
          "id": 4007,
          "store_id": 4
        },
        {
          "id": 4008,
          "store_id": 5
        }
      ],
      "leader": {
        "id": 4008,
        "store_id": 5
      },
      "approximate_size": 78,
      "approximate_keys": 81920
    },
    {
      "id": 8,
      "start_key": "",
      "end_key": "7480000000000000FF0500000000000000F8",
      "epoch": {
        "conf_ver": 5,
        "version": 2
      },
      "peers": [
        {
          "id": 9,
          "store_id": 1
        },
        {
          "id": 10,
          "store_id": 4
        },
        {
          "id": 11,
          "store_id": 5
        }
      ],
      "leader": {
        "id": 11,
        "store_id": 5
      },
      "read_bytes": 201,
      "read_keys": 3,
      "approximate_size": 1,
      "approximate_keys": 2
    },
    {
      "id": 76,
      "start_key": "7480000000000000FF2500000000000000F8",
      "end_key": "7480000000000000FF2700000000000000F8",
      "epoch": {
        "conf_ver": 5,
        "version": 19
      },
      "peers": [
        {
          "id": 77,
          "store_id": 1
        },
        {
          "id": 78,
          "store_id": 4
        },
        {
          "id": 79,
          "store_id": 5
        }
      ],
      "leader": {
        "id": 79,
        "store_id": 5
      },
      "approximate_size": 1,
      "approximate_keys": 1239270
    },
    {
      "id": 2025,
      "start_key": "7480000000000000FF2D5F728000000000FF0678040000000000FA",
      "end_key": "7480000000000000FF2D5F728000000000FF07CB490000000000FA",
      "epoch": {
        "conf_ver": 5,
        "version": 50
      },
      "peers": [
        {
          "id": 2026,
          "store_id": 1
        },
        {
          "id": 2027,
          "store_id": 4
        },
        {
          "id": 2028,
          "store_id": 5
        }
      ],
      "leader": {
        "id": 2028,
        "store_id": 5
      },
      "written_bytes": 260433,
      "read_bytes": 19260,
      "written_keys": 1132,
      "read_keys": 428,
      "approximate_size": 115,
      "approximate_keys": 122880
    },
    {
      "id": 3017,
      "start_key": "7480000000000000FF2D5F728000000000FF0BC5180000000000FA",
      "end_key": "7480000000000000FF2D5F728000000000FF0CAA240000000000FA",
      "epoch": {
        "conf_ver": 5,
        "version": 55
      },
      "peers": [
        {
          "id": 3018,
          "store_id": 1
        },
        {
          "id": 3019,
          "store_id": 4
        },
        {
          "id": 3020,
          "store_id": 5
        }
      ],
      "leader": {
        "id": 3019,
        "store_id": 4
      },
      "written_bytes": 269405,
      "read_bytes": 20070,
      "written_keys": 1159,
      "read_keys": 446,
      "approximate_size": 84,
      "approximate_keys": 141218
    },
    {
      "id": 3021,
      "start_key": "7480000000000000FF2D5F728000000000FF0524BF0000000000FA",
      "end_key": "7480000000000000FF2D5F728000000000FF06027A0000000000FA",
      "epoch": {
        "conf_ver": 5,
        "version": 50
      },
      "peers": [
        {
          "id": 3022,
          "store_id": 1
        },
        {
          "id": 3023,
          "store_id": 4
        },
        {
          "id": 3024,
          "store_id": 5
        }
      ],
      "leader": {
        "id": 3022,
        "store_id": 1
      },
      "written_bytes": 204538,
      "read_bytes": 14220,
      "written_keys": 903,
      "read_keys": 316,
      "approximate_size": 76,
      "approximate_keys": 71004
    },
    {
      "id": 2097,
      "start_key": "7480000000000000FF2D5F728000000000FF1B399B0000000000FA",
      "end_key": "7480000000000000FF2D5F728000000000FF1BAD320000000000FA",
      "epoch": {
        "conf_ver": 5,
        "version": 66
      },
      "peers": [
        {
          "id": 2098,
          "store_id": 1
        },
        {
          "id": 2099,
          "store_id": 4
        },
        {
          "id": 2100,
          "store_id": 5
        }
      ],
      "leader": {
        "id": 2099,
        "store_id": 4
      },
      "written_bytes": 78753,
      "read_bytes": 5715,
      "written_keys": 352,
      "read_keys": 127,
      "approximate_size": 39,
      "approximate_keys": 47139
    },
    {
      "id": 4001,
      "start_key": "7480000000000000FF2B5F728000000000FF0BCABE0000000000FA",
      "end_key": "7480000000000000FF2B5F728000000000FF0CAC780000000000FA",
      "epoch": {
        "conf_ver": 5,
        "version": 32
      },
      "peers": [
        {
          "id": 4002,
          "store_id": 1
        },
        {
          "id": 4003,
          "store_id": 4
        },
        {
          "id": 4004,
          "store_id": 5
        }
      ],
      "leader": {
        "id": 4003,
        "store_id": 4
      },
      "written_bytes": 5420,
      "read_bytes": 315,
      "written_keys": 24,
      "read_keys": 7,
      "approximate_size": 86,
      "approximate_keys": 76647
    },
    {
      "id": 8001,
      "start_key": "7480000000000000FF2B5F728000000000FF0E71480000000000FA",
      "end_key": "7480000000000000FF2B5F728000000000FF0F26180000000000FA",
      "epoch": {
        "conf_ver": 5,
        "version": 38
      },
      "peers": [
        {
          "id": 8002,
          "store_id": 1
        },
        {
          "id": 8003,
          "store_id": 4
        },
        {
          "id": 8004,
          "store_id": 5
        }
      ],
      "leader": {
        "id": 8002,
        "store_id": 1
      },
      "written_bytes": 4065,
      "read_bytes": 495,
      "written_keys": 18,
      "read_keys": 11,
      "approximate_size": 72,
      "approximate_keys": 104820
    },
    {
      "id": 52,
      "start_key": "7480000000000000FF1900000000000000F8",
      "end_key": "7480000000000000FF1B00000000000000F8",
      "epoch": {
        "conf_ver": 5,
        "version": 13
      },
      "peers": [
        {
          "id": 53,
          "store_id": 1
        },
        {
          "id": 54,
          "store_id": 4
        },
        {
          "id": 55,
          "store_id": 5
        }
      ],
      "leader": {
        "id": 53,
        "store_id": 1
      },
      "approximate_size": 1,
      "approximate_keys": 144603
    },
    {
      "id": 1065,
      "start_key": "7480000000000000FF2B5F728000000000FF1344E30000000000FA",
      "end_key": "7480000000000000FF2B5F728000000000FF13BE5C0000000000FA",
      "epoch": {
        "conf_ver": 5,
        "version": 37
      },
      "peers": [
        {
          "id": 1066,
          "store_id": 1
        },
        {
          "id": 1067,
          "store_id": 4
        },
        {
          "id": 1068,
          "store_id": 5
        }
      ],
      "leader": {
        "id": 1067,
        "store_id": 4
      },
      "written_bytes": 2690,
      "read_bytes": 180,
      "written_keys": 12,
      "read_keys": 4,
      "approximate_size": 42,
      "approximate_keys": 45602
    },
    {
      "id": 2017,
      "start_key": "7480000000000000FF2D5F728000000000FF03D17A0000000000FA",
      "end_key": "7480000000000000FF2D5F728000000000FF0524BF0000000000FA",
      "epoch": {
        "conf_ver": 5,
        "version": 48
      },
      "peers": [
        {
          "id": 2018,
          "store_id": 1
        },
        {
          "id": 2019,
          "store_id": 4
        },
        {
          "id": 2020,
          "store_id": 5
        }
      ],
      "leader": {
        "id": 2019,
        "store_id": 4
      },
      "written_bytes": 242782,
      "read_bytes": 15390,
      "written_keys": 1052,
      "read_keys": 342,
      "approximate_size": 120,
      "approximate_keys": 145682
    },
    {
      "id": 2045,
      "start_key": "7480000000000000FF2D5F728000000000FF0CAA240000000000FA",
      "end_key": "7480000000000000FF2D5F728000000000FF0D185D0000000000FA",
      "epoch": {
        "conf_ver": 5,
        "version": 55
      },
      "peers": [
        {
          "id": 2046,
          "store_id": 1
        },
        {
          "id": 2047,
          "store_id": 4
        },
        {
          "id": 2048,
          "store_id": 5
        }
      ],
      "leader": {
        "id": 2048,
        "store_id": 5
      },
      "written_bytes": 161591,
      "read_bytes": 10575,
      "written_keys": 714,
      "read_keys": 235,
      "approximate_size": 37,
      "approximate_keys": 40962
    },
    {
      "id": 2077,
      "start_key": "7480000000000000FF2D5F728000000000FF15E9FB0000000000FA",
      "end_key": "7480000000000000FF2D5F728000000000FF165FA80000000000FA",
      "epoch": {
        "conf_ver": 5,
        "version": 62
      },
      "peers": [
        {
          "id": 2078,
          "store_id": 1
        },
        {
          "id": 2079,
          "store_id": 4
        },
        {
          "id": 2080,
          "store_id": 5
        }
      ],
      "leader": {
        "id": 2078,
        "store_id": 1
      },
      "written_bytes": 134666,
      "read_bytes": 8550,
      "written_keys": 600,
      "read_keys": 190,
      "approximate_size": 34,
      "approximate_keys": 56076
    },
    {
      "id": 32,
      "start_key": "7480000000000000FF0F00000000000000F8",
      "end_key": "7480000000000000FF1100000000000000F8",
      "epoch": {
        "conf_ver": 5,
        "version": 8
      },
      "peers": [
        {
          "id": 33,
          "store_id": 1
        },
        {
          "id": 34,
          "store_id": 4
        },
        {
          "id": 35,
          "store_id": 5
        }
      ],
      "leader": {
        "id": 33,
        "store_id": 1
      },
      "written_bytes": 373,
      "read_bytes": 1081,
      "written_keys": 6,
      "read_keys": 16,
      "approximate_size": 1,
      "approximate_keys": 400
    },
    {
      "id": 1097,
      "start_key": "7480000000000000FF2B5F728000000000FF1A5F930000000000FA",
      "end_key": "7480000000000000FF2B5F728000000000FF1BB2D80000000000FA",
      "epoch": {
        "conf_ver": 5,
        "version": 42
      },
      "peers": [
        {
          "id": 1098,
          "store_id": 1
        },
        {
          "id": 1099,
          "store_id": 4
        },
        {
          "id": 1100,
          "store_id": 5
        }
      ],
      "leader": {
        "id": 1100,
        "store_id": 5
      },
      "read_bytes": 135,
      "read_keys": 3,
      "approximate_size": 117,
      "approximate_keys": 103419
    },
    {
      "id": 2089,
      "start_key": "7480000000000000FF2D5F728000000000FF18926F0000000000FA",
      "end_key": "7480000000000000FF2D5F728000000000FF1906A80000000000FA",
      "epoch": {
        "conf_ver": 5,
        "version": 64
      },
      "peers": [
        {
          "id": 2090,
          "store_id": 1
        },
        {
          "id": 2091,
          "store_id": 4
        },
        {
          "id": 2092,
          "store_id": 5
        }
      ],
      "leader": {
        "id": 2090,
        "store_id": 1
      },
      "written_bytes": 83038,
      "read_bytes": 5985,
      "written_keys": 368,
      "read_keys": 133,
      "approximate_size": 35,
      "approximate_keys": 47627
    },
    {
      "id": 2125,
      "start_key": "7480000000000000FF2D5F728000000000FF0FBEE70000000000FA",
      "end_key": "7480000000000000FF2D5F728000000000FF1092C90000000000FA",
      "epoch": {
        "conf_ver": 5,
        "version": 58
      },
      "peers": [
        {
          "id": 2126,
          "store_id": 1
        },
        {
          "id": 2127,
          "store_id": 4
        },
        {
          "id": 2128,
          "store_id": 5
        }
      ],
      "leader": {
        "id": 2127,
        "store_id": 4
      },
      "written_bytes": 516128,
      "read_bytes": 36315,
      "written_keys": 2162,
      "read_keys": 807,
      "approximate_size": 86,
      "approximate_keys": 118525
    },
    {
      "id": 20,
      "start_key": "7480000000000000FF0900000000000000F8",
      "end_key": "7480000000000000FF0B00000000000000F8",
      "epoch": {
        "conf_ver": 5,
        "version": 5
      },
      "peers": [
        {
          "id": 21,
          "store_id": 1
        },
        {
          "id": 22,
          "store_id": 4
        },
        {
          "id": 23,
          "store_id": 5
        }
      ],
      "leader": {
        "id": 23,
        "store_id": 5
      },
      "approximate_size": 1,
      "approximate_keys": 843897
    },
    {
      "id": 1101,
      "start_key": "7480000000000000FF2B5F728000000000FF1BB2D80000000000FA",
      "end_key": "7480000000000000FF2B5F728000000000FF1D061D0000000000FA",
      "epoch": {
        "conf_ver": 5,
        "version": 43
      },
      "peers": [
        {
          "id": 1102,
          "store_id": 1
        },
        {
          "id": 1103,
          "store_id": 4
        },
        {
          "id": 1104,
          "store_id": 5
        }
      ],
      "leader": {
        "id": 1104,
        "store_id": 5
      },
      "read_bytes": 135,
      "read_keys": 3,
      "approximate_size": 120,
      "approximate_keys": 87682
    },
    {
      "id": 2049,
      "start_key": "7480000000000000FF2D5F728000000000FF0DFB1F0000000000FA",
      "end_key": "7480000000000000FF2D5F728000000000FF0E6BA20000000000FA",
      "epoch": {
        "conf_ver": 5,
        "version": 56
      },
      "peers": [
        {
          "id": 2050,
          "store_id": 1
        },
        {
          "id": 2051,
          "store_id": 4
        },
        {
          "id": 2052,
          "store_id": 5
        }
      ],
      "leader": {
        "id": 2050,
        "store_id": 1
      },
      "written_bytes": 338991,
      "read_bytes": 21825,
      "written_keys": 1487,
      "read_keys": 485,
      "approximate_size": 46,
      "approximate_keys": 49778
    },
    {
      "id": 2061,
      "start_key": "7480000000000000FF2D5F728000000000FF11D4880000000000FA",
      "end_key": "7480000000000000FF2D5F728000000000FF1265710000000000FA",
      "epoch": {
        "conf_ver": 5,
        "version": 59
      },
      "peers": [
        {
          "id": 2062,
          "store_id": 1
        },
        {
          "id": 2063,
          "store_id": 4
        },
        {
          "id": 2064,
          "store_id": 5
        }
      ],
      "leader": {
        "id": 2064,
        "store_id": 5
      },
      "written_bytes": 200502,
      "read_bytes": 14175,
      "written_keys": 878,
      "read_keys": 315,
      "approximate_size": 72,
      "approximate_keys": 267516
    },
    {
      "id": 2085,
      "start_key": "7480000000000000FF2D00000000000000F8",
      "end_key": "7480000000000000FF2D5F698000000000FF0000010175736572FF36313438FF303433FF3239363037FF3532FF333137393300FE00FE",
      "epoch": {
        "conf_ver": 5,
        "version": 48
      },
      "peers": [
        {
          "id": 2086,
          "store_id": 1
        },
        {
          "id": 2087,
          "store_id": 4
        },
        {
          "id": 2088,
          "store_id": 5
        }
      ],
      "leader": {
        "id": 2087,
        "store_id": 4
      },
      "read_bytes": 904788,
      "read_keys": 11034,
      "approximate_size": 101,
      "approximate_keys": 1283776
    },
    {
      "id": 3001,
      "start_key": "7480000000000000FF2D5F728000000000FF1D00770000000000FA",
      "end_key": "7480000000000000FF2D5F728000000000FF1DFF2E0000000000FA",
      "epoch": {
        "conf_ver": 5,
        "version": 67
      },
      "peers": [
        {
          "id": 3002,
          "store_id": 1
        },
        {
          "id": 3003,
          "store_id": 4
        },
        {
          "id": 3004,
          "store_id": 5
        }
      ],
      "leader": {
        "id": 3003,
        "store_id": 4
      },
      "written_bytes": 128562,
      "read_bytes": 9540,
      "written_keys": 567,
      "read_keys": 212,
      "approximate_size": 95,
      "approximate_keys": 131834
    },
    {
      "id": 60,
      "start_key": "7480000000000000FF1D00000000000000F8",
      "end_key": "7480000000000000FF1F00000000000000F8",
      "epoch": {
        "conf_ver": 5,
        "version": 15
      },
      "peers": [
        {
          "id": 61,
          "store_id": 1
        },
        {
          "id": 62,
          "store_id": 4
        },
        {
          "id": 63,
          "store_id": 5
        }
      ],
      "leader": {
        "id": 63,
        "store_id": 5
      },
      "approximate_size": 1,
      "approximate_keys": 144597
    },
    {
      "id": 64,
      "start_key": "7480000000000000FF1F00000000000000F8",
      "end_key": "7480000000000000FF2100000000000000F8",
      "epoch": {
        "conf_ver": 5,
        "version": 16
      },
      "peers": [
        {
          "id": 65,
          "store_id": 1
        },
        {
          "id": 66,
          "store_id": 4
        },
        {
          "id": 67,
          "store_id": 5
        }
      ],
      "leader": {
        "id": 65,
        "store_id": 1
      },
      "approximate_size": 1,
      "approximate_keys": 857889
    },
    {
      "id": 1029,
      "start_key": "7480000000000000FF2B5F728000000000FF07D0EF0000000000FA",
      "end_key": "7480000000000000FF2B5F728000000000FF0924340000000000FA",
      "epoch": {
        "conf_ver": 5,
        "version": 28
      },
      "peers": [
        {
          "id": 1030,
          "store_id": 1
        },
        {
          "id": 1031,
          "store_id": 4
        },
        {
          "id": 1032,
          "store_id": 5
        }
      ],
      "leader": {
        "id": 1031,
        "store_id": 4
      },
      "written_bytes": 2710,
      "read_bytes": 315,
      "written_keys": 12,
      "read_keys": 7,
      "approximate_size": 121,
      "approximate_keys": 101629
    },
    {
      "id": 1069,
      "start_key": "7480000000000000FF2B5F698000000000FF0000010175736572FF36313533FF383132FF3433333538FF3733FF313935363000FE00FE",
      "end_key": "7480000000000000FF2B5F698000000000FF0000010175736572FF38313930FF383835FF3332333232FF3838FF313237383700FE00FE",
      "epoch": {
        "conf_ver": 5,
        "version": 25
      },
      "peers": [
        {
          "id": 1070,
          "store_id": 1
        },
        {
          "id": 1071,
          "store_id": 4
        },
        {
          "id": 1072,
          "store_id": 5
        }
      ],
      "leader": {
        "id": 1070,
        "store_id": 1
      },
      "read_bytes": 902,
      "read_keys": 11,
      "approximate_size": 40,
      "approximate_keys": 507339
    },
    {
      "id": 2053,
      "start_key": "7480000000000000FF2D5F728000000000FF0F4A0B0000000000FA",
      "end_key": "7480000000000000FF2D5F728000000000FF0FBEE70000000000FA",
      "epoch": {
        "conf_ver": 5,
        "version": 57
      },
      "peers": [
        {
          "id": 2054,
          "store_id": 1
        },
        {
          "id": 2055,
          "store_id": 4
        },
        {
          "id": 2056,
          "store_id": 5
        }
      ],
      "leader": {
        "id": 2054,
        "store_id": 1
      },
      "written_bytes": 748021,
      "read_bytes": 51165,
      "written_keys": 3144,
      "read_keys": 1137,
      "approximate_size": 77,
      "approximate_keys": 166075
    },
    {
      "id": 2129,
      "start_key": "7480000000000000FF2B5F728000000000FF0D1E030000000000FA",
      "end_key": "7480000000000000FF2B5F728000000000FF0DFF870000000000FA",
      "epoch": {
        "conf_ver": 5,
        "version": 33
      },
      "peers": [
        {
          "id": 2130,
          "store_id": 1
        },
        {
          "id": 2131,
          "store_id": 4
        },
        {
          "id": 2132,
          "store_id": 5
        }
      ],
      "leader": {
        "id": 2132,
        "store_id": 5
      },
      "written_bytes": 4053,
      "read_bytes": 135,
      "written_keys": 18,
      "read_keys": 3,
      "approximate_size": 100,
      "approximate_keys": 123010
    },
    {
      "id": 5017,
      "start_key": "7480000000000000FF2D5F728000000000FF150BFE0000000000FA",
      "end_key": "7480000000000000FF2D5F728000000000FF15E9FB0000000000FA",
      "epoch": {
        "conf_ver": 5,
        "version": 62
      },
      "peers": [
        {
          "id": 5018,
          "store_id": 1
        },
        {
          "id": 5019,
          "store_id": 4
        },
        {
          "id": 5020,
          "store_id": 5
        }
      ],
      "leader": {
        "id": 5020,
        "store_id": 5
      },
      "written_bytes": 206918,
      "read_bytes": 14940,
      "written_keys": 904,
      "read_keys": 332,
      "approximate_size": 69,
      "approximate_keys": 99432
    },
    {
      "id": 2,
      "start_key": "7480000000000000FF2D5F728000000000FF1DFF2E0000000000FA",
      "end_key": "",
      "epoch": {
        "conf_ver": 5,
        "version": 67
      },
      "peers": [
        {
          "id": 3,
          "store_id": 1
        },
        {
          "id": 6,
          "store_id": 4
        },
        {
          "id": 7,
          "store_id": 5
        }
      ],
      "leader": {
        "id": 3,
        "store_id": 1
      },
      "written_bytes": 94406,
      "read_bytes": 6525,
      "written_keys": 422,
      "read_keys": 145,
      "approximate_size": 51,
      "approximate_keys": 41115
    },
    {
      "id": 44,
      "start_key": "7480000000000000FF1500000000000000F8",
      "end_key": "7480000000000000FF1700000000000000F8",
      "epoch": {
        "conf_ver": 5,
        "version": 11
      },
      "peers": [
        {
          "id": 45,
          "store_id": 1
        },
        {
          "id": 46,
          "store_id": 4
        },
        {
          "id": 47,
          "store_id": 5
        }
      ],
      "leader": {
        "id": 47,
        "store_id": 5
      },
      "read_bytes": 7469960,
      "read_keys": 960,
      "approximate_size": 1,
      "approximate_keys": 32
    },
    {
      "id": 48,
      "start_key": "7480000000000000FF1700000000000000F8",
      "end_key": "7480000000000000FF1900000000000000F8",
      "epoch": {
        "conf_ver": 5,
        "version": 12
      },
      "peers": [
        {
          "id": 49,
          "store_id": 1
        },
        {
          "id": 50,
          "store_id": 4
        },
        {
          "id": 51,
          "store_id": 5
        }
      ],
      "leader": {
        "id": 49,
        "store_id": 1
      },
      "approximate_size": 5,
      "approximate_keys": 16645
    },
    {
      "id": 1085,
      "start_key": "7480000000000000FF2B00000000000000F8",
      "end_key": "7480000000000000FF2B5F698000000000FF0000010175736572FF36313533FF383132FF3433333538FF3733FF313935363000FE00FE",
      "epoch": {
        "conf_ver": 5,
        "version": 25
      },
      "peers": [
        {
          "id": 1086,
          "store_id": 1
        },
        {
          "id": 1087,
          "store_id": 4
        },
        {
          "id": 1088,
          "store_id": 5
        }
      ],
      "leader": {
        "id": 1086,
        "store_id": 1
      },
      "read_bytes": 6642,
      "read_keys": 81,
      "approximate_size": 101,
      "approximate_keys": 1284347
    },
    {
      "id": 2033,
      "start_key": "7480000000000000FF2D5F728000000000FF0A02000000000000FA",
      "end_key": "7480000000000000FF2D5F728000000000FF0A71D30000000000FA",
      "epoch": {
        "conf_ver": 5,
        "version": 53
      },
      "peers": [
        {
          "id": 2034,
          "store_id": 1
        },
        {
          "id": 2035,
          "store_id": 4
        },
        {
          "id": 2036,
          "store_id": 5
        }
      ],
      "leader": {
        "id": 2035,
        "store_id": 4
      },
      "written_bytes": 131272,
      "read_bytes": 8460,
      "written_keys": 583,
      "read_keys": 188,
      "approximate_size": 33,
      "approximate_keys": 230407
    },
    {
      "id": 2041,
      "start_key": "7480000000000000FF2D5F728000000000FF0B52000000000000FA",
      "end_key": "7480000000000000FF2D5F728000000000FF0BC5180000000000FA",
      "epoch": {
        "conf_ver": 5,
        "version": 54
      },
      "peers": [
        {
          "id": 2042,
          "store_id": 1
        },
        {
          "id": 2043,
          "store_id": 4
        },
        {
          "id": 2044,
          "store_id": 5
        }
      ],
      "leader": {
        "id": 2043,
        "store_id": 4
      },
      "written_bytes": 140435,
      "read_bytes": 9450,
      "written_keys": 620,
      "read_keys": 210,
      "approximate_size": 36,
      "approximate_keys": 25607
    },
    {
      "id": 2065,
      "start_key": "7480000000000000FF2D5F728000000000FF1344110000000000FA",
      "end_key": "7480000000000000FF2D5F728000000000FF13B8B60000000000FA",
      "epoch": {
        "conf_ver": 5,
        "version": 60
      },
      "peers": [
        {
          "id": 2066,
          "store_id": 1
        },
        {
          "id": 2067,
          "store_id": 4
        },
        {
          "id": 2068,
          "store_id": 5
        }
      ],
      "leader": {
        "id": 2066,
        "store_id": 1
      },
      "written_bytes": 167751,
      "read_bytes": 11070,
      "written_keys": 745,
      "read_keys": 246,
      "approximate_size": 36,
      "approximate_keys": 40960
    },
    {
      "id": 2113,
      "start_key": "7480000000000000FF2B5F728000000000FF0FC48D0000000000FA",
      "end_key": "7480000000000000FF2B5F728000000000FF109B8A0000000000FA",
      "epoch": {
        "conf_ver": 5,
        "version": 35
      },
      "peers": [
        {
          "id": 2114,
          "store_id": 1
        },
        {
          "id": 2115,
          "store_id": 4
        },
        {
          "id": 2116,
          "store_id": 5
        }
      ],
      "leader": {
        "id": 2116,
        "store_id": 5
      },
      "written_bytes": 5428,
      "read_bytes": 270,
      "written_keys": 24,
      "read_keys": 6,
      "approximate_size": 90,
      "approximate_keys": 122924
    },
    {
      "id": 1001,
      "start_key": "7480000000000000FF2900000000000000F8",
      "end_key": "7480000000000000FF2B00000000000000F8",
      "epoch": {
        "conf_ver": 5,
        "version": 21
      },
      "peers": [
        {
          "id": 1002,
          "store_id": 1
        },
        {
          "id": 1003,
          "store_id": 4
        },
        {
          "id": 1004,
          "store_id": 5
        }
      ],
      "leader": {
        "id": 1002,
        "store_id": 1
      },
      "approximate_size": 1,
      "approximate_keys": 857889
    },
    {
      "id": 1013,
      "start_key": "7480000000000000FF2B5F728000000000FF0283DB0000000000FA",
      "end_key": "7480000000000000FF2B5F728000000000FF03D7200000000000FA",
      "epoch": {
        "conf_ver": 5,
        "version": 24
      },
      "peers": [
        {
          "id": 1014,
          "store_id": 1
        },
        {
          "id": 1015,
          "store_id": 4
        },
        {
          "id": 1016,
          "store_id": 5
        }
      ],
      "leader": {
        "id": 1015,
        "store_id": 4
      },
      "approximate_size": 116,
      "approximate_keys": 123787
    },
    {
      "id": 1025,
      "start_key": "7480000000000000FF2B5F728000000000FF067DAA0000000000FA",
      "end_key": "7480000000000000FF2B5F728000000000FF07D0EF0000000000FA",
      "epoch": {
        "conf_ver": 5,
        "version": 27
      },
      "peers": [
        {
          "id": 1026,
          "store_id": 1
        },
        {
          "id": 1027,
          "store_id": 4
        },
        {
          "id": 1028,
          "store_id": 5
        }
      ],
      "leader": {
        "id": 1026,
        "store_id": 1
      },
      "written_bytes": 1355,
      "read_bytes": 90,
      "written_keys": 6,
      "read_keys": 2,
      "approximate_size": 121,
      "approximate_keys": 123195
    },
    {
      "id": 1057,
      "start_key": "7480000000000000FF2B5F728000000000FF109B8A0000000000FA",
      "end_key": "7480000000000000FF2B5F728000000000FF1117D20000000000FA",
      "epoch": {
        "conf_ver": 5,
        "version": 35
      },
      "peers": [
        {
          "id": 1058,
          "store_id": 1
        },
        {
          "id": 1059,
          "store_id": 4
        },
        {
          "id": 1060,
          "store_id": 5
        }
      ],
      "leader": {
        "id": 1058,
        "store_id": 1
      },
      "written_bytes": 2710,
      "read_bytes": 225,
      "written_keys": 12,
      "read_keys": 5,
      "approximate_size": 50,
      "approximate_keys": 42241
    },
    {
      "id": 1073,
      "start_key": "7480000000000000FF2B5F728000000000FF13BE5C0000000000FA",
      "end_key": "7480000000000000FF2B5F728000000000FF1511A50000000000FA",
      "epoch": {
        "conf_ver": 5,
        "version": 37
      },
      "peers": [
        {
          "id": 1074,
          "store_id": 1
        },
        {
          "id": 1075,
          "store_id": 4
        },
        {
          "id": 1076,
          "store_id": 5
        }
      ],
      "leader": {
        "id": 1076,
        "store_id": 5
      },
      "written_bytes": 2710,
      "read_bytes": 135,
      "written_keys": 12,
      "read_keys": 3,
      "approximate_size": 125,
      "approximate_keys": 104300
    },
    {
      "id": 3041,
      "start_key": "7480000000000000FF2B5F728000000000FF126B170000000000FA",
      "end_key": "7480000000000000FF2B5F728000000000FF1344E30000000000FA",
      "epoch": {
        "conf_ver": 5,
        "version": 37
      },
      "peers": [
        {
          "id": 3042,
          "store_id": 1
        },
        {
          "id": 3043,
          "store_id": 4
        },
        {
          "id": 3044,
          "store_id": 5
        }
      ],
      "leader": {
        "id": 3043,
        "store_id": 4
      },
      "written_bytes": 4065,
      "read_bytes": 135,
      "written_keys": 18,
      "read_keys": 3,
      "approximate_size": 81,
      "approximate_keys": 82369
    },
    {
      "id": 6001,
      "start_key": "7480000000000000FF2B5F728000000000FF0F26180000000000FA",
      "end_key": "7480000000000000FF2B5F728000000000FF0F73350000000000FA",
      "epoch": {
        "conf_ver": 5,
        "version": 41
      },
      "peers": [
        {
          "id": 6002,
          "store_id": 1
        },
        {
          "id": 6003,
          "store_id": 4
        },
        {
          "id": 6004,
          "store_id": 5
        }
      ],
      "leader": {
        "id": 6003,
        "store_id": 4
      },
      "written_bytes": 8118,
      "read_bytes": 585,
      "written_keys": 36,
      "read_keys": 13,
      "approximate_size": 54,
      "approximate_keys": 47711
    },
    {
      "id": 68,
      "start_key": "7480000000000000FF2100000000000000F8",
      "end_key": "7480000000000000FF2300000000000000F8",
      "epoch": {
        "conf_ver": 5,
        "version": 17
      },
      "peers": [
        {
          "id": 69,
          "store_id": 1
        },
        {
          "id": 70,
          "store_id": 4
        },
        {
          "id": 71,
          "store_id": 5
        }
      ],
      "leader": {
        "id": 69,
        "store_id": 1
      },
      "approximate_size": 1,
      "approximate_keys": 144603
    },
    {
      "id": 1017,
      "start_key": "7480000000000000FF2B5F728000000000FF03D7200000000000FA",
      "end_key": "7480000000000000FF2B5F728000000000FF052A650000000000FA",
      "epoch": {
        "conf_ver": 5,
        "version": 25
      },
      "peers": [
        {
          "id": 1018,
          "store_id": 1
        },
        {
          "id": 1019,
          "store_id": 4
        },
        {
          "id": 1020,
          "store_id": 5
        }
      ],
      "leader": {
        "id": 1019,
        "store_id": 4
      },
      "written_bytes": 2698,
      "read_bytes": 135,
      "written_keys": 12,
      "read_keys": 3,
      "approximate_size": 117,
      "approximate_keys": 103169
    },
    {
      "id": 1081,
      "start_key": "7480000000000000FF2B5F728000000000FF1743970000000000FA",
      "end_key": "7480000000000000FF2B5F728000000000FF17B8F90000000000FA",
      "epoch": {
        "conf_ver": 5,
        "version": 40
      },
      "peers": [
        {
          "id": 1082,
          "store_id": 1
        },
        {
          "id": 1083,
          "store_id": 4
        },
        {
          "id": 1084,
          "store_id": 5
        }
      ],
      "leader": {
        "id": 1082,
        "store_id": 1
      },
      "written_bytes": 1350,
      "read_bytes": 45,
      "written_keys": 6,
      "read_keys": 1,
      "approximate_size": 38,
      "approximate_keys": 44969
    },
    {
      "id": 3029,
      "start_key": "7480000000000000FF2D5F728000000000FF1A59ED0000000000FA",
      "end_key": "7480000000000000FF2D5F728000000000FF1B399B0000000000FA",
      "epoch": {
        "conf_ver": 5,
        "version": 66
      },
      "peers": [
        {
          "id": 3030,
          "store_id": 1
        },
        {
          "id": 3031,
          "store_id": 4
        },
        {
          "id": 3032,
          "store_id": 5
        }
      ],
      "leader": {
        "id": 3030,
        "store_id": 1
      },
      "written_bytes": 187820,
      "read_bytes": 14985,
      "written_keys": 831,
      "read_keys": 333,
      "approximate_size": 80,
      "approximate_keys": 81921
    },
    {
      "id": 5005,
      "start_key": "7480000000000000FF2D5F728000000000FF091E8E0000000000FA",
      "end_key": "7480000000000000FF2D5F728000000000FF0A02000000000000FA",
      "epoch": {
        "conf_ver": 5,
        "version": 53
      },
      "peers": [
        {
          "id": 5006,
          "store_id": 1
        },
        {
          "id": 5007,
          "store_id": 4
        },
        {
          "id": 5008,
          "store_id": 5
        }
      ],
      "leader": {
        "id": 5007,
        "store_id": 4
      },
      "written_bytes": 223171,
      "read_bytes": 14670,
      "written_keys": 969,
      "read_keys": 326,
      "approximate_size": 74,
      "approximate_keys": 85849
    },
    {
      "id": 1033,
      "start_key": "7480000000000000FF2B5F728000000000FF0924340000000000FA",
      "end_key": "7480000000000000FF2B5F728000000000FF0A77790000000000FA",
      "epoch": {
        "conf_ver": 5,
        "version": 29
      },
      "peers": [
        {
          "id": 1034,
          "store_id": 1
        },
        {
          "id": 1035,
          "store_id": 4
        },
        {
          "id": 1036,
          "store_id": 5
        }
      ],
      "leader": {
        "id": 1034,
        "store_id": 1
      },
      "written_bytes": 1355,
      "read_bytes": 45,
      "written_keys": 6,
      "read_keys": 1,
      "approximate_size": 125,
      "approximate_keys": 99033
    },
    {
      "id": 2093,
      "start_key": "7480000000000000FF2D5F728000000000FF1906A80000000000FA",
      "end_key": "7480000000000000FF2D5F728000000000FF1A59ED0000000000FA",
      "epoch": {
        "conf_ver": 5,
        "version": 64
      },
      "peers": [
        {
          "id": 2094,
          "store_id": 1
        },
        {
          "id": 2095,
          "store_id": 4
        },
        {
          "id": 2096,
          "store_id": 5
        }
      ],
      "leader": {
        "id": 2094,
        "store_id": 1
      },
      "written_bytes": 271355,
      "read_bytes": 19170,
      "written_keys": 1183,
      "read_keys": 426,
      "approximate_size": 118,
      "approximate_keys": 135292
    },
    {
      "id": 5001,
      "start_key": "7480000000000000FF2B5F728000000000FF1665510000000000FA",
      "end_key": "7480000000000000FF2B5F728000000000FF1743970000000000FA",
      "epoch": {
        "conf_ver": 5,
        "version": 40
      },
      "peers": [
        {
          "id": 5002,
          "store_id": 1
        },
        {
          "id": 5003,
          "store_id": 4
        },
        {
          "id": 5004,
          "store_id": 5
        }
      ],
      "leader": {
        "id": 5002,
        "store_id": 1
      },
      "written_bytes": 1350,
      "read_bytes": 45,
      "written_keys": 6,
      "read_keys": 1,
      "approximate_size": 74,
      "approximate_keys": 47615
    },
    {
      "id": 5009,
      "start_key": "7480000000000000FF2D5F728000000000FF13B8B60000000000FA",
      "end_key": "7480000000000000FF2D5F728000000000FF1490FD0000000000FA",
      "epoch": {
        "conf_ver": 5,
        "version": 61
      },
      "peers": [
        {
          "id": 5010,
          "store_id": 1
        },
        {
          "id": 5011,
          "store_id": 4
        },
        {
          "id": 5012,
          "store_id": 5
        }
      ],
      "leader": {
        "id": 5010,
        "store_id": 1
      },
      "written_bytes": 277216,
      "read_bytes": 19845,
      "written_keys": 1223,
      "read_keys": 441,
      "approximate_size": 82,
      "approximate_keys": 47609
    },
    {
      "id": 36,
      "start_key": "7480000000000000FF1100000000000000F8",
      "end_key": "7480000000000000FF1300000000000000F8",
      "epoch": {
        "conf_ver": 5,
        "version": 9
      },
      "peers": [
        {
          "id": 37,
          "store_id": 1
        },
        {
          "id": 38,
          "store_id": 4
        },
        {
          "id": 39,
          "store_id": 5
        }
      ],
      "leader": {
        "id": 38,
        "store_id": 4
      },
      "approximate_size": 1,
      "approximate_keys": 849520
    },
    {
      "id": 2029,
      "start_key": "7480000000000000FF2D5F728000000000FF07CB490000000000FA",
      "end_key": "7480000000000000FF2D5F728000000000FF091E8E0000000000FA",
      "epoch": {
        "conf_ver": 5,
        "version": 51
      },
      "peers": [
        {
          "id": 2030,
          "store_id": 1
        },
        {
          "id": 2031,
          "store_id": 4
        },
        {
          "id": 2032,
          "store_id": 5
        }
      ],
      "leader": {
        "id": 2032,
        "store_id": 5
      },
      "written_bytes": 268263,
      "read_bytes": 18495,
      "written_keys": 1164,
      "read_keys": 411,
      "approximate_size": 120,
      "approximate_keys": 84743
    },
    {
      "id": 2069,
      "start_key": "7480000000000000FF2D5F698000000000FF0000010175736572FF36313438FF303433FF3239363037FF3532FF333137393300FE00FE",
      "end_key": "7480000000000000FF2D5F698000000000FF0000010175736572FF38313635FF383933FF3432333932FF3434FF393636303700FE00FE",
      "epoch": {
        "conf_ver": 5,
        "version": 48
      },
      "peers": [
        {
          "id": 2070,
          "store_id": 1
        },
        {
          "id": 2071,
          "store_id": 4
        },
        {
          "id": 2072,
          "store_id": 5
        }
      ],
      "leader": {
        "id": 2072,
        "store_id": 5
      },
      "read_bytes": 179416,
      "read_keys": 2188,
      "approximate_size": 40,
      "approximate_keys": 507322
    },
    {
      "id": 2133,
      "start_key": "7480000000000000FF2D5F728000000000FF0D185D0000000000FA",
      "end_key": "7480000000000000FF2D5F728000000000FF0DFB1F0000000000FA",
      "epoch": {
        "conf_ver": 5,
        "version": 56
      },
      "peers": [
        {
          "id": 2134,
          "store_id": 1
        },
        {
          "id": 2135,
          "store_id": 4
        },
        {
          "id": 2136,
          "store_id": 5
        }
      ],
      "leader": {
        "id": 2135,
        "store_id": 4
      },
      "written_bytes": 386180,
      "read_bytes": 27630,
      "written_keys": 1659,
      "read_keys": 614,
      "approximate_size": 96,
      "approximate_keys": 222007
    },
    {
      "id": 8005,
      "start_key": "7480000000000000FF2B5F728000000000FF0A77790000000000FA",
      "end_key": "7480000000000000FF2B5F728000000000FF0B573C0000000000FA",
      "epoch": {
        "conf_ver": 5,
        "version": 31
      },
      "peers": [
        {
          "id": 8006,
          "store_id": 1
        },
        {
          "id": 8007,
          "store_id": 4
        },
        {
          "id": 8008,
          "store_id": 5
        }
      ],
      "leader": {
        "id": 8008,
        "store_id": 5
      },
      "written_bytes": 4013,
      "read_bytes": 315,
      "written_keys": 17,
      "read_keys": 7,
      "approximate_size": 81,
      "approximate_keys": 83603
    },
    {
      "id": 28,
      "start_key": "7480000000000000FF0D00000000000000F8",
      "end_key": "7480000000000000FF0F00000000000000F8",
      "epoch": {
        "conf_ver": 5,
        "version": 7
      },
      "peers": [
        {
          "id": 29,
          "store_id": 1
        },
        {
          "id": 30,
          "store_id": 4
        },
        {
          "id": 31,
          "store_id": 5
        }
      ],
      "leader": {
        "id": 30,
        "store_id": 4
      },
      "read_bytes": 19624,
      "read_keys": 222,
      "approximate_size": 1,
      "approximate_keys": 849520
    },
    {
      "id": 1093,
      "start_key": "7480000000000000FF2B5F728000000000FF190C4E0000000000FA",
      "end_key": "7480000000000000FF2B5F728000000000FF1A5F930000000000FA",
      "epoch": {
        "conf_ver": 5,
        "version": 41
      },
      "peers": [
        {
          "id": 1094,
          "store_id": 1
        },
        {
          "id": 1095,
          "store_id": 4
        },
        {
          "id": 1096,
          "store_id": 5
        }
      ],
      "leader": {
        "id": 1094,
        "store_id": 1
      },
      "written_bytes": 1355,
      "read_bytes": 90,
      "written_keys": 6,
      "read_keys": 2,
      "approximate_size": 111,
      "approximate_keys": 132555
    },
    {
      "id": 2013,
      "start_key": "7480000000000000FF2D5F728000000000FF027E350000000000FA",
      "end_key": "7480000000000000FF2D5F728000000000FF03D17A0000000000FA",
      "epoch": {
        "conf_ver": 5,
        "version": 47
      },
      "peers": [
        {
          "id": 2014,
          "store_id": 1
        },
        {
          "id": 2015,
          "store_id": 4
        },
        {
          "id": 2016,
          "store_id": 5
        }
      ],
      "leader": {
        "id": 2016,
        "store_id": 5
      },
      "written_bytes": 243442,
      "read_bytes": 15210,
      "written_keys": 1074,
      "read_keys": 338,
      "approximate_size": 129,
      "approximate_keys": 165659
    },
    {
      "id": 2037,
      "start_key": "7480000000000000FF2D5F698000000000FF0000010175736572FF38313635FF383933FF3432333932FF3434FF393636303700FE00FE",
      "end_key": "7480000000000000FF2D5F728000000000FF007A6A0000000000FA",
      "epoch": {
        "conf_ver": 5,
        "version": 47
      },
      "peers": [
        {
          "id": 2038,
          "store_id": 1
        },
        {
          "id": 2039,
          "store_id": 4
        },
        {
          "id": 2040,
          "store_id": 5
        }
      ],
      "leader": {
        "id": 2039,
        "store_id": 4
      },
      "written_bytes": 73781,
      "read_bytes": 82427,
      "written_keys": 328,
      "read_keys": 1058,
      "approximate_size": 62,
      "approximate_keys": 277299
    },
    {
      "id": 2057,
      "start_key": "7480000000000000FF2D5F728000000000FF1092C90000000000FA",
      "end_key": "7480000000000000FF2D5F728000000000FF11122C0000000000FA",
      "epoch": {
        "conf_ver": 5,
        "version": 58
      },
      "peers": [
        {
          "id": 2058,
          "store_id": 1
        },
        {
          "id": 2059,
          "store_id": 4
        },
        {
          "id": 2060,
          "store_id": 5
        }
      ],
      "leader": {
        "id": 2058,
        "store_id": 1
      },
      "written_bytes": 338067,
      "read_bytes": 21330,
      "written_keys": 1465,
      "read_keys": 474,
      "approximate_size": 50,
      "approximate_keys": 45459
    },
    {
      "id": 16,
      "start_key": "7480000000000000FF0700000000000000F8",
      "end_key": "7480000000000000FF0900000000000000F8",
      "epoch": {
        "conf_ver": 5,
        "version": 4
      },
      "peers": [
        {
          "id": 17,
          "store_id": 1
        },
        {
          "id": 18,
          "store_id": 4
        },
        {
          "id": 19,
          "store_id": 5
        }
      ],
      "leader": {
        "id": 19,
        "store_id": 5
      },
      "approximate_size": 1,
      "approximate_keys": 843897
    },
    {
      "id": 56,
      "start_key": "7480000000000000FF1B00000000000000F8",
      "end_key": "7480000000000000FF1D00000000000000F8",
      "epoch": {
        "conf_ver": 5,
        "version": 14
      },
      "peers": [
        {
          "id": 57,
          "store_id": 1
        },
        {
          "id": 58,
          "store_id": 4
        },
        {
          "id": 59,
          "store_id": 5
        }
      ],
      "leader": {
        "id": 59,
        "store_id": 5
      },
      "approximate_size": 1,
      "approximate_keys": 843897
    },
    {
      "id": 1005,
      "start_key": "7480000000000000FF2B5F728000000000FF00799F0000000000FA",
      "end_key": "7480000000000000FF2B5F728000000000FF0130960000000000FA",
      "epoch": {
        "conf_ver": 5,
        "version": 23
      },
      "peers": [
        {
          "id": 1006,
          "store_id": 1
        },
        {
          "id": 1007,
          "store_id": 4
        },
        {
          "id": 1008,
          "store_id": 5
        }
      ],
      "leader": {
        "id": 1007,
        "store_id": 4
      },
      "written_bytes": 2710,
      "read_bytes": 135,
      "written_keys": 12,
      "read_keys": 3,
      "approximate_size": 59,
      "approximate_keys": 49779
    },
    {
      "id": 1009,
      "start_key": "7480000000000000FF2B5F728000000000FF0130960000000000FA",
      "end_key": "7480000000000000FF2B5F728000000000FF0283DB0000000000FA",
      "epoch": {
        "conf_ver": 5,
        "version": 23
      },
      "peers": [
        {
          "id": 1010,
          "store_id": 1
        },
        {
          "id": 1011,
          "store_id": 4
        },
        {
          "id": 1012,
          "store_id": 5
        }
      ],
      "leader": {
        "id": 1010,
        "store_id": 1
      },
      "written_bytes": 2710,
      "read_bytes": 135,
      "written_keys": 12,
      "read_keys": 3,
      "approximate_size": 117,
      "approximate_keys": 82683
    },
    {
      "id": 1053,
      "start_key": "7480000000000000FF2B5F728000000000FF0F73350000000000FA",
      "end_key": "7480000000000000FF2B5F728000000000FF0FC48D0000000000FA",
      "epoch": {
        "conf_ver": 5,
        "version": 38
      },
      "peers": [
        {
          "id": 1054,
          "store_id": 1
        },
        {
          "id": 1055,
          "store_id": 4
        },
        {
          "id": 1056,
          "store_id": 5
        }
      ],
      "leader": {
        "id": 1055,
        "store_id": 4
      },
      "written_bytes": 2710,
      "read_bytes": 180,
      "written_keys": 12,
      "read_keys": 4,
      "approximate_size": 32,
      "approximate_keys": 44464
    },
    {
      "id": 3005,
      "start_key": "7480000000000000FF2D5F728000000000FF1265710000000000FA",
      "end_key": "7480000000000000FF2D5F728000000000FF1344110000000000FA",
      "epoch": {
        "conf_ver": 5,
        "version": 60
      },
      "peers": [
        {
          "id": 3006,
          "store_id": 1
        },
        {
          "id": 3007,
          "store_id": 4
        },
        {
          "id": 3008,
          "store_id": 5
        }
      ],
      "leader": {
        "id": 3006,
        "store_id": 1
      },
      "written_bytes": 361642,
      "read_bytes": 23940,
      "written_keys": 1579,
      "read_keys": 532,
      "approximate_size": 77,
      "approximate_keys": 100640
    },
    {
      "id": 3025,
      "start_key": "7480000000000000FF2D5F728000000000FF17B3520000000000FA",
      "end_key": "7480000000000000FF2D5F728000000000FF18926F0000000000FA",
      "epoch": {
        "conf_ver": 5,
        "version": 64
      },
      "peers": [
        {
          "id": 3026,
          "store_id": 1
        },
        {
          "id": 3027,
          "store_id": 4
        },
        {
          "id": 3028,
          "store_id": 5
        }
      ],
      "leader": {
        "id": 3028,
        "store_id": 5
      },
      "written_bytes": 192404,
      "read_bytes": 11610,
      "written_keys": 848,
      "read_keys": 258,
      "approximate_size": 70,
      "approximate_keys": 128626
    },
    {
      "id": 80,
      "start_key": "7480000000000000FF2700000000000000F8",
      "end_key": "7480000000000000FF2900000000000000F8",
      "epoch": {
        "conf_ver": 5,
        "version": 20
      },
      "peers": [
        {
          "id": 81,
          "store_id": 1
        },
        {
          "id": 82,
          "store_id": 4
        },
        {
          "id": 83,
          "store_id": 5
        }
      ],
      "leader": {
        "id": 81,
        "store_id": 1
      },
      "approximate_size": 1,
      "approximate_keys": 857889
    },
    {
      "id": 1061,
      "start_key": "7480000000000000FF2B5F728000000000FF11F3360000000000FA",
      "end_key": "7480000000000000FF2B5F728000000000FF126B170000000000FA",
      "epoch": {
        "conf_ver": 5,
        "version": 36
      },
      "peers": [
        {
          "id": 1062,
          "store_id": 1
        },
        {
          "id": 1063,
          "store_id": 4
        },
        {
          "id": 1064,
          "store_id": 5
        }
      ],
      "leader": {
        "id": 1064,
        "store_id": 5
      },
      "written_bytes": 1355,
      "read_bytes": 90,
      "written_keys": 6,
      "read_keys": 2,
      "approximate_size": 42,
      "approximate_keys": 50359
    },
    {
      "id": 1089,
      "start_key": "7480000000000000FF2B5F728000000000FF17B8F90000000000FA",
      "end_key": "7480000000000000FF2B5F728000000000FF190C4E0000000000FA",
      "epoch": {
        "conf_ver": 5,
        "version": 40
      },
      "peers": [
        {
          "id": 1090,
          "store_id": 1
        },
        {
          "id": 1091,
          "store_id": 4
        },
        {
          "id": 1092,
          "store_id": 5
        }
      ],
      "leader": {
        "id": 1090,
        "store_id": 1
      },
      "written_bytes": 1355,
      "read_bytes": 90,
      "written_keys": 6,
      "read_keys": 2,
      "approximate_size": 119,
      "approximate_keys": 104499
    },
    {
      "id": 2001,
      "start_key": "7480000000000000FF2B5F728000000000FF1E02000000000000FA",
      "end_key": "7480000000000000FF2D00000000000000F8",
      "epoch": {
        "conf_ver": 5,
        "version": 45
      },
      "peers": [
        {
          "id": 2002,
          "store_id": 1
        },
        {
          "id": 2003,
          "store_id": 4
        },
        {
          "id": 2004,
          "store_id": 5
        }
      ],
      "leader": {
        "id": 2002,
        "store_id": 1
      },
      "approximate_size": 46,
      "approximate_keys": 40980
    },
    {
      "id": 2009,
      "start_key": "7480000000000000FF2D5F728000000000FF012AF00000000000FA",
      "end_key": "7480000000000000FF2D5F728000000000FF027E350000000000FA",
      "epoch": {
        "conf_ver": 5,
        "version": 46
      },
      "peers": [
        {
          "id": 2010,
          "store_id": 1
        },
        {
          "id": 2011,
          "store_id": 4
        },
        {
          "id": 2012,
          "store_id": 5
        }
      ],
      "leader": {
        "id": 2010,
        "store_id": 1
      },
      "written_bytes": 247490,
      "read_bytes": 17640,
      "written_keys": 1087,
      "read_keys": 392,
      "approximate_size": 123,
      "approximate_keys": 143180
    },
    {
      "id": 2021,
      "start_key": "7480000000000000FF2D5F728000000000FF06027A0000000000FA",
      "end_key": "7480000000000000FF2D5F728000000000FF0678040000000000FA",
      "epoch": {
        "conf_ver": 5,
        "version": 50
      },
      "peers": [
        {
          "id": 2022,
          "store_id": 1
        },
        {
          "id": 2023,
          "store_id": 4
        },
        {
          "id": 2024,
          "store_id": 5
        }
      ],
      "leader": {
        "id": 2022,
        "store_id": 1
      },
      "written_bytes": 113919,
      "read_bytes": 7470,
      "written_keys": 503,
      "read_keys": 166,
      "approximate_size": 38,
      "approximate_keys": 5288
    },
    {
      "id": 2073,
      "start_key": "7480000000000000FF2D5F728000000000FF1490FD0000000000FA",
      "end_key": "7480000000000000FF2D5F728000000000FF150BFE0000000000FA",
      "epoch": {
        "conf_ver": 5,
        "version": 61
      },
      "peers": [
        {
          "id": 2074,
          "store_id": 1
        },
        {
          "id": 2075,
          "store_id": 4
        },
        {
          "id": 2076,
          "store_id": 5
        }
      ],
      "leader": {
        "id": 2076,
        "store_id": 5
      },
      "written_bytes": 125896,
      "read_bytes": 8190,
      "written_keys": 558,
      "read_keys": 182,
      "approximate_size": 43,
      "approximate_keys": 5561
    },
    {
      "id": 2101,
      "start_key": "7480000000000000FF2D5F728000000000FF1BAD320000000000FA",
      "end_key": "7480000000000000FF2D5F728000000000FF1D00770000000000FA",
      "epoch": {
        "conf_ver": 5,
        "version": 66
      },
      "peers": [
        {
          "id": 2102,
          "store_id": 1
        },
        {
          "id": 2103,
          "store_id": 4
        },
        {
          "id": 2104,
          "store_id": 5
        }
      ],
      "leader": {
        "id": 2104,
        "store_id": 5
      },
      "written_bytes": 260226,
      "read_bytes": 16740,
      "written_keys": 1130,
      "read_keys": 372,
      "approximate_size": 127,
      "approximate_keys": 147206
    },
    {
      "id": 24,
      "start_key": "7480000000000000FF0B00000000000000F8",
      "end_key": "7480000000000000FF0D00000000000000F8",
      "epoch": {
        "conf_ver": 5,
        "version": 6
      },
      "peers": [
        {
          "id": 25,
          "store_id": 1
        },
        {
          "id": 26,
          "store_id": 4
        },
        {
          "id": 27,
          "store_id": 5
        }
      ],
      "leader": {
        "id": 25,
        "store_id": 1
      },
      "approximate_size": 1,
      "approximate_keys": 857889
    },
    {
      "id": 40,
      "start_key": "7480000000000000FF1300000000000000F8",
      "end_key": "7480000000000000FF1500000000000000F8",
      "epoch": {
        "conf_ver": 5,
        "version": 10
      },
      "peers": [
        {
          "id": 41,
          "store_id": 1
        },
        {
          "id": 42,
          "store_id": 4
        },
        {
          "id": 43,
          "store_id": 5
        }
      ],
      "leader": {
        "id": 42,
        "store_id": 4
      },
      "written_bytes": 770,
      "read_bytes": 3075,
      "written_keys": 11,
      "read_keys": 44,
      "approximate_size": 1,
      "approximate_keys": 246
    },
    {
      "id": 72,
      "start_key": "7480000000000000FF2300000000000000F8",
      "end_key": "7480000000000000FF2500000000000000F8",
      "epoch": {
        "conf_ver": 5,
        "version": 18
      },
      "peers": [
        {
          "id": 73,
          "store_id": 1
        },
        {
          "id": 74,
          "store_id": 4
        },
        {
          "id": 75,
          "store_id": 5
        }
      ],
      "leader": {
        "id": 73,
        "store_id": 1
      },
      "approximate_size": 1,
      "approximate_keys": 857889
    },
    {
      "id": 1021,
      "start_key": "7480000000000000FF2B5F728000000000FF052A650000000000FA",
      "end_key": "7480000000000000FF2B5F728000000000FF067DAA0000000000FA",
      "epoch": {
        "conf_ver": 5,
        "version": 26
      },
      "peers": [
        {
          "id": 1022,
          "store_id": 1
        },
        {
          "id": 1023,
          "store_id": 4
        },
        {
          "id": 1024,
          "store_id": 5
        }
      ],
      "leader": {
        "id": 1023,
        "store_id": 4
      },
      "written_bytes": 2698,
      "read_bytes": 225,
      "written_keys": 12,
      "read_keys": 5,
      "approximate_size": 115,
      "approximate_keys": 82116
    },
    {
      "id": 1041,
      "start_key": "7480000000000000FF2B5F728000000000FF0B573C0000000000FA",
      "end_key": "7480000000000000FF2B5F728000000000FF0BCABE0000000000FA",
      "epoch": {
        "conf_ver": 5,
        "version": 31
      },
      "peers": [
        {
          "id": 1042,
          "store_id": 1
        },
        {
          "id": 1043,
          "store_id": 4
        },
        {
          "id": 1044,
          "store_id": 5
        }
      ],
      "leader": {
        "id": 1044,
        "store_id": 5
      },
      "read_bytes": 45,
      "read_keys": 1,
      "approximate_size": 42,
      "approximate_keys": 45557
    },
    {
      "id": 12,
      "start_key": "7480000000000000FF0500000000000000F8",
      "end_key": "7480000000000000FF0700000000000000F8",
      "epoch": {
        "conf_ver": 5,
        "version": 3
      },
      "peers": [
        {
          "id": 13,
          "store_id": 1
        },
        {
          "id": 14,
          "store_id": 4
        },
        {
          "id": 15,
          "store_id": 5
        }
      ],
      "leader": {
        "id": 15,
        "store_id": 5
      },
      "approximate_size": 1,
      "approximate_keys": 144597
    },
    {
      "id": 1045,
      "start_key": "7480000000000000FF2B5F728000000000FF0CAC780000000000FA",
      "end_key": "7480000000000000FF2B5F728000000000FF0D1E030000000000FA",
      "epoch": {
        "conf_ver": 5,
        "version": 32
      },
      "peers": [
        {
          "id": 1046,
          "store_id": 1
        },
        {
          "id": 1047,
          "store_id": 4
        },
        {
          "id": 1048,
          "store_id": 5
        }
      ],
      "leader": {
        "id": 1047,
        "store_id": 4
      },
      "read_bytes": 90,
      "read_keys": 2,
      "approximate_size": 46,
      "approximate_keys": 41629
    },
    {
      "id": 2005,
      "start_key": "7480000000000000FF2D5F728000000000FF007A6A0000000000FA",
      "end_key": "7480000000000000FF2D5F728000000000FF012AF00000000000FA",
      "epoch": {
        "conf_ver": 5,
        "version": 46
      },
      "peers": [
        {
          "id": 2006,
          "store_id": 1
        },
        {
          "id": 2007,
          "store_id": 4
        },
        {
          "id": 2008,
          "store_id": 5
        }
      ],
      "leader": {
        "id": 2007,
        "store_id": 4
      },
      "written_bytes": 136500,
      "read_bytes": 7875,
      "written_keys": 603,
      "read_keys": 175,
      "approximate_size": 58,
      "approximate_keys": 43943
    },
    {
      "id": 2081,
      "start_key": "7480000000000000FF2D5F728000000000FF165FA80000000000FA",
      "end_key": "7480000000000000FF2D5F728000000000FF17B3520000000000FA",
      "epoch": {
        "conf_ver": 5,
        "version": 62
      },
      "peers": [
        {
          "id": 2082,
          "store_id": 1
        },
        {
          "id": 2083,
          "store_id": 4
        },
        {
          "id": 2084,
          "store_id": 5
        }
      ],
      "leader": {
        "id": 2083,
        "store_id": 4
      },
      "written_bytes": 291693,
      "read_bytes": 19440,
      "written_keys": 1257,
      "read_keys": 432,
      "approximate_size": 119,
      "approximate_keys": 173325
    },
    {
      "id": 3033,
      "start_key": "7480000000000000FF2D5F728000000000FF0E6BA20000000000FA",
      "end_key": "7480000000000000FF2D5F728000000000FF0EF3990000000000FA",
      "epoch": {
        "conf_ver": 5,
        "version": 59
      },
      "peers": [
        {
          "id": 3034,
          "store_id": 1
        },
        {
          "id": 3035,
          "store_id": 4
        },
        {
          "id": 3036,
          "store_id": 5
        }
      ],
      "leader": {
        "id": 3035,
        "store_id": 4
      },
      "written_bytes": 465063,
      "read_bytes": 31860,
      "written_keys": 1939,
      "read_keys": 708,
      "approximate_size": 50,
      "approximate_keys": 76037
    },
    {
      "id": 3037,
      "start_key": "7480000000000000FF2B5F728000000000FF1117D20000000000FA",
      "end_key": "7480000000000000FF2B5F728000000000FF11F3360000000000FA",
      "epoch": {
        "conf_ver": 5,
        "version": 36
      },
      "peers": [
        {
          "id": 3038,
          "store_id": 1
        },
        {
          "id": 3039,
          "store_id": 4
        },
        {
          "id": 3040,
          "store_id": 5
        }
      ],
      "leader": {
        "id": 3039,
        "store_id": 4
      },
      "read_bytes": 135,
      "read_keys": 3,
      "approximate_size": 90,
      "approximate_keys": 108468
    },
    {
      "id": 5013,
      "start_key": "7480000000000000FF2D5F728000000000FF0EF3990000000000FA",
      "end_key": "7480000000000000FF2D5F728000000000FF0F4A0B0000000000FA",
      "epoch": {
        "conf_ver": 5,
        "version": 63
      },
      "peers": [
        {
          "id": 5014,
          "store_id": 1
        },
        {
          "id": 5015,
          "store_id": 4
        },
        {
          "id": 5016,
          "store_id": 5
        }
      ],
      "leader": {
        "id": 5016,
        "store_id": 5
      },
      "written_bytes": 830649,
      "read_bytes": 56610,
      "written_keys": 3383,
      "read_keys": 1258,
      "approximate_size": 110,
      "approximate_keys": 76942
    },
    {
      "id": 1037,
      "start_key": "7480000000000000FF2B5F698000000000FF0000010175736572FF38313930FF383835FF3332333232FF3838FF313237383700FE00FE",
      "end_key": "7480000000000000FF2B5F728000000000FF00799F0000000000FA",
      "epoch": {
        "conf_ver": 5,
        "version": 24
      },
      "peers": [
        {
          "id": 1038,
          "store_id": 1
        },
        {
          "id": 1039,
          "store_id": 4
        },
        {
          "id": 1040,
          "store_id": 5
        }
      ],
      "leader": {
        "id": 1040,
        "store_id": 5
      },
      "read_bytes": 738,
      "read_keys": 9,
      "approximate_size": 53,
      "approximate_keys": 263888
    },
    {
      "id": 1049,
      "start_key": "7480000000000000FF2B5F728000000000FF0DFF870000000000FA",
      "end_key": "7480000000000000FF2B5F728000000000FF0E71480000000000FA",
      "epoch": {
        "conf_ver": 5,
        "version": 33
      },
      "peers": [
        {
          "id": 1050,
          "store_id": 1
        },
        {
          "id": 1051,
          "store_id": 4
        },
        {
          "id": 1052,
          "store_id": 5
        }
      ],
      "leader": {
        "id": 1050,
        "store_id": 1
      },
      "written_bytes": 2710,
      "read_bytes": 225,
      "written_keys": 12,
      "read_keys": 5,
      "approximate_size": 49,
      "approximate_keys": 42417
    },
    {
      "id": 1077,
      "start_key": "7480000000000000FF2B5F728000000000FF1511A50000000000FA",
      "end_key": "7480000000000000FF2B5F728000000000FF1665510000000000FA",
      "epoch": {
        "conf_ver": 5,
        "version": 38
      },
      "peers": [
        {
          "id": 1078,
          "store_id": 1
        },
        {
          "id": 1079,
          "store_id": 4
        },
        {
          "id": 1080,
          "store_id": 5
        }
      ],
      "leader": {
        "id": 1080,
        "store_id": 5
      },
      "written_bytes": 2707,
      "read_bytes": 225,
      "written_keys": 12,
      "read_keys": 5,
      "approximate_size": 116,
      "approximate_keys": 88641
    },
    {
      "id": 3009,
      "start_key": "7480000000000000FF2D5F728000000000FF0A71D30000000000FA",
      "end_key": "7480000000000000FF2D5F728000000000FF0B52000000000000FA",
      "epoch": {
        "conf_ver": 5,
        "version": 54
      },
      "peers": [
        {
          "id": 3010,
          "store_id": 1
        },
        {
          "id": 3011,
          "store_id": 4
        },
        {
          "id": 3012,
          "store_id": 5
        }
      ],
      "leader": {
        "id": 3012,
        "store_id": 5
      },
      "written_bytes": 244023,
      "read_bytes": 16200,
      "written_keys": 1061,
      "read_keys": 360,
      "approximate_size": 82,
      "approximate_keys": 66514
    },
    {
      "id": 3013,
      "start_key": "7480000000000000FF2D5F728000000000FF11122C0000000000FA",
      "end_key": "7480000000000000FF2D5F728000000000FF11D4880000000000FA",
      "epoch": {
        "conf_ver": 5,
        "version": 59
      },
      "peers": [
        {
          "id": 3014,
          "store_id": 1
        },
        {
          "id": 3015,
          "store_id": 4
        },
        {
          "id": 3016,
          "store_id": 5
        }
      ],
      "leader": {
        "id": 3016,
        "store_id": 5
      },
      "written_bytes": 304074,
      "read_bytes": 20880,
      "written_keys": 1313,
      "read_keys": 464,
      "approximate_size": 70,
      "approximate_keys": 53377
    }
  ]
}
