{
  "count": 97,
  "regions": [
    {
      "id": 2001,
      "start_key": "7480000000000000FF2B5F728000000000FF1E02000000000000FA",
      "end_key": "7480000000000000FF2D00000000000000F8",
      "epoch": {
        "conf_ver": 5,
        "version": 45
      },
      "peers": [
        {
          "id": 2002,
          "store_id": 1
        },
        {
          "id": 2003,
          "store_id": 4
        },
        {
          "id": 2004,
          "store_id": 5
        }
      ],
      "leader": {
        "id": 2004,
        "store_id": 5
      },
      "written_bytes": 1391,
      "read_bytes": 45,
      "written_keys": 7,
      "read_keys": 1,
      "approximate_size": 46,
      "approximate_keys": 48935
    },
    {
      "id": 2009,
      "start_key": "7480000000000000FF2D5F728000000000FF012AF00000000000FA",
      "end_key": "7480000000000000FF2D5F728000000000FF027E350000000000FA",
      "epoch": {
        "conf_ver": 5,
        "version": 46
      },
      "peers": [
        {
          "id": 2010,
          "store_id": 1
        },
        {
          "id": 2011,
          "store_id": 4
        },
        {
          "id": 2012,
          "store_id": 5
        }
      ],
      "leader": {
        "id": 2010,
        "store_id": 1
      },
      "written_bytes": 27142,
      "read_bytes": 1980,
      "written_keys": 121,
      "read_keys": 44,
      "approximate_size": 113,
      "approximate_keys": 85470
    },
    {
      "id": 3025,
      "start_key": "7480000000000000FF2D5F728000000000FF17B3520000000000FA",
      "end_key": "7480000000000000FF2D5F728000000000FF18926F0000000000FA",
      "epoch": {
        "conf_ver": 5,
        "version": 64
      },
      "peers": [
        {
          "id": 3026,
          "store_id": 1
        },
        {
          "id": 3027,
          "store_id": 4
        },
        {
          "id": 3028,
          "store_id": 5
        }
      ],
      "leader": {
        "id": 3026,
        "store_id": 1
      },
      "written_bytes": 21716,
      "read_bytes": 1530,
      "written_keys": 97,
      "read_keys": 34,
      "approximate_size": 71,
      "approximate_keys": 103518
    },
    {
      "id": 80,
      "start_key": "7480000000000000FF2700000000000000F8",
      "end_key": "7480000000000000FF2900000000000000F8",
      "epoch": {
        "conf_ver": 5,
        "version": 20
      },
      "peers": [
        {
          "id": 81,
          "store_id": 1
        },
        {
          "id": 82,
          "store_id": 4
        },
        {
          "id": 83,
          "store_id": 5
        }
      ],
      "leader": {
        "id": 82,
        "store_id": 4
      },
      "written_bytes": 38,
      "written_keys": 1,
      "approximate_size": 1,
      "approximate_keys": 849520
    },
    {
      "id": 1061,
      "start_key": "7480000000000000FF2B5F728000000000FF11F3360000000000FA",
      "end_key": "7480000000000000FF2B5F728000000000FF126B170000000000FA",
      "epoch": {
        "conf_ver": 5,
        "version": 36
      },
      "peers": [
        {
          "id": 1062,
          "store_id": 1
        },
        {
          "id": 1063,
          "store_id": 4
        },
        {
          "id": 1064,
          "store_id": 5
        }
      ],
      "leader": {
        "id": 1064,
        "store_id": 5
      },
      "written_bytes": 1355,
      "written_keys": 6,
      "approximate_size": 42,
      "approximate_keys": 10497
    },
    {
      "id": 1089,
      "start_key": "7480000000000000FF2B5F728000000000FF17B8F90000000000FA",
      "end_key": "7480000000000000FF2B5F728000000000FF190C4E0000000000FA",
      "epoch": {
        "conf_ver": 5,
        "version": 40
      },
      "peers": [
        {
          "id": 1090,
          "store_id": 1
        },
        {
          "id": 1091,
          "store_id": 4
        },
        {
          "id": 1092,
          "store_id": 5
        }
      ],
      "leader": {
        "id": 1092,
        "store_id": 5
      },
      "approximate_size": 129,
      "approximate_keys": 81920
    },
    {
      "id": 1021,
      "start_key": "7480000000000000FF2B5F728000000000FF052A650000000000FA",
      "end_key": "7480000000000000FF2B5F728000000000FF067DAA0000000000FA",
      "epoch": {
        "conf_ver": 5,
        "version": 26
      },
      "peers": [
        {
          "id": 1022,
          "store_id": 1
        },
        {
          "id": 1023,
          "store_id": 4
        },
        {
          "id": 1024,
          "store_id": 5
        }
      ],
      "leader": {
        "id": 1023,
        "store_id": 4
      },
      "written_bytes": 42,
      "read_bytes": 45,
      "written_keys": 1,
      "read_keys": 1,
      "approximate_size": 124,
      "approximate_keys": 127656
    },
    {
      "id": 1041,
      "start_key": "7480000000000000FF2B5F728000000000FF0B573C0000000000FA",
      "end_key": "7480000000000000FF2B5F728000000000FF0BCABE0000000000FA",
      "epoch": {
        "conf_ver": 5,
        "version": 31
      },
      "peers": [
        {
          "id": 1042,
          "store_id": 1
        },
        {
          "id": 1043,
          "store_id": 4
        },
        {
          "id": 1044,
          "store_id": 5
        }
      ],
      "leader": {
        "id": 1044,
        "store_id": 5
      },
      "written_bytes": 1355,
      "read_bytes": 90,
      "written_keys": 6,
      "read_keys": 2,
      "approximate_size": 41,
      "approximate_keys": 28461
    },
    {
      "id": 2021,
      "start_key": "7480000000000000FF2D5F728000000000FF06027A0000000000FA",
      "end_key": "7480000000000000FF2D5F728000000000FF0678040000000000FA",
      "epoch": {
        "conf_ver": 5,
        "version": 50
      },
      "peers": [
        {
          "id": 2022,
          "store_id": 1
        },
        {
          "id": 2023,
          "store_id": 4
        },
        {
          "id": 2024,
          "store_id": 5
        }
      ],
      "leader": {
        "id": 2022,
        "store_id": 1
      },
      "written_bytes": 6755,
      "read_bytes": 630,
      "written_keys": 30,
      "read_keys": 14,
      "approximate_size": 39,
      "approximate_keys": 64546
    },
    {
      "id": 2073,
      "start_key": "7480000000000000FF2D5F728000000000FF1490FD0000000000FA",
      "end_key": "7480000000000000FF2D5F728000000000FF150BFE0000000000FA",
      "epoch": {
        "conf_ver": 5,
        "version": 61
      },
      "peers": [
        {
          "id": 2074,
          "store_id": 1
        },
        {
          "id": 2075,
          "store_id": 4
        },
        {
          "id": 2076,
          "store_id": 5
        }
      ],
      "leader": {
        "id": 2074,
        "store_id": 1
      },
      "written_bytes": 17602,
      "read_bytes": 1035,
      "written_keys": 78,
      "read_keys": 23,
      "approximate_size": 37,
      "approximate_keys": 384
    },
    {
      "id": 2101,
      "start_key": "7480000000000000FF2D5F728000000000FF1BAD320000000000FA",
      "end_key": "7480000000000000FF2D5F728000000000FF1D00770000000000FA",
      "epoch": {
        "conf_ver": 5,
        "version": 66
      },
      "peers": [
        {
          "id": 2102,
          "store_id": 1
        },
        {
          "id": 2103,
          "store_id": 4
        },
        {
          "id": 2104,
          "store_id": 5
        }
      ],
      "leader": {
        "id": 2102,
        "store_id": 1
      },
      "written_bytes": 43378,
      "read_bytes": 2340,
      "written_keys": 193,
      "read_keys": 52,
      "approximate_size": 108,
      "approximate_keys": 72423
    },
    {
      "id": 24,
      "start_key": "7480000000000000FF0B00000000000000F8",
      "end_key": "7480000000000000FF0D00000000000000F8",
      "epoch": {
        "conf_ver": 5,
        "version": 6
      },
      "peers": [
        {
          "id": 25,
          "store_id": 1
        },
        {
          "id": 26,
          "store_id": 4
        },
        {
          "id": 27,
          "store_id": 5
        }
      ],
      "leader": {
        "id": 27,
        "store_id": 5
      },
      "approximate_size": 1,
      "approximate_keys": 843897
    },
    {
      "id": 40,
      "start_key": "7480000000000000FF1300000000000000F8",
      "end_key": "7480000000000000FF1500000000000000F8",
      "epoch": {
        "conf_ver": 5,
        "version": 10
      },
      "peers": [
        {
          "id": 41,
          "store_id": 1
        },
        {
          "id": 42,
          "store_id": 4
        },
        {
          "id": 43,
          "store_id": 5
        }
      ],
      "leader": {
        "id": 43,
        "store_id": 5
      },
      "written_bytes": 810,
      "read_bytes": 2536,
      "written_keys": 12,
      "read_keys": 36,
      "approximate_size": 1,
      "approximate_keys": 246
    },
    {
      "id": 72,
      "start_key": "7480000000000000FF2300000000000000F8",
      "end_key": "7480000000000000FF2500000000000000F8",
      "epoch": {
        "conf_ver": 5,
        "version": 18
      },
      "peers": [
        {
          "id": 73,
          "store_id": 1
        },
        {
          "id": 74,
          "store_id": 4
        },
        {
          "id": 75,
          "store_id": 5
        }
      ],
      "leader": {
        "id": 75,
        "store_id": 5
      },
      "written_bytes": 38,
      "written_keys": 1,
      "approximate_size": 1,
      "approximate_keys": 843897
    },
    {
      "id": 2081,
      "start_key": "7480000000000000FF2D5F728000000000FF165FA80000000000FA",
      "end_key": "7480000000000000FF2D5F728000000000FF17B3520000000000FA",
      "epoch": {
        "conf_ver": 5,
        "version": 62
      },
      "peers": [
        {
          "id": 2082,
          "store_id": 1
        },
        {
          "id": 2083,
          "store_id": 4
        },
        {
          "id": 2084,
          "store_id": 5
        }
      ],
      "leader": {
        "id": 2084,
        "store_id": 5
      },
      "written_bytes": 36458,
      "read_bytes": 1755,
      "written_keys": 161,
      "read_keys": 39,
      "approximate_size": 113,
      "approximate_keys": 126235
    },
    {
      "id": 3033,
      "start_key": "7480000000000000FF2D5F728000000000FF0E6BA20000000000FA",
      "end_key": "7480000000000000FF2D5F728000000000FF0EF3990000000000FA",
      "epoch": {
        "conf_ver": 5,
        "version": 59
      },
      "peers": [
        {
          "id": 3034,
          "store_id": 1
        },
        {
          "id": 3035,
          "store_id": 4
        },
        {
          "id": 3036,
          "store_id": 5
        }
      ],
      "leader": {
        "id": 3034,
        "store_id": 1
      },
      "written_bytes": 55644,
      "read_bytes": 3555,
      "written_keys": 247,
      "read_keys": 79,
      "approximate_size": 55,
      "approximate_keys": 97197
    },
    {
      "id": 12,
      "start_key": "7480000000000000FF0500000000000000F8",
      "end_key": "7480000000000000FF0700000000000000F8",
      "epoch": {
        "conf_ver": 5,
        "version": 3
      },
      "peers": [
        {
          "id": 13,
          "store_id": 1
        },
        {
          "id": 14,
          "store_id": 4
        },
        {
          "id": 15,
          "store_id": 5
        }
      ],
      "leader": {
        "id": 14,
        "store_id": 4
      },
      "written_bytes": 38,
      "written_keys": 1,
      "approximate_size": 1,
      "approximate_keys": 1666627
    },
    {
      "id": 1045,
      "start_key": "7480000000000000FF2B5F728000000000FF0CAC780000000000FA",
      "end_key": "7480000000000000FF2B5F728000000000FF0D1E030000000000FA",
      "epoch": {
        "conf_ver": 5,
        "version": 32
      },
      "peers": [
        {
          "id": 1046,
          "store_id": 1
        },
        {
          "id": 1047,
          "store_id": 4
        },
        {
          "id": 1048,
          "store_id": 5
        }
      ],
      "leader": {
        "id": 1048,
        "store_id": 5
      },
      "read_bytes": 135,
      "read_keys": 3,
      "approximate_size": 51,
      "approximate_keys": 59272
    },
    {
      "id": 2005,
      "start_key": "7480000000000000FF2D5F728000000000FF007A6A0000000000FA",
      "end_key": "7480000000000000FF2D5F728000000000FF012AF00000000000FA",
      "epoch": {
        "conf_ver": 5,
        "version": 46
      },
      "peers": [
        {
          "id": 2006,
          "store_id": 1
        },
        {
          "id": 2007,
          "store_id": 4
        },
        {
          "id": 2008,
          "store_id": 5
        }
      ],
      "leader": {
        "id": 2008,
        "store_id": 5
      },
      "written_bytes": 12171,
      "read_bytes": 990,
      "written_keys": 54,
      "read_keys": 22,
      "approximate_size": 56,
      "approximate_keys": 81920
    },
    {
      "id": 3009,
      "start_key": "7480000000000000FF2D5F728000000000FF0A71D30000000000FA",
      "end_key": "7480000000000000FF2D5F728000000000FF0B52000000000000FA",
      "epoch": {
        "conf_ver": 5,
        "version": 54
      },
      "peers": [
        {
          "id": 3010,
          "store_id": 1
        },
        {
          "id": 3011,
          "store_id": 4
        },
        {
          "id": 3012,
          "store_id": 5
        }
      ],
      "leader": {
        "id": 3010,
        "store_id": 1
      },
      "written_bytes": 32508,
      "read_bytes": 2385,
      "written_keys": 144,
      "read_keys": 53,
      "approximate_size": 85,
      "approximate_keys": 102279
    },
    {
      "id": 3013,
      "start_key": "7480000000000000FF2D5F728000000000FF11122C0000000000FA",
      "end_key": "7480000000000000FF2D5F728000000000FF11D4880000000000FA",
      "epoch": {
        "conf_ver": 5,
        "version": 59
      },
      "peers": [
        {
          "id": 3014,
          "store_id": 1
        },
        {
          "id": 3015,
          "store_id": 4
        },
        {
          "id": 3016,
          "store_id": 5
        }
      ],
      "leader": {
        "id": 3015,
        "store_id": 4
      },
      "written_bytes": 36519,
      "read_bytes": 2790,
      "written_keys": 161,
      "read_keys": 62,
      "approximate_size": 69,
      "approximate_keys": 65908
    },
    {
      "id": 3037,
      "start_key": "7480000000000000FF2B5F728000000000FF1117D20000000000FA",
      "end_key": "7480000000000000FF2B5F728000000000FF11F3360000000000FA",
      "epoch": {
        "conf_ver": 5,
        "version": 36
      },
      "peers": [
        {
          "id": 3038,
          "store_id": 1
        },
        {
          "id": 3039,
          "store_id": 4
        },
        {
          "id": 3040,
          "store_id": 5
        }
      ],
      "leader": {
        "id": 3039,
        "store_id": 4
      },
      "written_bytes": 5420,
      "read_bytes": 180,
      "written_keys": 24,
      "read_keys": 4,
      "approximate_size": 122,
      "approximate_keys": 586193
    },
    {
      "id": 5013,
      "start_key": "7480000000000000FF2D5F728000000000FF0EF3990000000000FA",
      "end_key": "7480000000000000FF2D5F728000000000FF0F4A0B0000000000FA",
      "epoch": {
        "conf_ver": 5,
        "version": 63
      },
      "peers": [
        {
          "id": 5014,
          "store_id": 1
        },
        {
          "id": 5015,
          "store_id": 4
        },
        {
          "id": 5016,
          "store_id": 5
        }
      ],
      "leader": {
        "id": 5014,
        "store_id": 1
      },
      "written_bytes": 102968,
      "read_bytes": 6435,
      "written_keys": 458,
      "read_keys": 143,
      "approximate_size": 90,
      "approximate_keys": 177049
    },
    {
      "id": 1037,
      "start_key": "7480000000000000FF2B5F698000000000FF0000010175736572FF38313930FF383835FF3332333232FF3838FF313237383700FE00FE",
      "end_key": "7480000000000000FF2B5F728000000000FF00799F0000000000FA",
      "epoch": {
        "conf_ver": 5,
        "version": 24
      },
      "peers": [
        {
          "id": 1038,
          "store_id": 1
        },
        {
          "id": 1039,
          "store_id": 4
        },
        {
          "id": 1040,
          "store_id": 5
        }
      ],
      "leader": {
        "id": 1040,
        "store_id": 5
      },
      "read_bytes": 164,
      "read_keys": 2,
      "approximate_size": 52,
      "approximate_keys": 260006
    },
    {
      "id": 1049,
      "start_key": "7480000000000000FF2B5F728000000000FF0DFF870000000000FA",
      "end_key": "7480000000000000FF2B5F728000000000FF0E71480000000000FA",
      "epoch": {
        "conf_ver": 5,
        "version": 33
      },
      "peers": [
        {
          "id": 1050,
          "store_id": 1
        },
        {
          "id": 1051,
          "store_id": 4
        },
        {
          "id": 1052,
          "store_id": 5
        }
      ],
      "leader": {
        "id": 1051,
        "store_id": 4
      },
      "written_bytes": 2710,
      "read_bytes": 135,
      "written_keys": 12,
      "read_keys": 3,
      "approximate_size": 52,
      "approximate_keys": 185393
    },
    {
      "id": 1077,
      "start_key": "7480000000000000FF2B5F728000000000FF1511A50000000000FA",
      "end_key": "7480000000000000FF2B5F728000000000FF1665510000000000FA",
      "epoch": {
        "conf_ver": 5,
        "version": 38
      },
      "peers": [
        {
          "id": 1078,
          "store_id": 1
        },
        {
          "id": 1079,
          "store_id": 4
        },
        {
          "id": 1080,
          "store_id": 5
        }
      ],
      "leader": {
        "id": 1079,
        "store_id": 4
      },
      "written_bytes": 1383,
      "read_bytes": 45,
      "written_keys": 7,
      "read_keys": 1,
      "approximate_size": 179,
      "approximate_keys": 1129711
    },
    {
      "id": 3017,
      "start_key": "7480000000000000FF2D5F728000000000FF0BC5180000000000FA",
      "end_key": "7480000000000000FF2D5F728000000000FF0CAA240000000000FA",
      "epoch": {
        "conf_ver": 5,
        "version": 55
      },
      "peers": [
        {
          "id": 3018,
          "store_id": 1
        },
        {
          "id": 3019,
          "store_id": 4
        },
        {
          "id": 3020,
          "store_id": 5
        }
      ],
      "leader": {
        "id": 3018,
        "store_id": 1
      },
      "written_bytes": 36561,
      "read_bytes": 2115,
      "written_keys": 162,
      "read_keys": 47,
      "approximate_size": 87,
      "approximate_keys": 97033
    },
    {
      "id": 3021,
      "start_key": "7480000000000000FF2D5F728000000000FF0524BF0000000000FA",
      "end_key": "7480000000000000FF2D5F728000000000FF06027A0000000000FA",
      "epoch": {
        "conf_ver": 5,
        "version": 50
      },
      "peers": [
        {
          "id": 3022,
          "store_id": 1
        },
        {
          "id": 3023,
          "store_id": 4
        },
        {
          "id": 3024,
          "store_id": 5
        }
      ],
      "leader": {
        "id": 3022,
        "store_id": 1
      },
      "written_bytes": 16248,
      "read_bytes": 1035,
      "written_keys": 72,
      "read_keys": 23,
      "approximate_size": 78,
      "approximate_keys": 109601
    },
    {
      "id": 4005,
      "start_key": "7480000000000000FF2B5F728000000000FF1D061D0000000000FA",
      "end_key": "7480000000000000FF2B5F728000000000FF1E02000000000000FA",
      "epoch": {
        "conf_ver": 5,
        "version": 45
      },
      "peers": [
        {
          "id": 4006,
          "store_id": 1
        },
        {
          "id": 4007,
          "store_id": 4
        },
        {
          "id": 4008,
          "store_id": 5
        }
      ],
      "leader": {
        "id": 4007,
        "store_id": 4
      },
      "written_bytes": 2702,
      "read_bytes": 180,
      "written_keys": 12,
      "read_keys": 4,
      "approximate_size": 84,
      "approximate_keys": 49901
    },
    {
      "id": 8,
      "start_key": "",
      "end_key": "7480000000000000FF0500000000000000F8",
      "epoch": {
        "conf_ver": 5,
        "version": 2
      },
      "peers": [
        {
          "id": 9,
          "store_id": 1
        },
        {
          "id": 10,
          "store_id": 4
        },
        {
          "id": 11,
          "store_id": 5
        }
      ],
      "leader": {
        "id": 11,
        "store_id": 5
      },
      "written_bytes": 38,
      "read_bytes": 134,
      "written_keys": 1,
      "read_keys": 2,
      "approximate_size": 1,
      "approximate_keys": 2
    },
    {
      "id": 76,
      "start_key": "7480000000000000FF2500000000000000F8",
      "end_key": "7480000000000000FF2700000000000000F8",
      "epoch": {
        "conf_ver": 5,
        "version": 19
      },
      "peers": [
        {
          "id": 77,
          "store_id": 1
        },
        {
          "id": 78,
          "store_id": 4
        },
        {
          "id": 79,
          "store_id": 5
        }
      ],
      "leader": {
        "id": 78,
        "store_id": 4
      },
      "approximate_size": 1,
      "approximate_keys": 849520
    },
    {
      "id": 2025,
      "start_key": "7480000000000000FF2D5F728000000000FF0678040000000000FA",
      "end_key": "7480000000000000FF2D5F728000000000FF07CB490000000000FA",
      "epoch": {
        "conf_ver": 5,
        "version": 50
      },
      "peers": [
        {
          "id": 2026,
          "store_id": 1
        },
        {
          "id": 2027,
          "store_id": 4
        },
        {
          "id": 2028,
          "store_id": 5
        }
      ],
      "leader": {
        "id": 2026,
        "store_id": 1
      },
      "written_bytes": 25763,
      "read_bytes": 1935,
      "written_keys": 115,
      "read_keys": 43,
      "approximate_size": 106,
      "approximate_keys": 102040
    },
    {
      "id": 2045,
      "start_key": "7480000000000000FF2D5F728000000000FF0CAA240000000000FA",
      "end_key": "7480000000000000FF2D5F728000000000FF0D185D0000000000FA",
      "epoch": {
        "conf_ver": 5,
        "version": 55
      },
      "peers": [
        {
          "id": 2046,
          "store_id": 1
        },
        {
          "id": 2047,
          "store_id": 4
        },
        {
          "id": 2048,
          "store_id": 5
        }
      ],
      "leader": {
        "id": 2048,
        "store_id": 5
      },
      "written_bytes": 28419,
      "read_bytes": 1260,
      "written_keys": 126,
      "read_keys": 28,
      "approximate_size": 40,
      "approximate_keys": 31954
    },
    {
      "id": 2077,
      "start_key": "7480000000000000FF2D5F728000000000FF15E9FB0000000000FA",
      "end_key": "7480000000000000FF2D5F728000000000FF165FA80000000000FA",
      "epoch": {
        "conf_ver": 5,
        "version": 62
      },
      "peers": [
        {
          "id": 2078,
          "store_id": 1
        },
        {
          "id": 2079,
          "store_id": 4
        },
        {
          "id": 2080,
          "store_id": 5
        }
      ],
      "leader": {
        "id": 2078,
        "store_id": 1
      },
      "written_bytes": 9511,
      "read_bytes": 630,
      "written_keys": 43,
      "read_keys": 14,
      "approximate_size": 34,
      "approximate_keys": 41024
    },
    {
      "id": 2097,
      "start_key": "7480000000000000FF2D5F728000000000FF1B399B0000000000FA",
      "end_key": "7480000000000000FF2D5F728000000000FF1BAD320000000000FA",
      "epoch": {
        "conf_ver": 5,
        "version": 66
      },
      "peers": [
        {
          "id": 2098,
          "store_id": 1
        },
        {
          "id": 2099,
          "store_id": 4
        },
        {
          "id": 2100,
          "store_id": 5
        }
      ],
      "leader": {
        "id": 2100,
        "store_id": 5
      },
      "written_bytes": 13554,
      "read_bytes": 720,
      "written_keys": 62,
      "read_keys": 16,
      "approximate_size": 41,
      "approximate_keys": 47142
    },
    {
      "id": 4001,
      "start_key": "7480000000000000FF2B5F728000000000FF0BCABE0000000000FA",
      "end_key": "7480000000000000FF2B5F728000000000FF0CAC780000000000FA",
      "epoch": {
        "conf_ver": 5,
        "version": 32
      },
      "peers": [
        {
          "id": 4002,
          "store_id": 1
        },
        {
          "id": 4003,
          "store_id": 4
        },
        {
          "id": 4004,
          "store_id": 5
        }
      ],
      "leader": {
        "id": 4004,
        "store_id": 5
      },
      "written_bytes": 5408,
      "read_bytes": 225,
      "written_keys": 24,
      "read_keys": 5,
      "approximate_size": 99,
      "approximate_keys": 118352
    },
    {
      "id": 8001,
      "start_key": "7480000000000000FF2B5F728000000000FF0E71480000000000FA",
      "end_key": "7480000000000000FF2B5F728000000000FF0F26180000000000FA",
      "epoch": {
        "conf_ver": 5,
        "version": 38
      },
      "peers": [
        {
          "id": 8002,
          "store_id": 1
        },
        {
          "id": 8003,
          "store_id": 4
        },
        {
          "id": 8004,
          "store_id": 5
        }
      ],
      "leader": {
        "id": 8003,
        "store_id": 4
      },
      "written_bytes": 2752,
      "read_bytes": 270,
      "written_keys": 13,
      "read_keys": 6,
      "approximate_size": 82,
      "approximate_keys": 99460
    },
    {
      "id": 52,
      "start_key": "7480000000000000FF1900000000000000F8",
      "end_key": "7480000000000000FF1B00000000000000F8",
      "epoch": {
        "conf_ver": 5,
        "version": 13
      },
      "peers": [
        {
          "id": 53,
          "store_id": 1
        },
        {
          "id": 54,
          "store_id": 4
        },
        {
          "id": 55,
          "store_id": 5
        }
      ],
      "leader": {
        "id": 55,
        "store_id": 5
      },
      "approximate_size": 1,
      "approximate_keys": 843897
    },
    {
      "id": 1065,
      "start_key": "7480000000000000FF2B5F728000000000FF1344E30000000000FA",
      "end_key": "7480000000000000FF2B5F728000000000FF13BE5C0000000000FA",
      "epoch": {
        "conf_ver": 5,
        "version": 37
      },
      "peers": [
        {
          "id": 1066,
          "store_id": 1
        },
        {
          "id": 1067,
          "store_id": 4
        },
        {
          "id": 1068,
          "store_id": 5
        }
      ],
      "leader": {
        "id": 1067,
        "store_id": 4
      },
      "written_bytes": 42,
      "written_keys": 1,
      "approximate_size": 54,
      "approximate_keys": 54953
    },
    {
      "id": 2017,
      "start_key": "7480000000000000FF2D5F728000000000FF03D17A0000000000FA",
      "end_key": "7480000000000000FF2D5F728000000000FF0524BF0000000000FA",
      "epoch": {
        "conf_ver": 5,
        "version": 48
      },
      "peers": [
        {
          "id": 2018,
          "store_id": 1
        },
        {
          "id": 2019,
          "store_id": 4
        },
        {
          "id": 2020,
          "store_id": 5
        }
      ],
      "leader": {
        "id": 2018,
        "store_id": 1
      },
      "written_bytes": 37958,
      "read_bytes": 1890,
      "written_keys": 169,
      "read_keys": 42,
      "approximate_size": 109,
      "approximate_keys": 82571
    },
    {
      "id": 32,
      "start_key": "7480000000000000FF0F00000000000000F8",
      "end_key": "7480000000000000FF1100000000000000F8",
      "epoch": {
        "conf_ver": 5,
        "version": 8
      },
      "peers": [
        {
          "id": 33,
          "store_id": 1
        },
        {
          "id": 34,
          "store_id": 4
        },
        {
          "id": 35,
          "store_id": 5
        }
      ],
      "leader": {
        "id": 35,
        "store_id": 5
      },
      "written_bytes": 413,
      "read_bytes": 209,
      "written_keys": 7,
      "read_keys": 3,
      "approximate_size": 1,
      "approximate_keys": 6
    },
    {
      "id": 1097,
      "start_key": "7480000000000000FF2B5F728000000000FF1A5F930000000000FA",
      "end_key": "7480000000000000FF2B5F728000000000FF1BB2D80000000000FA",
      "epoch": {
        "conf_ver": 5,
        "version": 42
      },
      "peers": [
        {
          "id": 1098,
          "store_id": 1
        },
        {
          "id": 1099,
          "store_id": 4
        },
        {
          "id": 1100,
          "store_id": 5
        }
      ],
      "leader": {
        "id": 1100,
        "store_id": 5
      },
      "written_bytes": 1355,
      "read_bytes": 90,
      "written_keys": 6,
      "read_keys": 2,
      "approximate_size": 123,
      "approximate_keys": 102396
    },
    {
      "id": 2089,
      "start_key": "7480000000000000FF2D5F728000000000FF18926F0000000000FA",
      "end_key": "7480000000000000FF2D5F728000000000FF1906A80000000000FA",
      "epoch": {
        "conf_ver": 5,
        "version": 64
      },
      "peers": [
        {
          "id": 2090,
          "store_id": 1
        },
        {
          "id": 2091,
          "store_id": 4
        },
        {
          "id": 2092,
          "store_id": 5
        }
      ],
      "leader": {
        "id": 2090,
        "store_id": 1
      },
      "written_bytes": 10784,
      "read_bytes": 450,
      "written_keys": 48,
      "read_keys": 10,
      "approximate_size": 33,
      "approximate_keys": 24209
    },
    {
      "id": 2061,
      "start_key": "7480000000000000FF2D5F728000000000FF11D4880000000000FA",
      "end_key": "7480000000000000FF2D5F728000000000FF1265710000000000FA",
      "epoch": {
        "conf_ver": 5,
        "version": 59
      },
      "peers": [
        {
          "id": 2062,
          "store_id": 1
        },
        {
          "id": 2063,
          "store_id": 4
        },
        {
          "id": 2064,
          "store_id": 5
        }
      ],
      "leader": {
        "id": 2062,
        "store_id": 1
      },
      "written_bytes": 25697,
      "read_bytes": 1485,
      "written_keys": 114,
      "read_keys": 33,
      "approximate_size": 55,
      "approximate_keys": 79725
    },
    {
      "id": 2085,
      "start_key": "7480000000000000FF2D00000000000000F8",
      "end_key": "7480000000000000FF2D5F698000000000FF0000010175736572FF36313438FF303433FF3239363037FF3532FF333137393300FE00FE",
      "epoch": {
        "conf_ver": 5,
        "version": 48
      },
      "peers": [
        {
          "id": 2086,
          "store_id": 1
        },
        {
          "id": 2087,
          "store_id": 4
        },
        {
          "id": 2088,
          "store_id": 5
        }
      ],
      "leader": {
        "id": 2086,
        "store_id": 1
      },
      "read_bytes": 103402,
      "read_keys": 1261,
      "approximate_size": 100,
      "approximate_keys": 1277647
    },
    {
      "id": 2125,
      "start_key": "7480000000000000FF2D5F728000000000FF0FBEE70000000000FA",
      "end_key": "7480000000000000FF2D5F728000000000FF1092C90000000000FA",
      "epoch": {
        "conf_ver": 5,
        "version": 58
      },
      "peers": [
        {
          "id": 2126,
          "store_id": 1
        },
        {
          "id": 2127,
          "store_id": 4
        },
        {
          "id": 2128,
          "store_id": 5
        }
      ],
      "leader": {
        "id": 2126,
        "store_id": 1
      },
      "written_bytes": 62372,
      "read_bytes": 4185,
      "written_keys": 277,
      "read_keys": 93,
      "approximate_size": 85,
      "approximate_keys": 181085
    },
    {
      "id": 20,
      "start_key": "7480000000000000FF0900000000000000F8",
      "end_key": "7480000000000000FF0B00000000000000F8",
      "epoch": {
        "conf_ver": 5,
        "version": 5
      },
      "peers": [
        {
          "id": 21,
          "store_id": 1
        },
        {
          "id": 22,
          "store_id": 4
        },
        {
          "id": 23,
          "store_id": 5
        }
      ],
      "leader": {
        "id": 23,
        "store_id": 5
      },
      "written_bytes": 38,
      "written_keys": 1,
      "approximate_size": 1,
      "approximate_keys": 843897
    },
    {
      "id": 1101,
      "start_key": "7480000000000000FF2B5F728000000000FF1BB2D80000000000FA",
      "end_key": "7480000000000000FF2B5F728000000000FF1D061D0000000000FA",
      "epoch": {
        "conf_ver": 5,
        "version": 43
      },
      "peers": [
        {
          "id": 1102,
          "store_id": 1
        },
        {
          "id": 1103,
          "store_id": 4
        },
        {
          "id": 1104,
          "store_id": 5
        }
      ],
      "leader": {
        "id": 1103,
        "store_id": 4
      },
      "read_bytes": 135,
      "read_keys": 3,
      "approximate_size": 115,
      "approximate_keys": 125619
    },
    {
      "id": 2049,
      "start_key": "7480000000000000FF2D5F728000000000FF0DFB1F0000000000FA",
      "end_key": "7480000000000000FF2D5F728000000000FF0E6BA20000000000FA",
      "epoch": {
        "conf_ver": 5,
        "version": 56
      },
      "peers": [
        {
          "id": 2050,
          "store_id": 1
        },
        {
          "id": 2051,
          "store_id": 4
        },
        {
          "id": 2052,
          "store_id": 5
        }
      ],
      "leader": {
        "id": 2050,
        "store_id": 1
      },
      "written_bytes": 21668,
      "read_bytes": 1710,
      "written_keys": 96,
      "read_keys": 38,
      "approximate_size": 42,
      "approximate_keys": 63690
    },
    {
      "id": 1069,
      "start_key": "7480000000000000FF2B5F698000000000FF0000010175736572FF36313533FF383132FF3433333538FF3733FF313935363000FE00FE",
      "end_key": "7480000000000000FF2B5F698000000000FF0000010175736572FF38313930FF383835FF3332333232FF3838FF313237383700FE00FE",
      "epoch": {
        "conf_ver": 5,
        "version": 25
      },
      "peers": [
        {
          "id": 1070,
          "store_id": 1
        },
        {
          "id": 1071,
          "store_id": 4
        },
        {
          "id": 1072,
          "store_id": 5
        }
      ],
      "leader": {
        "id": 1071,
        "store_id": 4
      },
      "written_bytes": 40,
      "read_bytes": 1394,
      "written_keys": 1,
      "read_keys": 17,
      "approximate_size": 40,
      "approximate_keys": 507339
    },
    {
      "id": 2053,
      "start_key": "7480000000000000FF2D5F728000000000FF0F4A0B0000000000FA",
      "end_key": "7480000000000000FF2D5F728000000000FF0FBEE70000000000FA",
      "epoch": {
        "conf_ver": 5,
        "version": 57
      },
      "peers": [
        {
          "id": 2054,
          "store_id": 1
        },
        {
          "id": 2055,
          "store_id": 4
        },
        {
          "id": 2056,
          "store_id": 5
        }
      ],
      "leader": {
        "id": 2054,
        "store_id": 1
      },
      "written_bytes": 81458,
      "read_bytes": 4680,
      "written_keys": 362,
      "read_keys": 104,
      "approximate_size": 57,
      "approximate_keys": 88988
    },
    {
      "id": 3001,
      "start_key": "7480000000000000FF2D5F728000000000FF1D00770000000000FA",
      "end_key": "7480000000000000FF2D5F728000000000FF1DFF2E0000000000FA",
      "epoch": {
        "conf_ver": 5,
        "version": 67
      },
      "peers": [
        {
          "id": 3002,
          "store_id": 1
        },
        {
          "id": 3003,
          "store_id": 4
        },
        {
          "id": 3004,
          "store_id": 5
        }
      ],
      "leader": {
        "id": 3002,
        "store_id": 1
      },
      "written_bytes": 17615,
      "read_bytes": 945,
      "written_keys": 78,
      "read_keys": 21,
      "approximate_size": 80,
      "approximate_keys": 86043
    },
    {
      "id": 60,
      "start_key": "7480000000000000FF1D00000000000000F8",
      "end_key": "7480000000000000FF1F00000000000000F8",
      "epoch": {
        "conf_ver": 5,
        "version": 15
      },
      "peers": [
        {
          "id": 61,
          "store_id": 1
        },
        {
          "id": 62,
          "store_id": 4
        },
        {
          "id": 63,
          "store_id": 5
        }
      ],
      "leader": {
        "id": 63,
        "store_id": 5
      },
      "written_bytes": 38,
      "written_keys": 1,
      "approximate_size": 1,
      "approximate_keys": 144597
    },
    {
      "id": 64,
      "start_key": "7480000000000000FF1F00000000000000F8",
      "end_key": "7480000000000000FF2100000000000000F8",
      "epoch": {
        "conf_ver": 5,
        "version": 16
      },
      "peers": [
        {
          "id": 65,
          "store_id": 1
        },
        {
          "id": 66,
          "store_id": 4
        },
        {
          "id": 67,
          "store_id": 5
        }
      ],
      "leader": {
        "id": 67,
        "store_id": 5
      },
      "approximate_size": 1,
      "approximate_keys": 843897
    },
    {
      "id": 1029,
      "start_key": "7480000000000000FF2B5F728000000000FF07D0EF0000000000FA",
      "end_key": "7480000000000000FF2B5F728000000000FF0924340000000000FA",
      "epoch": {
        "conf_ver": 5,
        "version": 28
      },
      "peers": [
        {
          "id": 1030,
          "store_id": 1
        },
        {
          "id": 1031,
          "store_id": 4
        },
        {
          "id": 1032,
          "store_id": 5
        }
      ],
      "leader": {
        "id": 1031,
        "store_id": 4
      },
      "written_bytes": 5420,
      "read_bytes": 225,
      "written_keys": 24,
      "read_keys": 5,
      "approximate_size": 125,
      "approximate_keys": 104213
    },
    {
      "id": 1085,
      "start_key": "7480000000000000FF2B00000000000000F8",
      "end_key": "7480000000000000FF2B5F698000000000FF0000010175736572FF36313533FF383132FF3433333538FF3733FF313935363000FE00FE",
      "epoch": {
        "conf_ver": 5,
        "version": 25
      },
      "peers": [
        {
          "id": 1086,
          "store_id": 1
        },
        {
          "id": 1087,
          "store_id": 4
        },
        {
          "id": 1088,
          "store_id": 5
        }
      ],
      "leader": {
        "id": 1088,
        "store_id": 5
      },
      "written_bytes": 40,
      "read_bytes": 4920,
      "written_keys": 1,
      "read_keys": 60,
      "approximate_size": 101,
      "approximate_keys": 1280683
    },
    {
      "id": 2033,
      "start_key": "7480000000000000FF2D5F728000000000FF0A02000000000000FA",
      "end_key": "7480000000000000FF2D5F728000000000FF0A71D30000000000FA",
      "epoch": {
        "conf_ver": 5,
        "version": 53
      },
      "peers": [
        {
          "id": 2034,
          "store_id": 1
        },
        {
          "id": 2035,
          "store_id": 4
        },
        {
          "id": 2036,
          "store_id": 5
        }
      ],
      "leader": {
        "id": 2034,
        "store_id": 1
      },
      "written_bytes": 14893,
      "read_bytes": 900,
      "written_keys": 66,
      "read_keys": 20,
      "approximate_size": 39,
      "approximate_keys": 41030
    },
    {
      "id": 2129,
      "start_key": "7480000000000000FF2B5F728000000000FF0D1E030000000000FA",
      "end_key": "7480000000000000FF2B5F728000000000FF0DFF870000000000FA",
      "epoch": {
        "conf_ver": 5,
        "version": 33
      },
      "peers": [
        {
          "id": 2130,
          "store_id": 1
        },
        {
          "id": 2131,
          "store_id": 4
        },
        {
          "id": 2132,
          "store_id": 5
        }
      ],
      "leader": {
        "id": 2131,
        "store_id": 4
      },
      "written_bytes": 1355,
      "read_bytes": 135,
      "written_keys": 6,
      "read_keys": 3,
      "approximate_size": 79,
      "approximate_keys": 68250
    },
    {
      "id": 5017,
      "start_key": "7480000000000000FF2D5F728000000000FF150BFE0000000000FA",
      "end_key": "7480000000000000FF2D5F728000000000FF15E9FB0000000000FA",
      "epoch": {
        "conf_ver": 5,
        "version": 62
      },
      "peers": [
        {
          "id": 5018,
          "store_id": 1
        },
        {
          "id": 5019,
          "store_id": 4
        },
        {
          "id": 5020,
          "store_id": 5
        }
      ],
      "leader": {
        "id": 5020,
        "store_id": 5
      },
      "written_bytes": 18938,
      "read_bytes": 1845,
      "written_keys": 85,
      "read_keys": 41,
      "approximate_size": 74,
      "approximate_keys": 27385
    },
    {
      "id": 2,
      "start_key": "7480000000000000FF2D5F728000000000FF1DFF2E0000000000FA",
      "end_key": "",
      "epoch": {
        "conf_ver": 5,
        "version": 67
      },
      "peers": [
        {
          "id": 3,
          "store_id": 1
        },
        {
          "id": 6,
          "store_id": 4
        },
        {
          "id": 7,
          "store_id": 5
        }
      ],
      "leader": {
        "id": 3,
        "store_id": 1
      },
      "written_bytes": 5462,
      "read_bytes": 810,
      "written_keys": 25,
      "read_keys": 18,
      "approximate_size": 45,
      "approximate_keys": 107591
    },
    {
      "id": 44,
      "start_key": "7480000000000000FF1500000000000000F8",
      "end_key": "7480000000000000FF1700000000000000F8",
      "epoch": {
        "conf_ver": 5,
        "version": 11
      },
      "peers": [
        {
          "id": 45,
          "store_id": 1
        },
        {
          "id": 46,
          "store_id": 4
        },
        {
          "id": 47,
          "store_id": 5
        }
      ],
      "leader": {
        "id": 47,
        "store_id": 5
      },
      "read_bytes": 7841708,
      "read_keys": 984,
      "approximate_size": 1,
      "approximate_keys": 32
    },
    {
      "id": 48,
      "start_key": "7480000000000000FF1700000000000000F8",
      "end_key": "7480000000000000FF1900000000000000F8",
      "epoch": {
        "conf_ver": 5,
        "version": 12
      },
      "peers": [
        {
          "id": 49,
          "store_id": 1
        },
        {
          "id": 50,
          "store_id": 4
        },
        {
          "id": 51,
          "store_id": 5
        }
      ],
      "leader": {
        "id": 50,
        "store_id": 4
      },
      "approximate_size": 6,
      "approximate_keys": 17878
    },
    {
      "id": 1057,
      "start_key": "7480000000000000FF2B5F728000000000FF109B8A0000000000FA",
      "end_key": "7480000000000000FF2B5F728000000000FF1117D20000000000FA",
      "epoch": {
        "conf_ver": 5,
        "version": 35
      },
      "peers": [
        {
          "id": 1058,
          "store_id": 1
        },
        {
          "id": 1059,
          "store_id": 4
        },
        {
          "id": 1060,
          "store_id": 5
        }
      ],
      "leader": {
        "id": 1060,
        "store_id": 5
      },
      "written_bytes": 2710,
      "written_keys": 12,
      "approximate_size": 48,
      "approximate_keys": 56067
    },
    {
      "id": 1073,
      "start_key": "7480000000000000FF2B5F728000000000FF13BE5C0000000000FA",
      "end_key": "7480000000000000FF2B5F728000000000FF1511A50000000000FA",
      "epoch": {
        "conf_ver": 5,
        "version": 37
      },
      "peers": [
        {
          "id": 1074,
          "store_id": 1
        },
        {
          "id": 1075,
          "store_id": 4
        },
        {
          "id": 1076,
          "store_id": 5
        }
      ],
      "leader": {
        "id": 1076,
        "store_id": 5
      },
      "approximate_size": 128,
      "approximate_keys": 161724
    },
    {
      "id": 2041,
      "start_key": "7480000000000000FF2D5F728000000000FF0B52000000000000FA",
      "end_key": "7480000000000000FF2D5F728000000000FF0BC5180000000000FA",
      "epoch": {
        "conf_ver": 5,
        "version": 54
      },
      "peers": [
        {
          "id": 2042,
          "store_id": 1
        },
        {
          "id": 2043,
          "store_id": 4
        },
        {
          "id": 2044,
          "store_id": 5
        }
      ],
      "leader": {
        "id": 2043,
        "store_id": 4
      },
      "written_bytes": 16212,
      "read_bytes": 1170,
      "written_keys": 72,
      "read_keys": 26,
      "approximate_size": 33,
      "approximate_keys": 20
    },
    {
      "id": 2065,
      "start_key": "7480000000000000FF2D5F728000000000FF1344110000000000FA",
      "end_key": "7480000000000000FF2D5F728000000000FF13B8B60000000000FA",
      "epoch": {
        "conf_ver": 5,
        "version": 60
      },
      "peers": [
        {
          "id": 2066,
          "store_id": 1
        },
        {
          "id": 2067,
          "store_id": 4
        },
        {
          "id": 2068,
          "store_id": 5
        }
      ],
      "leader": {
        "id": 2068,
        "store_id": 5
      },
      "written_bytes": 14837,
      "read_bytes": 900,
      "written_keys": 66,
      "read_keys": 20,
      "approximate_size": 35,
      "approximate_keys": 40961
    },
    {
      "id": 2113,
      "start_key": "7480000000000000FF2B5F728000000000FF0FC48D0000000000FA",
      "end_key": "7480000000000000FF2B5F728000000000FF109B8A0000000000FA",
      "epoch": {
        "conf_ver": 5,
        "version": 35
      },
      "peers": [
        {
          "id": 2114,
          "store_id": 1
        },
        {
          "id": 2115,
          "store_id": 4
        },
        {
          "id": 2116,
          "store_id": 5
        }
      ],
      "leader": {
        "id": 2115,
        "store_id": 4
      },
      "written_bytes": 9499,
      "read_bytes": 225,
      "written_keys": 42,
      "read_keys": 5,
      "approximate_size": 85,
      "approximate_keys": 93955
    },
    {
      "id": 1001,
      "start_key": "7480000000000000FF2900000000000000F8",
      "end_key": "7480000000000000FF2B00000000000000F8",
      "epoch": {
        "conf_ver": 5,
        "version": 21
      },
      "peers": [
        {
          "id": 1002,
          "store_id": 1
        },
        {
          "id": 1003,
          "store_id": 4
        },
        {
          "id": 1004,
          "store_id": 5
        }
      ],
      "leader": {
        "id": 1004,
        "store_id": 5
      },
      "written_bytes": 38,
      "written_keys": 1,
      "approximate_size": 1,
      "approximate_keys": 843897
    },
    {
      "id": 1013,
      "start_key": "7480000000000000FF2B5F728000000000FF0283DB0000000000FA",
      "end_key": "7480000000000000FF2B5F728000000000FF03D7200000000000FA",
      "epoch": {
        "conf_ver": 5,
        "version": 24
      },
      "peers": [
        {
          "id": 1014,
          "store_id": 1
        },
        {
          "id": 1015,
          "store_id": 4
        },
        {
          "id": 1016,
          "store_id": 5
        }
      ],
      "leader": {
        "id": 1016,
        "store_id": 5
      },
      "approximate_size": 119,
      "approximate_keys": 151028
    },
    {
      "id": 1025,
      "start_key": "7480000000000000FF2B5F728000000000FF067DAA0000000000FA",
      "end_key": "7480000000000000FF2B5F728000000000FF07D0EF0000000000FA",
      "epoch": {
        "conf_ver": 5,
        "version": 27
      },
      "peers": [
        {
          "id": 1026,
          "store_id": 1
        },
        {
          "id": 1027,
          "store_id": 4
        },
        {
          "id": 1028,
          "store_id": 5
        }
      ],
      "leader": {
        "id": 1028,
        "store_id": 5
      },
      "written_bytes": 2710,
      "read_bytes": 90,
      "written_keys": 12,
      "read_keys": 2,
      "approximate_size": 126,
      "approximate_keys": 122079
    },
    {
      "id": 3041,
      "start_key": "7480000000000000FF2B5F728000000000FF126B170000000000FA",
      "end_key": "7480000000000000FF2B5F728000000000FF1344E30000000000FA",
      "epoch": {
        "conf_ver": 5,
        "version": 37
      },
      "peers": [
        {
          "id": 3042,
          "store_id": 1
        },
        {
          "id": 3043,
          "store_id": 4
        },
        {
          "id": 3044,
          "store_id": 5
        }
      ],
      "leader": {
        "id": 3043,
        "store_id": 4
      },
      "written_bytes": 9473,
      "read_bytes": 315,
      "written_keys": 42,
      "read_keys": 7,
      "approximate_size": 94,
      "approximate_keys": 176041
    },
    {
      "id": 3029,
      "start_key": "7480000000000000FF2D5F728000000000FF1A59ED0000000000FA",
      "end_key": "7480000000000000FF2D5F728000000000FF1B399B0000000000FA",
      "epoch": {
        "conf_ver": 5,
        "version": 66
      },
      "peers": [
        {
          "id": 3030,
          "store_id": 1
        },
        {
          "id": 3031,
          "store_id": 4
        },
        {
          "id": 3032,
          "store_id": 5
        }
      ],
      "leader": {
        "id": 3030,
        "store_id": 1
      },
      "written_bytes": 22967,
      "read_bytes": 1305,
      "written_keys": 102,
      "read_keys": 29,
      "approximate_size": 72,
      "approximate_keys": 81920
    },
    {
      "id": 5005,
      "start_key": "7480000000000000FF2D5F728000000000FF091E8E0000000000FA",
      "end_key": "7480000000000000FF2D5F728000000000FF0A02000000000000FA",
      "epoch": {
        "conf_ver": 5,
        "version": 53
      },
      "peers": [
        {
          "id": 5006,
          "store_id": 1
        },
        {
          "id": 5007,
          "store_id": 4
        },
        {
          "id": 5008,
          "store_id": 5
        }
      ],
      "leader": {
        "id": 5007,
        "store_id": 4
      },
      "written_bytes": 22975,
      "read_bytes": 1710,
      "written_keys": 102,
      "read_keys": 38,
      "approximate_size": 79,
      "approximate_keys": 66921
    },
    {
      "id": 6001,
      "start_key": "7480000000000000FF2B5F728000000000FF0F26180000000000FA",
      "end_key": "7480000000000000FF2B5F728000000000FF0F73350000000000FA",
      "epoch": {
        "conf_ver": 5,
        "version": 41
      },
      "peers": [
        {
          "id": 6002,
          "store_id": 1
        },
        {
          "id": 6003,
          "store_id": 4
        },
        {
          "id": 6004,
          "store_id": 5
        }
      ],
      "leader": {
        "id": 6004,
        "store_id": 5
      },
      "written_bytes": 9485,
      "read_bytes": 405,
      "written_keys": 42,
      "read_keys": 9,
      "approximate_size": 57,
      "approximate_keys": 117071
    },
    {
      "id": 68,
      "start_key": "7480000000000000FF2100000000000000F8",
      "end_key": "7480000000000000FF2300000000000000F8",
      "epoch": {
        "conf_ver": 5,
        "version": 17
      },
      "peers": [
        {
          "id": 69,
          "store_id": 1
        },
        {
          "id": 70,
          "store_id": 4
        },
        {
          "id": 71,
          "store_id": 5
        }
      ],
      "leader": {
        "id": 71,
        "store_id": 5
      },
      "written_bytes": 38,
      "written_keys": 1,
      "approximate_size": 1,
      "approximate_keys": 843897
    },
    {
      "id": 1017,
      "start_key": "7480000000000000FF2B5F728000000000FF03D7200000000000FA",
      "end_key": "7480000000000000FF2B5F728000000000FF052A650000000000FA",
      "epoch": {
        "conf_ver": 5,
        "version": 25
      },
      "peers": [
        {
          "id": 1018,
          "store_id": 1
        },
        {
          "id": 1019,
          "store_id": 4
        },
        {
          "id": 1020,
          "store_id": 5
        }
      ],
      "leader": {
        "id": 1019,
        "store_id": 4
      },
      "written_bytes": 1355,
      "read_bytes": 45,
      "written_keys": 6,
      "read_keys": 1,
      "approximate_size": 118,
      "approximate_keys": 140789
    },
    {
      "id": 1081,
      "start_key": "7480000000000000FF2B5F728000000000FF1743970000000000FA",
      "end_key": "7480000000000000FF2B5F728000000000FF17B8F90000000000FA",
      "epoch": {
        "conf_ver": 5,
        "version": 40
      },
      "peers": [
        {
          "id": 1082,
          "store_id": 1
        },
        {
          "id": 1083,
          "store_id": 4
        },
        {
          "id": 1084,
          "store_id": 5
        }
      ],
      "leader": {
        "id": 1084,
        "store_id": 5
      },
      "written_bytes": 1390,
      "read_bytes": 45,
      "written_keys": 7,
      "read_keys": 1,
      "approximate_size": 42,
      "approximate_keys": 41631
    },
    {
      "id": 5009,
      "start_key": "7480000000000000FF2D5F728000000000FF13B8B60000000000FA",
      "end_key": "7480000000000000FF2D5F728000000000FF1490FD0000000000FA",
      "epoch": {
        "conf_ver": 5,
        "version": 61
      },
      "peers": [
        {
          "id": 5010,
          "store_id": 1
        },
        {
          "id": 5011,
          "store_id": 4
        },
        {
          "id": 5012,
          "store_id": 5
        }
      ],
      "leader": {
        "id": 5010,
        "store_id": 1
      },
      "written_bytes": 23023,
      "read_bytes": 1575,
      "written_keys": 102,
      "read_keys": 35,
      "approximate_size": 75,
      "approximate_keys": 105077
    },
    {
      "id": 1033,
      "start_key": "7480000000000000FF2B5F728000000000FF0924340000000000FA",
      "end_key": "7480000000000000FF2B5F728000000000FF0A77790000000000FA",
      "epoch": {
        "conf_ver": 5,
        "version": 29
      },
      "peers": [
        {
          "id": 1034,
          "store_id": 1
        },
        {
          "id": 1035,
          "store_id": 4
        },
        {
          "id": 1036,
          "store_id": 5
        }
      ],
      "leader": {
        "id": 1036,
        "store_id": 5
      },
      "written_bytes": 2710,
      "read_bytes": 135,
      "written_keys": 12,
      "read_keys": 3,
      "approximate_size": 134,
      "approximate_keys": 203007
    },
    {
      "id": 2093,
      "start_key": "7480000000000000FF2D5F728000000000FF1906A80000000000FA",
      "end_key": "7480000000000000FF2D5F728000000000FF1A59ED0000000000FA",
      "epoch": {
        "conf_ver": 5,
        "version": 64
      },
      "peers": [
        {
          "id": 2094,
          "store_id": 1
        },
        {
          "id": 2095,
          "store_id": 4
        },
        {
          "id": 2096,
          "store_id": 5
        }
      ],
      "leader": {
        "id": 2094,
        "store_id": 1
      },
      "written_bytes": 24371,
      "read_bytes": 1935,
      "written_keys": 107,
      "read_keys": 43,
      "approximate_size": 109,
      "approximate_keys": 95969
    },
    {
      "id": 5001,
      "start_key": "7480000000000000FF2B5F728000000000FF1665510000000000FA",
      "end_key": "7480000000000000FF2B5F728000000000FF1743970000000000FA",
      "epoch": {
        "conf_ver": 5,
        "version": 40
      },
      "peers": [
        {
          "id": 5002,
          "store_id": 1
        },
        {
          "id": 5003,
          "store_id": 4
        },
        {
          "id": 5004,
          "store_id": 5
        }
      ],
      "leader": {
        "id": 5003,
        "store_id": 4
      },
      "written_bytes": 1349,
      "read_bytes": 45,
      "written_keys": 6,
      "read_keys": 1,
      "approximate_size": 89,
      "approximate_keys": 155406
    },
    {
      "id": 2133,
      "start_key": "7480000000000000FF2D5F728000000000FF0D185D0000000000FA",
      "end_key": "7480000000000000FF2D5F728000000000FF0DFB1F0000000000FA",
      "epoch": {
        "conf_ver": 5,
        "version": 56
      },
      "peers": [
        {
          "id": 2134,
          "store_id": 1
        },
        {
          "id": 2135,
          "store_id": 4
        },
        {
          "id": 2136,
          "store_id": 5
        }
      ],
      "leader": {
        "id": 2134,
        "store_id": 1
      },
      "written_bytes": 58187,
      "read_bytes": 3015,
      "written_keys": 257,
      "read_keys": 67,
      "approximate_size": 87,
      "approximate_keys": 100181
    },
    {
      "id": 8005,
      "start_key": "7480000000000000FF2B5F728000000000FF0A77790000000000FA",
      "end_key": "7480000000000000FF2B5F728000000000FF0B573C0000000000FA",
      "epoch": {
        "conf_ver": 5,
        "version": 31
      },
      "peers": [
        {
          "id": 8006,
          "store_id": 1
        },
        {
          "id": 8007,
          "store_id": 4
        },
        {
          "id": 8008,
          "store_id": 5
        }
      ],
      "leader": {
        "id": 8007,
        "store_id": 4
      },
      "written_bytes": 1339,
      "read_bytes": 45,
      "written_keys": 6,
      "read_keys": 1,
      "approximate_size": 93,
      "approximate_keys": 117025
    },
    {
      "id": 36,
      "start_key": "7480000000000000FF1100000000000000F8",
      "end_key": "7480000000000000FF1300000000000000F8",
      "epoch": {
        "conf_ver": 5,
        "version": 9
      },
      "peers": [
        {
          "id": 37,
          "store_id": 1
        },
        {
          "id": 38,
          "store_id": 4
        },
        {
          "id": 39,
          "store_id": 5
        }
      ],
      "leader": {
        "id": 39,
        "store_id": 5
      },
      "written_bytes": 76,
      "written_keys": 2,
      "approximate_size": 1,
      "approximate_keys": 843897
    },
    {
      "id": 2029,
      "start_key": "7480000000000000FF2D5F728000000000FF07CB490000000000FA",
      "end_key": "7480000000000000FF2D5F728000000000FF091E8E0000000000FA",
      "epoch": {
        "conf_ver": 5,
        "version": 51
      },
      "peers": [
        {
          "id": 2030,
          "store_id": 1
        },
        {
          "id": 2031,
          "store_id": 4
        },
        {
          "id": 2032,
          "store_id": 5
        }
      ],
      "leader": {
        "id": 2031,
        "store_id": 4
      },
      "written_bytes": 46112,
      "read_bytes": 2295,
      "written_keys": 205,
      "read_keys": 51,
      "approximate_size": 120,
      "approximate_keys": 89317
    },
    {
      "id": 2069,
      "start_key": "7480000000000000FF2D5F698000000000FF0000010175736572FF36313438FF303433FF3239363037FF3532FF333137393300FE00FE",
      "end_key": "7480000000000000FF2D5F698000000000FF0000010175736572FF38313635FF383933FF3432333932FF3434FF393636303700FE00FE",
      "epoch": {
        "conf_ver": 5,
        "version": 48
      },
      "peers": [
        {
          "id": 2070,
          "store_id": 1
        },
        {
          "id": 2071,
          "store_id": 4
        },
        {
          "id": 2072,
          "store_id": 5
        }
      ],
      "leader": {
        "id": 2070,
        "store_id": 1
      },
      "read_bytes": 21320,
      "read_keys": 260,
      "approximate_size": 40,
      "approximate_keys": 507331
    },
    {
      "id": 28,
      "start_key": "7480000000000000FF0D00000000000000F8",
      "end_key": "7480000000000000FF0F00000000000000F8",
      "epoch": {
        "conf_ver": 5,
        "version": 7
      },
      "peers": [
        {
          "id": 29,
          "store_id": 1
        },
        {
          "id": 30,
          "store_id": 4
        },
        {
          "id": 31,
          "store_id": 5
        }
      ],
      "leader": {
        "id": 31,
        "store_id": 5
      },
      "written_bytes": 26,
      "read_bytes": 17428,
      "written_keys": 1,
      "read_keys": 198,
      "approximate_size": 1,
      "approximate_keys": 1664108
    },
    {
      "id": 1093,
      "start_key": "7480000000000000FF2B5F728000000000FF190C4E0000000000FA",
      "end_key": "7480000000000000FF2B5F728000000000FF1A5F930000000000FA",
      "epoch": {
        "conf_ver": 5,
        "version": 41
      },
      "peers": [
        {
          "id": 1094,
          "store_id": 1
        },
        {
          "id": 1095,
          "store_id": 4
        },
        {
          "id": 1096,
          "store_id": 5
        }
      ],
      "leader": {
        "id": 1095,
        "store_id": 4
      },
      "written_bytes": 2698,
      "read_bytes": 90,
      "written_keys": 12,
      "read_keys": 2,
      "approximate_size": 118,
      "approximate_keys": 179409
    },
    {
      "id": 1009,
      "start_key": "7480000000000000FF2B5F728000000000FF0130960000000000FA",
      "end_key": "7480000000000000FF2B5F728000000000FF0283DB0000000000FA",
      "epoch": {
        "conf_ver": 5,
        "version": 23
      },
      "peers": [
        {
          "id": 1010,
          "store_id": 1
        },
        {
          "id": 1011,
          "store_id": 4
        },
        {
          "id": 1012,
          "store_id": 5
        }
      ],
      "leader": {
        "id": 1012,
        "store_id": 5
      },
      "written_bytes": 2698,
      "read_bytes": 180,
      "written_keys": 12,
      "read_keys": 4,
      "approximate_size": 122,
      "approximate_keys": 113708
    },
    {
      "id": 1053,
      "start_key": "7480000000000000FF2B5F728000000000FF0F73350000000000FA",
      "end_key": "7480000000000000FF2B5F728000000000FF0FC48D0000000000FA",
      "epoch": {
        "conf_ver": 5,
        "version": 38
      },
      "peers": [
        {
          "id": 1054,
          "store_id": 1
        },
        {
          "id": 1055,
          "store_id": 4
        },
        {
          "id": 1056,
          "store_id": 5
        }
      ],
      "leader": {
        "id": 1056,
        "store_id": 5
      },
      "written_bytes": 2698,
      "read_bytes": 90,
      "written_keys": 12,
      "read_keys": 2,
      "approximate_size": 39,
      "approximate_keys": 85234
    },
    {
      "id": 2013,
      "start_key": "7480000000000000FF2D5F728000000000FF027E350000000000FA",
      "end_key": "7480000000000000FF2D5F728000000000FF03D17A0000000000FA",
      "epoch": {
        "conf_ver": 5,
        "version": 47
      },
      "peers": [
        {
          "id": 2014,
          "store_id": 1
        },
        {
          "id": 2015,
          "store_id": 4
        },
        {
          "id": 2016,
          "store_id": 5
        }
      ],
      "leader": {
        "id": 2014,
        "store_id": 1
      },
      "written_bytes": 23029,
      "read_bytes": 1935,
      "written_keys": 103,
      "read_keys": 43,
      "approximate_size": 115,
      "approximate_keys": 100537
    },
    {
      "id": 2037,
      "start_key": "7480000000000000FF2D5F698000000000FF0000010175736572FF38313635FF383933FF3432333932FF3434FF393636303700FE00FE",
      "end_key": "7480000000000000FF2D5F728000000000FF007A6A0000000000FA",
      "epoch": {
        "conf_ver": 5,
        "version": 47
      },
      "peers": [
        {
          "id": 2038,
          "store_id": 1
        },
        {
          "id": 2039,
          "store_id": 4
        },
        {
          "id": 2040,
          "store_id": 5
        }
      ],
      "leader": {
        "id": 2040,
        "store_id": 5
      },
      "written_bytes": 12195,
      "read_bytes": 8891,
      "written_keys": 54,
      "read_keys": 117,
      "approximate_size": 51,
      "approximate_keys": 233322
    },
    {
      "id": 2057,
      "start_key": "7480000000000000FF2D5F728000000000FF1092C90000000000FA",
      "end_key": "7480000000000000FF2D5F728000000000FF11122C0000000000FA",
      "epoch": {
        "conf_ver": 5,
        "version": 58
      },
      "peers": [
        {
          "id": 2058,
          "store_id": 1
        },
        {
          "id": 2059,
          "store_id": 4
        },
        {
          "id": 2060,
          "store_id": 5
        }
      ],
      "leader": {
        "id": 2058,
        "store_id": 1
      },
      "written_bytes": 24378,
      "read_bytes": 1665,
      "written_keys": 108,
      "read_keys": 37,
      "approximate_size": 46,
      "approximate_keys": 74439
    },
    {
      "id": 16,
      "start_key": "7480000000000000FF0700000000000000F8",
      "end_key": "7480000000000000FF0900000000000000F8",
      "epoch": {
        "conf_ver": 5,
        "version": 4
      },
      "peers": [
        {
          "id": 17,
          "store_id": 1
        },
        {
          "id": 18,
          "store_id": 4
        },
        {
          "id": 19,
          "store_id": 5
        }
      ],
      "leader": {
        "id": 19,
        "store_id": 5
      },
      "written_bytes": 38,
      "written_keys": 1,
      "approximate_size": 1,
      "approximate_keys": 843897
    },
    {
      "id": 56,
      "start_key": "7480000000000000FF1B00000000000000F8",
      "end_key": "7480000000000000FF1D00000000000000F8",
      "epoch": {
        "conf_ver": 5,
        "version": 14
      },
      "peers": [
        {
          "id": 57,
          "store_id": 1
        },
        {
          "id": 58,
          "store_id": 4
        },
        {
          "id": 59,
          "store_id": 5
        }
      ],
      "leader": {
        "id": 58,
        "store_id": 4
      },
      "approximate_size": 1,
      "approximate_keys": 1666627
    },
    {
      "id": 1005,
      "start_key": "7480000000000000FF2B5F728000000000FF00799F0000000000FA",
      "end_key": "7480000000000000FF2B5F728000000000FF0130960000000000FA",
      "epoch": {
        "conf_ver": 5,
        "version": 23
      },
      "peers": [
        {
          "id": 1006,
          "store_id": 1
        },
        {
          "id": 1007,
          "store_id": 4
        },
        {
          "id": 1008,
          "store_id": 5
        }
      ],
      "leader": {
        "id": 1008,
        "store_id": 5
      },
      "approximate_size": 61,
      "approximate_keys": 89533
    },
    {
      "id": 3005,
      "start_key": "7480000000000000FF2D5F728000000000FF1265710000000000FA",
      "end_key": "7480000000000000FF2D5F728000000000FF1344110000000000FA",
      "epoch": {
        "conf_ver": 5,
        "version": 60
      },
      "peers": [
        {
          "id": 3006,
          "store_id": 1
        },
        {
          "id": 3007,
          "store_id": 4
        },
        {
          "id": 3008,
          "store_id": 5
        }
      ],
      "leader": {
        "id": 3006,
        "store_id": 1
      },
      "written_bytes": 42065,
      "read_bytes": 2430,
      "written_keys": 188,
      "read_keys": 54,
      "approximate_size": 75,
      "approximate_keys": 40960
    }
  ]
}
